Reading data...

Processing policy areas...

Processing policy area: Government Operations and Politics
Number of documents: 362
Embedding documents...

Processing level 1 with 19 clusters...

Processing level 2 with 9 clusters...

Processing level 3 with 6 clusters...

Processing policy area: Taxation
Number of documents: 120
Embedding documents...

Processing level 1 with 10 clusters...

Processing level 2 with 5 clusters...

Processing level 3 with 3 clusters...

Processing policy area: Crime and Law Enforcement
Number of documents: 156
Embedding documents...

Processing level 1 with 12 clusters...

Processing level 2 with 6 clusters...

Processing level 3 with 4 clusters...

Processing policy area: Law
Number of documents: 5
Warning: Small dataset (5 documents). Adjusting parameters.
Processing small dataset with simplified approach...

Processing policy area: Emergency Management
Number of documents: 419
Embedding documents...

Processing level 1 with 20 clusters...

Processing level 2 with 10 clusters...

Processing level 3 with 6 clusters...

Processing policy area: Commerce
Number of documents: 51
Embedding documents...

Processing level 1 with 7 clusters...

Processing level 2 with 3 clusters...

Processing level 3 with 2 clusters...

Processing policy area: Energy
Number of documents: 1262
Embedding documents...

Processing level 1 with 35 clusters...

Processing level 2 with 17 clusters...

Processing level 3 with 11 clusters...

Processing policy area: Science, Technology, Communications
Number of documents: 60
Embedding documents...

Processing level 1 with 7 clusters...

Processing level 2 with 3 clusters...

Processing level 3 with 2 clusters...

Processing policy area: Finance and Financial Sector
Number of documents: 72
Embedding documents...

Processing level 1 with 8 clusters...

Processing level 2 with 4 clusters...

Processing level 3 with 2 clusters...

Processing policy area: Armed Forces and National Security
Number of documents: 755
Embedding documents...

Processing level 1 with 27 clusters...

Processing level 2 with 13 clusters...

Processing level 3 with 9 clusters...

Processing policy area: Education
Number of documents: 476
Embedding documents...

Processing level 1 with 21 clusters...

Processing level 2 with 10 clusters...

Processing level 3 with 7 clusters...

Processing policy area: Health
Number of documents: 162
Embedding documents...

Processing level 1 with 12 clusters...

Processing level 2 with 6 clusters...

Processing level 3 with 4 clusters...

Processing policy area: Social Welfare
Number of documents: 2

Processing policy area: Public Lands and Natural Resources
Number of documents: 36
Embedding documents...

Processing level 1 with 6 clusters...

Processing level 2 with 3 clusters...

Processing level 3 with 2 clusters...

Processing policy area: Native Americans
Number of documents: 47
Embedding documents...

Processing level 1 with 6 clusters...

Processing level 2 with 3 clusters...

Processing level 3 with 2 clusters...

Processing policy area: Transportation and Public Works
Number of documents: 40
Embedding documents...

Processing level 1 with 6 clusters...

Processing level 2 with 3 clusters...

Processing level 3 with 2 clusters...

Processing policy area: Agriculture and Food
Number of documents: 395
Embedding documents...

Processing level 1 with 19 clusters...

Processing level 2 with 9 clusters...

Processing level 3 with 6 clusters...

Processing policy area: Foreign Trade and International Finance
Number of documents: 27
Embedding documents...

Processing level 1 with 5 clusters...

Processing level 2 with 2 clusters...

Processing level 3 with 2 clusters...

Processing policy area: Labor and Employment
Number of documents: 77
Embedding documents...

Processing level 1 with 8 clusters...

Processing level 2 with 4 clusters...

Processing level 3 with 2 clusters...

Processing policy area: International Affairs
Number of documents: 523
Embedding documents...

Processing level 1 with 22 clusters...

Processing level 2 with 11 clusters...

Processing level 3 with 7 clusters...

Processing policy area: Economics and Public Finance
Number of documents: 1572
Embedding documents...

Processing level 1 with 39 clusters...

Processing level 2 with 19 clusters...

Processing level 3 with 13 clusters...

Processing policy area: Environmental Protection
Number of documents: 91
Embedding documents...

Processing level 1 with 9 clusters...

Processing level 2 with 4 clusters...

Processing level 3 with 3 clusters...

Processing policy area: Immigration
Number of documents: 125
Embedding documents...

Processing level 1 with 11 clusters...

Processing level 2 with 5 clusters...

Processing level 3 with 3 clusters...

Processing policy area: Civil Rights and Liberties, Minority Issues
Number of documents: 1

Processing policy area: Housing and Community Development
Number of documents: 2

Saving policy area results...

Processing global hierarchy...
Embedding documents...

Processing level 1 with 104 clusters...

Processing level 2 with 52 clusters...

Processing level 3 with 34 clusters...

Processing level 4 with 26 clusters...

Saving global results...
BERTopic analysis complete!
