Starting to fetch bill metadata...

Saving progress at iteration 700...
Progress saved.

Saving progress at iteration 800...
Progress saved.

Saving progress at iteration 900...
Progress saved.

Saving progress at iteration 1000...
Progress saved.

Saving progress at iteration 1100...
Progress saved.

Saving progress at iteration 1200...
Progress saved.

Saving progress at iteration 1300...
Progress saved.

Saving progress at iteration 1400...
Progress saved.

Saving progress at iteration 1500...
Progress saved.

Saving progress at iteration 1600...
Progress saved.

Saving progress at iteration 1700...
Progress saved.

Saving progress at iteration 1800...
Progress saved.

Saving progress at iteration 1900...
Progress saved.

Saving progress at iteration 2000...
Progress saved.

Saving progress at iteration 2100...
Progress saved.

Saving progress at iteration 2200...
Progress saved.

Saving progress at iteration 2300...
Progress saved.

Saving progress at iteration 2400...
Progress saved.

Saving progress at iteration 2500...
Progress saved.

Saving progress at iteration 2600...
Progress saved.

Saving progress at iteration 2700...
Progress saved.

Saving progress at iteration 2800...
Progress saved.

Saving progress at iteration 2900...
Progress saved.

Saving progress at iteration 3000...
Progress saved.

Saving progress at iteration 3100...
Progress saved.

Saving progress at iteration 3200...
Progress saved.

Saving progress at iteration 3300...
Progress saved.

Saving progress at iteration 3400...
Progress saved.

Saving progress at iteration 3500...
Progress saved.

Saving progress at iteration 3600...
Progress saved.

Saving progress at iteration 3700...
Progress saved.

Saving progress at iteration 3800...
Progress saved.

Saving progress at iteration 3900...
Progress saved.

Saving progress at iteration 4000...
Progress saved.

Saving progress at iteration 4100...
Progress saved.

Saving progress at iteration 4200...
Progress saved.

Saving progress at iteration 4300...
Progress saved.

Saving progress at iteration 4400...
Progress saved.

Saving progress at iteration 4500...
Progress saved.

Saving progress at iteration 4600...
Progress saved.

Saving progress at iteration 4700...
Progress saved.

Saving progress at iteration 4800...
Progress saved.

Saving progress at iteration 4900...
Progress saved.

Saving progress at iteration 5000...
Progress saved.

Saving progress at iteration 5100...
Progress saved.

Saving progress at iteration 5200...
Progress saved.

Saving progress at iteration 5300...
Progress saved.

Saving progress at iteration 5400...
Progress saved.

Saving progress at iteration 5500...
Progress saved.

Saving progress at iteration 5600...
Progress saved.

Saving progress at iteration 5700...
Progress saved.

Saving progress at iteration 5800...
Progress saved.

Saving progress at iteration 5900...
Progress saved.

Saving progress at iteration 6000...
Progress saved.

Saving progress at iteration 6100...
Progress saved.

Saving progress at iteration 6200...
Progress saved.

Saving progress at iteration 6300...
Progress saved.

Saving progress at iteration 6400...
Progress saved.

Saving progress at iteration 6500...
Progress saved.

Saving progress at iteration 6600...
Progress saved.

Saving progress at iteration 6700...
Progress saved.

Saving progress at iteration 6800...
Progress saved.

Saving progress at iteration 6900...
Progress saved.

Saving progress at iteration 7000...
Progress saved.

Saving progress at iteration 7100...
Progress saved.

Saving progress at iteration 7200...
Progress saved.

Saving progress at iteration 7300...
Progress saved.

Saving progress at iteration 7400...
Progress saved.

Saving progress at iteration 7500...
Progress saved.

Saving progress at iteration 7600...
Progress saved.

Saving progress at iteration 7700...
Progress saved.

Saving progress at iteration 7800...
Progress saved.

Saving progress at iteration 7900...
Progress saved.

Saving progress at iteration 8000...
Progress saved.

Saving progress at iteration 8100...
Progress saved.

Saving progress at iteration 8200...
Progress saved.

Saving progress at iteration 8300...
Progress saved.

Saving progress at iteration 8400...
Progress saved.

Saving progress at iteration 8500...
Progress saved.

Saving progress at iteration 8600...
Progress saved.

Saving progress at iteration 8700...
Progress saved.

Saving progress at iteration 8800...
Progress saved.

Saving progress at iteration 8900...
Progress saved.

Saving progress at iteration 9000...
Progress saved.

Saving progress at iteration 9100...
Progress saved.

Saving progress at iteration 9200...
Progress saved.

Saving progress at iteration 9300...
Progress saved.

Saving progress at iteration 9400...
Progress saved.

Saving progress at iteration 9500...
Progress saved.

Saving progress at iteration 9600...
Progress saved.

Saving progress at iteration 9700...
Progress saved.

Saving progress at iteration 9800...
Progress saved.

Saving progress at iteration 9900...
Progress saved.

Saving progress at iteration 10000...
Progress saved.

Saving progress at iteration 10100...
Progress saved.

Saving progress at iteration 10200...
Progress saved.

Saving progress at iteration 10300...
Progress saved.

Saving progress at iteration 10400...
Progress saved.

Saving progress at iteration 10500...
Progress saved.

Saving progress at iteration 10600...
Progress saved.

Saving progress at iteration 10700...
Progress saved.

Saving progress at iteration 10800...
Progress saved.

Saving progress at iteration 10900...
Progress saved.

Saving progress at iteration 11000...
Progress saved.

Saving progress at iteration 11100...
Progress saved.

Saving progress at iteration 11200...
Progress saved.

Saving progress at iteration 11300...
Progress saved.

Saving progress at iteration 11400...
Progress saved.

Saving progress at iteration 11500...
Progress saved.

Saving progress at iteration 11600...
Progress saved.

Saving progress at iteration 11700...
Progress saved.

Saving progress at iteration 11800...
Progress saved.

Saving progress at iteration 11900...
Progress saved.

Saving progress at iteration 12000...
Progress saved.

Saving progress at iteration 12100...
Progress saved.

Saving progress at iteration 12200...
Progress saved.

Saving progress at iteration 12300...
Progress saved.

Saving progress at iteration 12400...
Progress saved.

Saving progress at iteration 12500...
Progress saved.

Saving progress at iteration 12600...
Progress saved.

Saving progress at iteration 12700...
Progress saved.

Saving progress at iteration 12800...
Progress saved.

Saving progress at iteration 12900...
Progress saved.

Saving progress at iteration 13000...
Progress saved.

Saving progress at iteration 13100...
Progress saved.

Saving progress at iteration 13200...
Progress saved.

Saving progress at iteration 13300...
Progress saved.

Saving progress at iteration 13400...
Progress saved.

Saving progress at iteration 13500...
Progress saved.

Saving progress at iteration 13600...
Progress saved.

Saving progress at iteration 13700...
Progress saved.

Saving progress at iteration 13800...
Progress saved.

Saving progress at iteration 13900...
Progress saved.

Saving progress at iteration 14000...
Progress saved.

Saving progress at iteration 14100...
Progress saved.

Saving progress at iteration 14200...
Progress saved.

Saving progress at iteration 14300...
Progress saved.

Saving progress at iteration 14400...
Progress saved.

Saving progress at iteration 14500...
Progress saved.

Saving progress at iteration 14600...
Progress saved.

Saving progress at iteration 14700...
Progress saved.

Saving progress at iteration 15900...
Progress saved.

Saving progress at iteration 16000...
Progress saved.

Saving final results...
Done!
