Saved predictions to step_1.csv

Processing parent topic: Immigration
Total subtopics: 22
Clusters (excluding noise): 0, Noise points: 22
DBCV Score: 0.000
Weighted DBCV Score: 0.000
Documents processed: 22

Processing parent topic: Crime and Law Enforcement
Total subtopics: 50
Clusters (excluding noise): 0, Noise points: 50
DBCV Score: 0.000
Weighted DBCV Score: 0.000
Documents processed: 50

Processing parent topic: Congress
Total subtopics: 21
Clusters (excluding noise): 0, Noise points: 21
DBCV Score: 0.000
Weighted DBCV Score: 0.000
Documents processed: 21

Processing parent topic: Armed Forces and National Security
Total subtopics: 99
Clusters (excluding noise): 0, Noise points: 99
DBCV Score: 0.000
Weighted DBCV Score: 0.000
Documents processed: 99

Processing parent topic: Economics and Public Finance
Total subtopics: 167
Clusters (excluding noise): 0, Noise points: 167
DBCV Score: 0.000
Weighted DBCV Score: 0.000
Documents processed: 167

Processing parent topic: Government Operations and Politics
Total subtopics: 183
Clusters (excluding noise): 3, Noise points: 55
DBCV Score: 0.381
Weighted DBCV Score: 48.734
UMAP visualization saved for Government Operations and Politics
Documents processed: 183

Processing parent topic: Education
Total subtopics: 4
Too few subtopics, skipping...
Documents processed: 4

Processing parent topic: Commerce
Total subtopics: 29
Clusters (excluding noise): 0, Noise points: 29
DBCV Score: 0.000
Weighted DBCV Score: 48.734
Documents processed: 29

Processing parent topic: Civil Rights and Liberties, Minority Issues
Total subtopics: 53
Clusters (excluding noise): 0, Noise points: 53
DBCV Score: 0.000
Weighted DBCV Score: 48.734
Documents processed: 53

Processing parent topic: Labor and Employment
Total subtopics: 6
Too few subtopics, skipping...
Documents processed: 6

Processing parent topic: Law
Total subtopics: 7
Clusters (excluding noise): 0, Noise points: 7
DBCV Score: 0.000
Weighted DBCV Score: 48.734
Documents processed: 7

Processing parent topic: Science, Technology, Communications
Total subtopics: 211
Clusters (excluding noise): 0, Noise points: 211
DBCV Score: 0.000
Weighted DBCV Score: 48.734
Documents processed: 211

Processing parent topic: Water Resources Development
Total subtopics: 29
Clusters (excluding noise): 0, Noise points: 29
DBCV Score: 0.000
Weighted DBCV Score: 48.734
Documents processed: 29

Processing parent topic: Transportation and Public Works
Total subtopics: 69
Clusters (excluding noise): 0, Noise points: 69
DBCV Score: 0.000
Weighted DBCV Score: 48.734
Documents processed: 69

Processing parent topic: Native Americans
Total subtopics: 7
Clusters (excluding noise): 0, Noise points: 7
DBCV Score: 0.000
Weighted DBCV Score: 48.734
Documents processed: 7

Processing parent topic: Sports and Recreation
Total subtopics: 1
Too few subtopics, skipping...
Documents processed: 1

Processing parent topic: Health
Total subtopics: 42
Clusters (excluding noise): 0, Noise points: 42
DBCV Score: 0.000
Weighted DBCV Score: 48.734
Documents processed: 42

Processing parent topic: Taxation
Total subtopics: 6
Too few subtopics, skipping...
Documents processed: 6

Processing parent topic: Agriculture and Food
Total subtopics: 5
Too few subtopics, skipping...
Documents processed: 5

Processing parent topic: Emergency Management
Total subtopics: 8
Clusters (excluding noise): 0, Noise points: 8
DBCV Score: 0.000
Weighted DBCV Score: 48.734
Documents processed: 8

Processing parent topic: Energy
Total subtopics: 2
Too few subtopics, skipping...
Documents processed: 2

Processing parent topic: Social Welfare
Total subtopics: 2
Too few subtopics, skipping...
Documents processed: 2

Processing parent topic: International Affairs
Total subtopics: 12
Clusters (excluding noise): 0, Noise points: 12
DBCV Score: 0.000
Weighted DBCV Score: 48.734
Documents processed: 12

Processing parent topic: Public Lands and Natural Resources
Total subtopics: 5
Too few subtopics, skipping...
Documents processed: 5

Processing parent topic: Environmental Protection
Total subtopics: 8
Clusters (excluding noise): 0, Noise points: 8
DBCV Score: 0.000
Weighted DBCV Score: 48.734
Documents processed: 8

Processing parent topic: Foreign Trade and International Finance
Total subtopics: 7
Clusters (excluding noise): 0, Noise points: 7
DBCV Score: 0.000
Weighted DBCV Score: 48.734
Documents processed: 7

Processing parent topic: Finance and Financial Sector
Total subtopics: 3
Too few subtopics, skipping...
Documents processed: 3

Processing parent topic: Animals
Total subtopics: 3
Too few subtopics, skipping...
Documents processed: 3

Taxonomy saved to step_2.csv with weighted DBCV score: 48.734
Total doc count processed: 1061. Original doc count: 1061
Processed 1061 documents.
Saved predictions to step_3.csv

Processing parent topic: DREAM Act and Immigration Reform
Total subtopics: 22
Clusters (excluding noise): 0, Noise points: 22
DBCV Score: 0.000
Weighted DBCV Score: 0.000
Doc count: 22

Processing parent topic: Gun Violence Prevention Measures
Total subtopics: 50
Clusters (excluding noise): 2, Noise points: 6
DBCV Score: 0.634
Weighted DBCV Score: 27.893
UMAP visualization saved for Gun Violence Prevention Measures
Doc count: 50

Processing parent topic: Legislative Accountability and Transparency
Total subtopics: 21
Clusters (excluding noise): 0, Noise points: 21
DBCV Score: 0.000
Weighted DBCV Score: 27.893
Doc count: 21

Processing parent topic: Veterans' Healthcare Access Reform
Total subtopics: 99
Clusters (excluding noise): 3, Noise points: 0
DBCV Score: 0.929
Weighted DBCV Score: 119.835
UMAP visualization saved for Veterans' Healthcare Access Reform
Doc count: 99

Processing parent topic: Pandemic Economic Aid Controversies
Total subtopics: 167
Clusters (excluding noise): 4, Noise points: 0
DBCV Score: 0.767
Weighted DBCV Score: 247.914
UMAP visualization saved for Pandemic Economic Aid Controversies
Doc count: 167

Processing parent topic: Campaign Finance Transparency
Total subtopics: 51
Clusters (excluding noise): 2, Noise points: 2
DBCV Score: 0.656
Weighted DBCV Score: 280.061
UMAP visualization saved for Campaign Finance Transparency
Doc count: 51

Processing parent topic: Voting Rights Controversy
Total subtopics: 31
Clusters (excluding noise): 2, Noise points: 0
DBCV Score: 0.339
Weighted DBCV Score: 290.584
UMAP visualization saved for Voting Rights Controversy
Doc count: 31

Processing parent topic: Misc.
Total subtopics: 55
Too few subtopics or Misc. subtopics, skipping...

Processing parent topic: Foreign Policy Accountability
Total subtopics: 46
Clusters (excluding noise): 2, Noise points: 0
DBCV Score: 0.689
Weighted DBCV Score: 322.259
UMAP visualization saved for Foreign Policy Accountability
Doc count: 46

Processing parent topic: Misc.
Total subtopics: 4
Too few subtopics or Misc. subtopics, skipping...

Processing parent topic: Small Business Funding Controversies
Total subtopics: 29
Clusters (excluding noise): 0, Noise points: 29
DBCV Score: 0.000
Weighted DBCV Score: 322.259
Doc count: 29

Processing parent topic: Marriage Equality Rights
Total subtopics: 53
Clusters (excluding noise): 2, Noise points: 0
DBCV Score: 0.863
Weighted DBCV Score: 368.008
UMAP visualization saved for Marriage Equality Rights
Doc count: 53

Processing parent topic: Misc.
Total subtopics: 6
Too few subtopics or Misc. subtopics, skipping...

Processing parent topic: Legislative Accountability and Ethics
Total subtopics: 7
Too few subtopics or Misc. subtopics, skipping...

Processing parent topic: Intellectual Property Protection Reform
Total subtopics: 211
Clusters (excluding noise): 13, Noise points: 26
DBCV Score: 0.623
Weighted DBCV Score: 483.184
UMAP visualization saved for Intellectual Property Protection Reform
Doc count: 211

Processing parent topic: Clean Water Infrastructure Investment
Total subtopics: 29
Clusters (excluding noise): 2, Noise points: 0
DBCV Score: 0.716
Weighted DBCV Score: 503.945
UMAP visualization saved for Clean Water Infrastructure Investment
Doc count: 29

Processing parent topic: Infrastructure Funding Controversies
Total subtopics: 69
Clusters (excluding noise): 2, Noise points: 0
DBCV Score: 0.962
Weighted DBCV Score: 570.332
UMAP visualization saved for Infrastructure Funding Controversies
Doc count: 69

Processing parent topic: Protecting Tribal Land Rights
Total subtopics: 7
Too few subtopics or Misc. subtopics, skipping...

Processing parent topic: Misc.
Total subtopics: 1
Too few subtopics or Misc. subtopics, skipping...

Processing parent topic: Healthcare Access and Equity
Total subtopics: 42
Clusters (excluding noise): 2, Noise points: 0
DBCV Score: 0.807
Weighted DBCV Score: 604.227
UMAP visualization saved for Healthcare Access and Equity
Doc count: 42

Processing parent topic: Misc.
Total subtopics: 6
Too few subtopics or Misc. subtopics, skipping...

Processing parent topic: Misc.
Total subtopics: 5
Too few subtopics or Misc. subtopics, skipping...

Processing parent topic: FEMA Funding Accountability
Total subtopics: 8
Too few subtopics or Misc. subtopics, skipping...

Processing parent topic: Misc.
Total subtopics: 2
Too few subtopics or Misc. subtopics, skipping...

Processing parent topic: Misc.
Total subtopics: 2
Too few subtopics or Misc. subtopics, skipping...

Processing parent topic: Defending National Sovereignty
Total subtopics: 12
Clusters (excluding noise): 0, Noise points: 12
DBCV Score: 0.000
Weighted DBCV Score: 604.227
Doc count: 12

Processing parent topic: Misc.
Total subtopics: 5
Too few subtopics or Misc. subtopics, skipping...

Processing parent topic: Strengthening Recycling Initiatives
Total subtopics: 8
Too few subtopics or Misc. subtopics, skipping...

Processing parent topic: Revising Foreign Trade Agreements
Total subtopics: 7
Too few subtopics or Misc. subtopics, skipping...

Processing parent topic: Misc.
Total subtopics: 3
Too few subtopics or Misc. subtopics, skipping...

Processing parent topic: Misc.
Total subtopics: 3
Too few subtopics or Misc. subtopics, skipping...
Total doc count processed: 1061. Original doc count: 1061

Taxonomy saved to step_4.csv with weighted DBCV score: 604.227
Merged dataset saved successfully with 'target' column added!
