Using device: cuda

=== Running experiment for learning rate = 0.01 with model linear ===
Encoding training data...
Encoding dev data...

Epoch 1/100
Epoch 1 - Train Loss: 1.0107, Train Accuracy: 0.5425
Epoch 1 - Dev Loss: 1.3371, Dev Accuracy: 0.4229, Dev F1: 0.3325
Dev loss improved; saving best model.

Epoch 2/100
Epoch 2 - Train Loss: 0.9771, Train Accuracy: 0.5648
Epoch 2 - Dev Loss: 1.2398, Dev Accuracy: 0.4539, Dev F1: 0.3709
Dev loss improved; saving best model.

Epoch 3/100
Epoch 3 - Train Loss: 0.9553, Train Accuracy: 0.5778
Epoch 3 - Dev Loss: 1.1691, Dev Accuracy: 0.4389, Dev F1: 0.4006
Dev loss improved; saving best model.

Epoch 4/100
Epoch 4 - Train Loss: 0.9402, Train Accuracy: 0.5853
Epoch 4 - Dev Loss: 1.4002, Dev Accuracy: 0.4350, Dev F1: 0.3461
No improvement on dev loss. Patience: 1/10

Epoch 5/100
Epoch 5 - Train Loss: 0.9287, Train Accuracy: 0.5906
Epoch 5 - Dev Loss: 1.6732, Dev Accuracy: 0.4365, Dev F1: 0.3472
No improvement on dev loss. Patience: 2/10

Epoch 6/100
Epoch 6 - Train Loss: 0.9189, Train Accuracy: 0.5952
Epoch 6 - Dev Loss: 1.3352, Dev Accuracy: 0.4467, Dev F1: 0.3651
No improvement on dev loss. Patience: 3/10

Epoch 7/100
Epoch 7 - Train Loss: 0.9117, Train Accuracy: 0.5982
Epoch 7 - Dev Loss: 1.1698, Dev Accuracy: 0.4423, Dev F1: 0.4091
No improvement on dev loss. Patience: 4/10

Epoch 8/100
Epoch 8 - Train Loss: 0.9049, Train Accuracy: 0.6015
Epoch 8 - Dev Loss: 1.1830, Dev Accuracy: 0.4379, Dev F1: 0.4020
No improvement on dev loss. Patience: 5/10

Epoch 9/100
Epoch 9 - Train Loss: 0.9001, Train Accuracy: 0.6043
Epoch 9 - Dev Loss: 1.2958, Dev Accuracy: 0.4239, Dev F1: 0.3517
No improvement on dev loss. Patience: 6/10

Epoch 10/100
Epoch 10 - Train Loss: 0.8945, Train Accuracy: 0.6070
Epoch 10 - Dev Loss: 1.2958, Dev Accuracy: 0.4360, Dev F1: 0.3663
No improvement on dev loss. Patience: 7/10

Epoch 11/100
Epoch 11 - Train Loss: 0.8904, Train Accuracy: 0.6088
Epoch 11 - Dev Loss: 1.2634, Dev Accuracy: 0.4365, Dev F1: 0.3753
No improvement on dev loss. Patience: 8/10

Epoch 12/100
Epoch 12 - Train Loss: 0.8868, Train Accuracy: 0.6102
Epoch 12 - Dev Loss: 1.4037, Dev Accuracy: 0.4306, Dev F1: 0.3450
No improvement on dev loss. Patience: 9/10

Epoch 13/100
Epoch 13 - Train Loss: 0.8835, Train Accuracy: 0.6117
Epoch 13 - Dev Loss: 1.4220, Dev Accuracy: 0.4370, Dev F1: 0.3509
No improvement on dev loss. Patience: 10/10
Early stopping triggered.

Final Training Metrics:
Average Loss: 0.8835
Training Accuracy: 0.6117
Best Dev Loss: 1.1691
Best Dev Accuracy: 0.4370, Best Dev Weighted F1: 0.3509
Learning rate 0.01 achieved Dev Accuracy: 0.4370

=== Running experiment for learning rate = 0.005 with model linear ===
Encoding training data...
Encoding dev data...

Epoch 1/100
Epoch 1 - Train Loss: 0.9704, Train Accuracy: 0.5573
Epoch 1 - Dev Loss: 1.1375, Dev Accuracy: 0.4661, Dev F1: 0.3731
Dev loss improved; saving best model.

Epoch 2/100
Epoch 2 - Train Loss: 0.9378, Train Accuracy: 0.5759
Epoch 2 - Dev Loss: 1.1759, Dev Accuracy: 0.4277, Dev F1: 0.3444
No improvement on dev loss. Patience: 1/10

Epoch 3/100
Epoch 3 - Train Loss: 0.9182, Train Accuracy: 0.5866
Epoch 3 - Dev Loss: 1.0998, Dev Accuracy: 0.4365, Dev F1: 0.4065
Dev loss improved; saving best model.

Epoch 4/100
Epoch 4 - Train Loss: 0.9040, Train Accuracy: 0.5951
Epoch 4 - Dev Loss: 1.0978, Dev Accuracy: 0.4452, Dev F1: 0.4251
Dev loss improved; saving best model.

Epoch 5/100
Epoch 5 - Train Loss: 0.8923, Train Accuracy: 0.6019
Epoch 5 - Dev Loss: 1.1817, Dev Accuracy: 0.4496, Dev F1: 0.3743
No improvement on dev loss. Patience: 1/10

Epoch 6/100
Epoch 6 - Train Loss: 0.8827, Train Accuracy: 0.6071
Epoch 6 - Dev Loss: 1.2082, Dev Accuracy: 0.4462, Dev F1: 0.3690
No improvement on dev loss. Patience: 2/10

Epoch 7/100
Epoch 7 - Train Loss: 0.8748, Train Accuracy: 0.6118
Epoch 7 - Dev Loss: 1.2273, Dev Accuracy: 0.4534, Dev F1: 0.3745
No improvement on dev loss. Patience: 3/10

Epoch 8/100
Epoch 8 - Train Loss: 0.8679, Train Accuracy: 0.6154
Epoch 8 - Dev Loss: 1.1732, Dev Accuracy: 0.4486, Dev F1: 0.3910
No improvement on dev loss. Patience: 4/10

Epoch 9/100
Epoch 9 - Train Loss: 0.8616, Train Accuracy: 0.6188
Epoch 9 - Dev Loss: 1.1496, Dev Accuracy: 0.4399, Dev F1: 0.3948
No improvement on dev loss. Patience: 5/10

Epoch 10/100
Epoch 10 - Train Loss: 0.8567, Train Accuracy: 0.6222
Epoch 10 - Dev Loss: 1.2555, Dev Accuracy: 0.4544, Dev F1: 0.3727
No improvement on dev loss. Patience: 6/10

Epoch 11/100
Epoch 11 - Train Loss: 0.8521, Train Accuracy: 0.6245
Epoch 11 - Dev Loss: 1.2988, Dev Accuracy: 0.4554, Dev F1: 0.3711
No improvement on dev loss. Patience: 7/10

Epoch 12/100
Epoch 12 - Train Loss: 0.8480, Train Accuracy: 0.6265
Epoch 12 - Dev Loss: 1.2016, Dev Accuracy: 0.4418, Dev F1: 0.3767
No improvement on dev loss. Patience: 8/10

Epoch 13/100
Epoch 13 - Train Loss: 0.8440, Train Accuracy: 0.6286
Epoch 13 - Dev Loss: 1.3000, Dev Accuracy: 0.4515, Dev F1: 0.3667
No improvement on dev loss. Patience: 9/10

Epoch 14/100
Epoch 14 - Train Loss: 0.8404, Train Accuracy: 0.6305
Epoch 14 - Dev Loss: 1.1514, Dev Accuracy: 0.4428, Dev F1: 0.4070
No improvement on dev loss. Patience: 10/10
Early stopping triggered.

Final Training Metrics:
Average Loss: 0.8404
Training Accuracy: 0.6305
Best Dev Loss: 1.0978
Best Dev Accuracy: 0.4428, Best Dev Weighted F1: 0.4070
Learning rate 0.005 achieved Dev Accuracy: 0.4428

=== Running experiment for learning rate = 0.001 with model linear ===
Encoding training data...
Encoding dev data...

Epoch 1/100
Epoch 1 - Train Loss: 0.9693, Train Accuracy: 0.5524
Epoch 1 - Dev Loss: 1.0716, Dev Accuracy: 0.4452, Dev F1: 0.3537
Dev loss improved; saving best model.

Epoch 2/100
Epoch 2 - Train Loss: 0.9434, Train Accuracy: 0.5677
Epoch 2 - Dev Loss: 1.1053, Dev Accuracy: 0.4481, Dev F1: 0.3557
No improvement on dev loss. Patience: 1/10

Epoch 3/100
Epoch 3 - Train Loss: 0.9279, Train Accuracy: 0.5776
Epoch 3 - Dev Loss: 1.1093, Dev Accuracy: 0.4685, Dev F1: 0.3736
No improvement on dev loss. Patience: 2/10

Epoch 4/100
Epoch 4 - Train Loss: 0.9163, Train Accuracy: 0.5853
Epoch 4 - Dev Loss: 1.0721, Dev Accuracy: 0.4627, Dev F1: 0.3797
No improvement on dev loss. Patience: 3/10

Epoch 5/100
Epoch 5 - Train Loss: 0.9070, Train Accuracy: 0.5913
Epoch 5 - Dev Loss: 1.0913, Dev Accuracy: 0.4467, Dev F1: 0.3673
No improvement on dev loss. Patience: 4/10

Epoch 6/100
Epoch 6 - Train Loss: 0.8991, Train Accuracy: 0.5958
Epoch 6 - Dev Loss: 1.0958, Dev Accuracy: 0.4612, Dev F1: 0.3755
No improvement on dev loss. Patience: 5/10

Epoch 7/100
Epoch 7 - Train Loss: 0.8924, Train Accuracy: 0.6000
Epoch 7 - Dev Loss: 1.1464, Dev Accuracy: 0.4467, Dev F1: 0.3568
No improvement on dev loss. Patience: 6/10

Epoch 8/100
Epoch 8 - Train Loss: 0.8866, Train Accuracy: 0.6038
Epoch 8 - Dev Loss: 1.1410, Dev Accuracy: 0.4423, Dev F1: 0.3561
No improvement on dev loss. Patience: 7/10

Epoch 9/100
Epoch 9 - Train Loss: 0.8813, Train Accuracy: 0.6072
Epoch 9 - Dev Loss: 1.1226, Dev Accuracy: 0.4389, Dev F1: 0.3600
No improvement on dev loss. Patience: 8/10

Epoch 10/100
Epoch 10 - Train Loss: 0.8766, Train Accuracy: 0.6101
Epoch 10 - Dev Loss: 1.1393, Dev Accuracy: 0.4403, Dev F1: 0.3587
No improvement on dev loss. Patience: 9/10

Epoch 11/100
Epoch 11 - Train Loss: 0.8721, Train Accuracy: 0.6129
Epoch 11 - Dev Loss: 1.1447, Dev Accuracy: 0.4530, Dev F1: 0.3683
No improvement on dev loss. Patience: 10/10
Early stopping triggered.

Final Training Metrics:
Average Loss: 0.8721
Training Accuracy: 0.6129
Best Dev Loss: 1.0716
Best Dev Accuracy: 0.4530, Best Dev Weighted F1: 0.3683
Learning rate 0.001 achieved Dev Accuracy: 0.4530

=== Running experiment for learning rate = 0.0005 with model linear ===
Encoding training data...
Encoding dev data...

Epoch 1/100
Epoch 1 - Train Loss: 0.9848, Train Accuracy: 0.5410
Epoch 1 - Dev Loss: 1.1071, Dev Accuracy: 0.4534, Dev F1: 0.3611
Dev loss improved; saving best model.

Epoch 2/100
Epoch 2 - Train Loss: 0.9602, Train Accuracy: 0.5589
Epoch 2 - Dev Loss: 1.0980, Dev Accuracy: 0.4539, Dev F1: 0.3610
Dev loss improved; saving best model.

Epoch 3/100
Epoch 3 - Train Loss: 0.9454, Train Accuracy: 0.5681
Epoch 3 - Dev Loss: 1.0904, Dev Accuracy: 0.4791, Dev F1: 0.3816
Dev loss improved; saving best model.

Epoch 4/100
Epoch 4 - Train Loss: 0.9348, Train Accuracy: 0.5742
Epoch 4 - Dev Loss: 1.1053, Dev Accuracy: 0.4549, Dev F1: 0.3616
No improvement on dev loss. Patience: 1/10

Epoch 5/100
Epoch 5 - Train Loss: 0.9264, Train Accuracy: 0.5792
Epoch 5 - Dev Loss: 1.0708, Dev Accuracy: 0.4457, Dev F1: 0.3572
Dev loss improved; saving best model.

Epoch 6/100
Epoch 6 - Train Loss: 0.9193, Train Accuracy: 0.5837
Epoch 6 - Dev Loss: 1.0821, Dev Accuracy: 0.4656, Dev F1: 0.3727
No improvement on dev loss. Patience: 1/10

Epoch 7/100
Epoch 7 - Train Loss: 0.9132, Train Accuracy: 0.5876
Epoch 7 - Dev Loss: 1.0728, Dev Accuracy: 0.4486, Dev F1: 0.3675
No improvement on dev loss. Patience: 2/10

Epoch 8/100
Epoch 8 - Train Loss: 0.9079, Train Accuracy: 0.5909
Epoch 8 - Dev Loss: 1.0946, Dev Accuracy: 0.4651, Dev F1: 0.3735
No improvement on dev loss. Patience: 3/10

Epoch 9/100
Epoch 9 - Train Loss: 0.9031, Train Accuracy: 0.5940
Epoch 9 - Dev Loss: 1.0805, Dev Accuracy: 0.4661, Dev F1: 0.3799
No improvement on dev loss. Patience: 4/10

Epoch 10/100
Epoch 10 - Train Loss: 0.8987, Train Accuracy: 0.5966
Epoch 10 - Dev Loss: 1.0920, Dev Accuracy: 0.4588, Dev F1: 0.3711
No improvement on dev loss. Patience: 5/10

Epoch 11/100
Epoch 11 - Train Loss: 0.8947, Train Accuracy: 0.5990
Epoch 11 - Dev Loss: 1.0996, Dev Accuracy: 0.4442, Dev F1: 0.3619
No improvement on dev loss. Patience: 6/10

Epoch 12/100
Epoch 12 - Train Loss: 0.8911, Train Accuracy: 0.6012
Epoch 12 - Dev Loss: 1.0885, Dev Accuracy: 0.4641, Dev F1: 0.3805
No improvement on dev loss. Patience: 7/10

Epoch 13/100
Epoch 13 - Train Loss: 0.8877, Train Accuracy: 0.6032
Epoch 13 - Dev Loss: 1.1078, Dev Accuracy: 0.4559, Dev F1: 0.3682
No improvement on dev loss. Patience: 8/10

Epoch 14/100
Epoch 14 - Train Loss: 0.8845, Train Accuracy: 0.6050
Epoch 14 - Dev Loss: 1.1153, Dev Accuracy: 0.4641, Dev F1: 0.3758
No improvement on dev loss. Patience: 9/10

Epoch 15/100
Epoch 15 - Train Loss: 0.8816, Train Accuracy: 0.6067
Epoch 15 - Dev Loss: 1.1197, Dev Accuracy: 0.4525, Dev F1: 0.3665
No improvement on dev loss. Patience: 10/10
Early stopping triggered.

Final Training Metrics:
Average Loss: 0.8816
Training Accuracy: 0.6067
Best Dev Loss: 1.0708
Best Dev Accuracy: 0.4525, Best Dev Weighted F1: 0.3665
Learning rate 0.0005 achieved Dev Accuracy: 0.4525

=== Running experiment for learning rate = 0.0001 with model linear ===
Encoding training data...
Encoding dev data...

Epoch 1/100
Epoch 1 - Train Loss: 1.0251, Train Accuracy: 0.5221
Epoch 1 - Dev Loss: 1.1333, Dev Accuracy: 0.4452, Dev F1: 0.3543
Dev loss improved; saving best model.

Epoch 2/100
Epoch 2 - Train Loss: 1.0070, Train Accuracy: 0.5365
Epoch 2 - Dev Loss: 1.1060, Dev Accuracy: 0.4525, Dev F1: 0.3604
Dev loss improved; saving best model.

Epoch 3/100
Epoch 3 - Train Loss: 0.9945, Train Accuracy: 0.5453
Epoch 3 - Dev Loss: 1.1069, Dev Accuracy: 0.4476, Dev F1: 0.3561
No improvement on dev loss. Patience: 1/10

Epoch 4/100
Epoch 4 - Train Loss: 0.9849, Train Accuracy: 0.5509
Epoch 4 - Dev Loss: 1.1015, Dev Accuracy: 0.4486, Dev F1: 0.3564
Dev loss improved; saving best model.

Epoch 5/100
Epoch 5 - Train Loss: 0.9772, Train Accuracy: 0.5549
Epoch 5 - Dev Loss: 1.1012, Dev Accuracy: 0.4491, Dev F1: 0.3569
Dev loss improved; saving best model.

Epoch 6/100
Epoch 6 - Train Loss: 0.9708, Train Accuracy: 0.5581
Epoch 6 - Dev Loss: 1.0920, Dev Accuracy: 0.4602, Dev F1: 0.3666
Dev loss improved; saving best model.

Epoch 7/100
Epoch 7 - Train Loss: 0.9653, Train Accuracy: 0.5608
Epoch 7 - Dev Loss: 1.0901, Dev Accuracy: 0.4646, Dev F1: 0.3701
Dev loss improved; saving best model.

Epoch 8/100
Epoch 8 - Train Loss: 0.9606, Train Accuracy: 0.5632
Epoch 8 - Dev Loss: 1.1013, Dev Accuracy: 0.4491, Dev F1: 0.3567
No improvement on dev loss. Patience: 1/10

Epoch 9/100
Epoch 9 - Train Loss: 0.9564, Train Accuracy: 0.5654
Epoch 9 - Dev Loss: 1.0882, Dev Accuracy: 0.4690, Dev F1: 0.3736
Dev loss improved; saving best model.

Epoch 10/100
Epoch 10 - Train Loss: 0.9527, Train Accuracy: 0.5673
Epoch 10 - Dev Loss: 1.0864, Dev Accuracy: 0.4670, Dev F1: 0.3721
Dev loss improved; saving best model.

Epoch 11/100
Epoch 11 - Train Loss: 0.9493, Train Accuracy: 0.5690
Epoch 11 - Dev Loss: 1.0858, Dev Accuracy: 0.4568, Dev F1: 0.3632
Dev loss improved; saving best model.

Epoch 12/100
Epoch 12 - Train Loss: 0.9462, Train Accuracy: 0.5706
Epoch 12 - Dev Loss: 1.0966, Dev Accuracy: 0.4631, Dev F1: 0.3686
No improvement on dev loss. Patience: 1/10

Epoch 13/100
Epoch 13 - Train Loss: 0.9434, Train Accuracy: 0.5721
Epoch 13 - Dev Loss: 1.0835, Dev Accuracy: 0.4607, Dev F1: 0.3667
Dev loss improved; saving best model.

Epoch 14/100
Epoch 14 - Train Loss: 0.9408, Train Accuracy: 0.5735
Epoch 14 - Dev Loss: 1.0814, Dev Accuracy: 0.4675, Dev F1: 0.3725
Dev loss improved; saving best model.

Epoch 15/100
Epoch 15 - Train Loss: 0.9383, Train Accuracy: 0.5749
Epoch 15 - Dev Loss: 1.0863, Dev Accuracy: 0.4622, Dev F1: 0.3681
No improvement on dev loss. Patience: 1/10

Epoch 16/100
Epoch 16 - Train Loss: 0.9360, Train Accuracy: 0.5762
Epoch 16 - Dev Loss: 1.0937, Dev Accuracy: 0.4665, Dev F1: 0.3717
No improvement on dev loss. Patience: 2/10

Epoch 17/100
Epoch 17 - Train Loss: 0.9339, Train Accuracy: 0.5773
Epoch 17 - Dev Loss: 1.0798, Dev Accuracy: 0.4670, Dev F1: 0.3725
Dev loss improved; saving best model.

Epoch 18/100
Epoch 18 - Train Loss: 0.9319, Train Accuracy: 0.5784
Epoch 18 - Dev Loss: 1.0851, Dev Accuracy: 0.4641, Dev F1: 0.3701
No improvement on dev loss. Patience: 1/10

Epoch 19/100
Epoch 19 - Train Loss: 0.9300, Train Accuracy: 0.5794
Epoch 19 - Dev Loss: 1.0880, Dev Accuracy: 0.4641, Dev F1: 0.3700
No improvement on dev loss. Patience: 2/10

Epoch 20/100
Epoch 20 - Train Loss: 0.9281, Train Accuracy: 0.5804
Epoch 20 - Dev Loss: 1.0854, Dev Accuracy: 0.4559, Dev F1: 0.3631
No improvement on dev loss. Patience: 3/10

Epoch 21/100
Epoch 21 - Train Loss: 0.9264, Train Accuracy: 0.5813
Epoch 21 - Dev Loss: 1.0799, Dev Accuracy: 0.4719, Dev F1: 0.3766
No improvement on dev loss. Patience: 4/10

Epoch 22/100
Epoch 22 - Train Loss: 0.9247, Train Accuracy: 0.5822
Epoch 22 - Dev Loss: 1.0836, Dev Accuracy: 0.4607, Dev F1: 0.3674
No improvement on dev loss. Patience: 5/10

Epoch 23/100
Epoch 23 - Train Loss: 0.9232, Train Accuracy: 0.5830
Epoch 23 - Dev Loss: 1.0821, Dev Accuracy: 0.4656, Dev F1: 0.3713
No improvement on dev loss. Patience: 6/10

Epoch 24/100
Epoch 24 - Train Loss: 0.9216, Train Accuracy: 0.5838
Epoch 24 - Dev Loss: 1.0803, Dev Accuracy: 0.4743, Dev F1: 0.3785
No improvement on dev loss. Patience: 7/10

Epoch 25/100
Epoch 25 - Train Loss: 0.9202, Train Accuracy: 0.5846
Epoch 25 - Dev Loss: 1.0899, Dev Accuracy: 0.4699, Dev F1: 0.3749
No improvement on dev loss. Patience: 8/10

Epoch 26/100
Epoch 26 - Train Loss: 0.9188, Train Accuracy: 0.5854
Epoch 26 - Dev Loss: 1.0981, Dev Accuracy: 0.4656, Dev F1: 0.3712
No improvement on dev loss. Patience: 9/10

Epoch 27/100
Epoch 27 - Train Loss: 0.9174, Train Accuracy: 0.5861
Epoch 27 - Dev Loss: 1.0953, Dev Accuracy: 0.4694, Dev F1: 0.3744
No improvement on dev loss. Patience: 10/10
Early stopping triggered.

Final Training Metrics:
Average Loss: 0.9174
Training Accuracy: 0.5861
Best Dev Loss: 1.0798
Best Dev Accuracy: 0.4694, Best Dev Weighted F1: 0.3744
Learning rate 0.0001 achieved Dev Accuracy: 0.4694

=== Running experiment for learning rate = 5e-05 with model linear ===
Encoding training data...
Encoding dev data...

Epoch 1/100
Epoch 1 - Train Loss: 1.0373, Train Accuracy: 0.5135
Epoch 1 - Dev Loss: 1.1403, Dev Accuracy: 0.4462, Dev F1: 0.3554
Dev loss improved; saving best model.

Epoch 2/100
Epoch 2 - Train Loss: 1.0242, Train Accuracy: 0.5295
Epoch 2 - Dev Loss: 1.1309, Dev Accuracy: 0.4486, Dev F1: 0.3572
Dev loss improved; saving best model.

Epoch 3/100
Epoch 3 - Train Loss: 1.0143, Train Accuracy: 0.5374
Epoch 3 - Dev Loss: 1.1330, Dev Accuracy: 0.4384, Dev F1: 0.3468
No improvement on dev loss. Patience: 1/10

Epoch 4/100
Epoch 4 - Train Loss: 1.0063, Train Accuracy: 0.5424
Epoch 4 - Dev Loss: 1.1180, Dev Accuracy: 0.4471, Dev F1: 0.3556
Dev loss improved; saving best model.

Epoch 5/100
Epoch 5 - Train Loss: 0.9996, Train Accuracy: 0.5462
Epoch 5 - Dev Loss: 1.1075, Dev Accuracy: 0.4462, Dev F1: 0.3552
Dev loss improved; saving best model.

Epoch 6/100
Epoch 6 - Train Loss: 0.9938, Train Accuracy: 0.5494
Epoch 6 - Dev Loss: 1.1096, Dev Accuracy: 0.4471, Dev F1: 0.3554
No improvement on dev loss. Patience: 1/10

Epoch 7/100
Epoch 7 - Train Loss: 0.9888, Train Accuracy: 0.5519
Epoch 7 - Dev Loss: 1.1037, Dev Accuracy: 0.4457, Dev F1: 0.3536
Dev loss improved; saving best model.

Epoch 8/100
Epoch 8 - Train Loss: 0.9843, Train Accuracy: 0.5541
Epoch 8 - Dev Loss: 1.0990, Dev Accuracy: 0.4471, Dev F1: 0.3552
Dev loss improved; saving best model.

Epoch 9/100
Epoch 9 - Train Loss: 0.9803, Train Accuracy: 0.5560
Epoch 9 - Dev Loss: 1.1010, Dev Accuracy: 0.4486, Dev F1: 0.3563
No improvement on dev loss. Patience: 1/10

Epoch 10/100
Epoch 10 - Train Loss: 0.9767, Train Accuracy: 0.5576
Epoch 10 - Dev Loss: 1.0851, Dev Accuracy: 0.4510, Dev F1: 0.3585
Dev loss improved; saving best model.

Epoch 11/100
Epoch 11 - Train Loss: 0.9734, Train Accuracy: 0.5590
Epoch 11 - Dev Loss: 1.0940, Dev Accuracy: 0.4520, Dev F1: 0.3596
No improvement on dev loss. Patience: 1/10

Epoch 12/100
Epoch 12 - Train Loss: 0.9704, Train Accuracy: 0.5603
Epoch 12 - Dev Loss: 1.1001, Dev Accuracy: 0.4578, Dev F1: 0.3646
No improvement on dev loss. Patience: 2/10

Epoch 13/100
Epoch 13 - Train Loss: 0.9676, Train Accuracy: 0.5616
Epoch 13 - Dev Loss: 1.0915, Dev Accuracy: 0.4549, Dev F1: 0.3620
No improvement on dev loss. Patience: 3/10

Epoch 14/100
Epoch 14 - Train Loss: 0.9650, Train Accuracy: 0.5628
Epoch 14 - Dev Loss: 1.0918, Dev Accuracy: 0.4631, Dev F1: 0.3689
No improvement on dev loss. Patience: 4/10

Epoch 15/100
Epoch 15 - Train Loss: 0.9626, Train Accuracy: 0.5638
Epoch 15 - Dev Loss: 1.0898, Dev Accuracy: 0.4593, Dev F1: 0.3657
No improvement on dev loss. Patience: 5/10

Epoch 16/100
Epoch 16 - Train Loss: 0.9604, Train Accuracy: 0.5648
Epoch 16 - Dev Loss: 1.0923, Dev Accuracy: 0.4588, Dev F1: 0.3653
No improvement on dev loss. Patience: 6/10

Epoch 17/100
Epoch 17 - Train Loss: 0.9583, Train Accuracy: 0.5659
Epoch 17 - Dev Loss: 1.0896, Dev Accuracy: 0.4617, Dev F1: 0.3676
No improvement on dev loss. Patience: 7/10

Epoch 18/100
Epoch 18 - Train Loss: 0.9563, Train Accuracy: 0.5668
Epoch 18 - Dev Loss: 1.0876, Dev Accuracy: 0.4593, Dev F1: 0.3653
No improvement on dev loss. Patience: 8/10

Epoch 19/100
Epoch 19 - Train Loss: 0.9544, Train Accuracy: 0.5676
Epoch 19 - Dev Loss: 1.0890, Dev Accuracy: 0.4651, Dev F1: 0.3705
No improvement on dev loss. Patience: 9/10

Epoch 20/100
Epoch 20 - Train Loss: 0.9526, Train Accuracy: 0.5684
Epoch 20 - Dev Loss: 1.0880, Dev Accuracy: 0.4627, Dev F1: 0.3683
No improvement on dev loss. Patience: 10/10
Early stopping triggered.

Final Training Metrics:
Average Loss: 0.9526
Training Accuracy: 0.5684
Best Dev Loss: 1.0851
Best Dev Accuracy: 0.4627, Best Dev Weighted F1: 0.3683
Learning rate 5e-05 achieved Dev Accuracy: 0.4627

=== Running experiment for learning rate = 1e-05 with model linear ===
Encoding training data...
Encoding dev data...

Epoch 1/100
Epoch 1 - Train Loss: 1.0618, Train Accuracy: 0.4759
Epoch 1 - Dev Loss: 1.1282, Dev Accuracy: 0.4049, Dev F1: 0.3080
Dev loss improved; saving best model.

Epoch 2/100
Epoch 2 - Train Loss: 1.0506, Train Accuracy: 0.4951
Epoch 2 - Dev Loss: 1.1432, Dev Accuracy: 0.4214, Dev F1: 0.3309
No improvement on dev loss. Patience: 1/10

Epoch 3/100
Epoch 3 - Train Loss: 1.0446, Train Accuracy: 0.5056
Epoch 3 - Dev Loss: 1.1461, Dev Accuracy: 0.4384, Dev F1: 0.3488
No improvement on dev loss. Patience: 2/10

Epoch 4/100
Epoch 4 - Train Loss: 1.0402, Train Accuracy: 0.5124
Epoch 4 - Dev Loss: 1.1459, Dev Accuracy: 0.4452, Dev F1: 0.3547
No improvement on dev loss. Patience: 3/10

Epoch 5/100
Epoch 5 - Train Loss: 1.0367, Train Accuracy: 0.5177
Epoch 5 - Dev Loss: 1.1433, Dev Accuracy: 0.4457, Dev F1: 0.3549
No improvement on dev loss. Patience: 4/10

Epoch 6/100
Epoch 6 - Train Loss: 1.0336, Train Accuracy: 0.5216
Epoch 6 - Dev Loss: 1.1416, Dev Accuracy: 0.4462, Dev F1: 0.3553
No improvement on dev loss. Patience: 5/10

Epoch 7/100
Epoch 7 - Train Loss: 1.0309, Train Accuracy: 0.5249
Epoch 7 - Dev Loss: 1.1380, Dev Accuracy: 0.4467, Dev F1: 0.3557
No improvement on dev loss. Patience: 6/10

Epoch 8/100
Epoch 8 - Train Loss: 1.0283, Train Accuracy: 0.5273
Epoch 8 - Dev Loss: 1.1363, Dev Accuracy: 0.4481, Dev F1: 0.3570
No improvement on dev loss. Patience: 7/10

Epoch 9/100
Epoch 9 - Train Loss: 1.0259, Train Accuracy: 0.5293
Epoch 9 - Dev Loss: 1.1338, Dev Accuracy: 0.4442, Dev F1: 0.3539
No improvement on dev loss. Patience: 8/10

Epoch 10/100
Epoch 10 - Train Loss: 1.0237, Train Accuracy: 0.5314
Epoch 10 - Dev Loss: 1.1323, Dev Accuracy: 0.4467, Dev F1: 0.3558
No improvement on dev loss. Patience: 9/10

Epoch 11/100
Epoch 11 - Train Loss: 1.0216, Train Accuracy: 0.5332
Epoch 11 - Dev Loss: 1.1306, Dev Accuracy: 0.4467, Dev F1: 0.3559
No improvement on dev loss. Patience: 10/10
Early stopping triggered.

Final Training Metrics:
Average Loss: 1.0216
Training Accuracy: 0.5332
Best Dev Loss: 1.1282
Best Dev Accuracy: 0.4467, Best Dev Weighted F1: 0.3559
Learning rate 1e-05 achieved Dev Accuracy: 0.4467

=== Best learning rate: 0.0001 with Dev Accuracy: 0.4694 for model linear ===
Running inference on training_data.csv...
Predictions written to predictions.csv.
Evaluating on the official VAST test set...
VAST Test Set Accuracy: 0.4661
VAST Test Set Weighted F1: 0.3706
