Using device: cuda
Using classifier type: mlp

=== Loading datasets ===
Loading datasets...

Running experiment with lr=0.0001, model=mlp, batch_size=8

=== Encoding datasets with batch_size 8 ===

Epoch 1/100
Epoch 1 - Train Loss: 0.8950, Train Accuracy: 0.5951
Epoch 1 - Dev Loss: 0.8139, Dev Accuracy: 0.6309, Dev F1: 0.6268
Dev loss improved; saving best model.

Epoch 2/100
Epoch 2 - Train Loss: 0.8063, Train Accuracy: 0.6379
Epoch 2 - Dev Loss: 0.9379, Dev Accuracy: 0.5955, Dev F1: 0.5937
No improvement on dev loss. Patience: 1/20

Epoch 3/100
Epoch 3 - Train Loss: 0.7448, Train Accuracy: 0.6676
Epoch 3 - Dev Loss: 0.8203, Dev Accuracy: 0.6547, Dev F1: 0.6552
No improvement on dev loss. Patience: 2/20

Epoch 4/100
Epoch 4 - Train Loss: 0.6993, Train Accuracy: 0.6896
Epoch 4 - Dev Loss: 0.8436, Dev Accuracy: 0.6644, Dev F1: 0.6668
No improvement on dev loss. Patience: 3/20

Epoch 5/100
Epoch 5 - Train Loss: 0.6651, Train Accuracy: 0.7047
Epoch 5 - Dev Loss: 0.9272, Dev Accuracy: 0.6377, Dev F1: 0.6387
No improvement on dev loss. Patience: 4/20

Epoch 6/100
Epoch 6 - Train Loss: 0.6367, Train Accuracy: 0.7174
Epoch 6 - Dev Loss: 1.0649, Dev Accuracy: 0.6120, Dev F1: 0.6077
No improvement on dev loss. Patience: 5/20

Epoch 7/100
Epoch 7 - Train Loss: 0.6125, Train Accuracy: 0.7279
Epoch 7 - Dev Loss: 0.9062, Dev Accuracy: 0.6557, Dev F1: 0.6578
No improvement on dev loss. Patience: 6/20

Epoch 8/100
Epoch 8 - Train Loss: 0.5913, Train Accuracy: 0.7369
Epoch 8 - Dev Loss: 0.9336, Dev Accuracy: 0.6319, Dev F1: 0.6307
No improvement on dev loss. Patience: 7/20

Epoch 9/100
Epoch 9 - Train Loss: 0.5730, Train Accuracy: 0.7445
Epoch 9 - Dev Loss: 1.0663, Dev Accuracy: 0.6358, Dev F1: 0.6365
No improvement on dev loss. Patience: 8/20

Epoch 10/100
Epoch 10 - Train Loss: 0.5564, Train Accuracy: 0.7510
Epoch 10 - Dev Loss: 1.0228, Dev Accuracy: 0.6528, Dev F1: 0.6522
No improvement on dev loss. Patience: 9/20

Epoch 11/100
Epoch 11 - Train Loss: 0.5420, Train Accuracy: 0.7570
Epoch 11 - Dev Loss: 1.1462, Dev Accuracy: 0.6392, Dev F1: 0.6422
No improvement on dev loss. Patience: 10/20

Epoch 12/100
Epoch 12 - Train Loss: 0.5286, Train Accuracy: 0.7624
Epoch 12 - Dev Loss: 1.0251, Dev Accuracy: 0.6469, Dev F1: 0.6450
No improvement on dev loss. Patience: 11/20

Epoch 13/100
Epoch 13 - Train Loss: 0.5166, Train Accuracy: 0.7672
Epoch 13 - Dev Loss: 1.0882, Dev Accuracy: 0.6440, Dev F1: 0.6407
No improvement on dev loss. Patience: 12/20

Epoch 14/100
Epoch 14 - Train Loss: 0.5057, Train Accuracy: 0.7715
Epoch 14 - Dev Loss: 1.1771, Dev Accuracy: 0.6581, Dev F1: 0.6579
No improvement on dev loss. Patience: 13/20

Epoch 15/100
Epoch 15 - Train Loss: 0.4955, Train Accuracy: 0.7758
Epoch 15 - Dev Loss: 1.2527, Dev Accuracy: 0.6431, Dev F1: 0.6433
No improvement on dev loss. Patience: 14/20

Epoch 16/100
Epoch 16 - Train Loss: 0.4858, Train Accuracy: 0.7798
Epoch 16 - Dev Loss: 1.1941, Dev Accuracy: 0.6450, Dev F1: 0.6454
No improvement on dev loss. Patience: 15/20

Epoch 17/100
Epoch 17 - Train Loss: 0.4768, Train Accuracy: 0.7834
Epoch 17 - Dev Loss: 1.2046, Dev Accuracy: 0.6494, Dev F1: 0.6504
No improvement on dev loss. Patience: 16/20

Epoch 18/100
Epoch 18 - Train Loss: 0.4683, Train Accuracy: 0.7870
Epoch 18 - Dev Loss: 1.2236, Dev Accuracy: 0.6615, Dev F1: 0.6617
No improvement on dev loss. Patience: 17/20

Epoch 19/100
Epoch 19 - Train Loss: 0.4601, Train Accuracy: 0.7906
Epoch 19 - Dev Loss: 1.3404, Dev Accuracy: 0.6455, Dev F1: 0.6483
No improvement on dev loss. Patience: 18/20

Epoch 20/100
Epoch 20 - Train Loss: 0.4524, Train Accuracy: 0.7939
Epoch 20 - Dev Loss: 1.3123, Dev Accuracy: 0.6523, Dev F1: 0.6511
No improvement on dev loss. Patience: 19/20

Epoch 21/100
Epoch 21 - Train Loss: 0.4449, Train Accuracy: 0.7971
Epoch 21 - Dev Loss: 1.3516, Dev Accuracy: 0.6566, Dev F1: 0.6586
No improvement on dev loss. Patience: 20/20
Early stopping triggered.

Final Training Loss: 0.4449
Final Training Accuracy: 0.7971
Best Dev Loss: 0.8139
Best Dev Accuracy: 0.6309, Best Dev Macro F1: 0.6268
Config LR=0.0001, BS=8, Dropout=0.1, Hidden Dim=1024, Num Layers=2 -> Dev Loss: 0.8139, Dev Accuracy: 0.6309, Dev F1: 0.6268

Running experiment with lr=0.0001, model=mlp, batch_size=8

=== Encoding datasets with batch_size 8 ===

Epoch 1/100
Epoch 1 - Train Loss: 0.9019, Train Accuracy: 0.5894
Epoch 1 - Dev Loss: 1.1206, Dev Accuracy: 0.5102, Dev F1: 0.4735
Dev loss improved; saving best model.

Epoch 2/100
Epoch 2 - Train Loss: 0.8081, Train Accuracy: 0.6376
Epoch 2 - Dev Loss: 0.8340, Dev Accuracy: 0.6295, Dev F1: 0.6298
Dev loss improved; saving best model.

Epoch 3/100
Epoch 3 - Train Loss: 0.7514, Train Accuracy: 0.6651
Epoch 3 - Dev Loss: 1.0685, Dev Accuracy: 0.5844, Dev F1: 0.5674
No improvement on dev loss. Patience: 1/20

Epoch 4/100
Epoch 4 - Train Loss: 0.7079, Train Accuracy: 0.6850
Epoch 4 - Dev Loss: 1.0326, Dev Accuracy: 0.6115, Dev F1: 0.6080
No improvement on dev loss. Patience: 2/20

Epoch 5/100
Epoch 5 - Train Loss: 0.6728, Train Accuracy: 0.7013
Epoch 5 - Dev Loss: 1.0224, Dev Accuracy: 0.6208, Dev F1: 0.6204
No improvement on dev loss. Patience: 3/20

Epoch 6/100
Epoch 6 - Train Loss: 0.6435, Train Accuracy: 0.7144
Epoch 6 - Dev Loss: 0.9218, Dev Accuracy: 0.6469, Dev F1: 0.6437
No improvement on dev loss. Patience: 4/20

Epoch 7/100
Epoch 7 - Train Loss: 0.6187, Train Accuracy: 0.7251
Epoch 7 - Dev Loss: 0.8704, Dev Accuracy: 0.6659, Dev F1: 0.6666
No improvement on dev loss. Patience: 5/20

Epoch 8/100
Epoch 8 - Train Loss: 0.5979, Train Accuracy: 0.7339
Epoch 8 - Dev Loss: 1.0190, Dev Accuracy: 0.6431, Dev F1: 0.6457
No improvement on dev loss. Patience: 6/20

Epoch 9/100
Epoch 9 - Train Loss: 0.5795, Train Accuracy: 0.7416
Epoch 9 - Dev Loss: 1.0061, Dev Accuracy: 0.6673, Dev F1: 0.6607
No improvement on dev loss. Patience: 7/20

Epoch 10/100
Epoch 10 - Train Loss: 0.5633, Train Accuracy: 0.7486
Epoch 10 - Dev Loss: 1.1579, Dev Accuracy: 0.6222, Dev F1: 0.6216
No improvement on dev loss. Patience: 8/20

Epoch 11/100
Epoch 11 - Train Loss: 0.5488, Train Accuracy: 0.7547
Epoch 11 - Dev Loss: 1.0735, Dev Accuracy: 0.6562, Dev F1: 0.6579
No improvement on dev loss. Patience: 9/20

Epoch 12/100
Epoch 12 - Train Loss: 0.5352, Train Accuracy: 0.7599
Epoch 12 - Dev Loss: 1.0711, Dev Accuracy: 0.6518, Dev F1: 0.6535
No improvement on dev loss. Patience: 10/20

Epoch 13/100
Epoch 13 - Train Loss: 0.5228, Train Accuracy: 0.7648
Epoch 13 - Dev Loss: 1.2061, Dev Accuracy: 0.6411, Dev F1: 0.6435
No improvement on dev loss. Patience: 11/20

Epoch 14/100
Epoch 14 - Train Loss: 0.5118, Train Accuracy: 0.7693
Epoch 14 - Dev Loss: 1.1358, Dev Accuracy: 0.6513, Dev F1: 0.6520
No improvement on dev loss. Patience: 12/20

Epoch 15/100
Epoch 15 - Train Loss: 0.5012, Train Accuracy: 0.7736
Epoch 15 - Dev Loss: 1.1369, Dev Accuracy: 0.6416, Dev F1: 0.6427
No improvement on dev loss. Patience: 13/20

Epoch 16/100
Epoch 16 - Train Loss: 0.4912, Train Accuracy: 0.7776
Epoch 16 - Dev Loss: 1.0575, Dev Accuracy: 0.6465, Dev F1: 0.6482
No improvement on dev loss. Patience: 14/20

Epoch 17/100
Epoch 17 - Train Loss: 0.4818, Train Accuracy: 0.7815
Epoch 17 - Dev Loss: 1.3385, Dev Accuracy: 0.6329, Dev F1: 0.6349
No improvement on dev loss. Patience: 15/20

Epoch 18/100
Epoch 18 - Train Loss: 0.4729, Train Accuracy: 0.7852
Epoch 18 - Dev Loss: 1.2666, Dev Accuracy: 0.6629, Dev F1: 0.6647
No improvement on dev loss. Patience: 16/20

Epoch 19/100
Epoch 19 - Train Loss: 0.4644, Train Accuracy: 0.7887
Epoch 19 - Dev Loss: 1.1504, Dev Accuracy: 0.6600, Dev F1: 0.6596
No improvement on dev loss. Patience: 17/20

Epoch 20/100
Epoch 20 - Train Loss: 0.4565, Train Accuracy: 0.7919
Epoch 20 - Dev Loss: 1.3985, Dev Accuracy: 0.6547, Dev F1: 0.6538
No improvement on dev loss. Patience: 18/20

Epoch 21/100
Epoch 21 - Train Loss: 0.4489, Train Accuracy: 0.7952
Epoch 21 - Dev Loss: 1.4214, Dev Accuracy: 0.6596, Dev F1: 0.6600
No improvement on dev loss. Patience: 19/20

Epoch 22/100
Epoch 22 - Train Loss: 0.4416, Train Accuracy: 0.7984
Epoch 22 - Dev Loss: 1.5897, Dev Accuracy: 0.6639, Dev F1: 0.6625
No improvement on dev loss. Patience: 20/20
Early stopping triggered.

Final Training Loss: 0.4416
Final Training Accuracy: 0.7984
Best Dev Loss: 0.8340
Best Dev Accuracy: 0.6295, Best Dev Macro F1: 0.6298
Config LR=0.0001, BS=8, Dropout=0.1, Hidden Dim=1024, Num Layers=4 -> Dev Loss: 0.8340, Dev Accuracy: 0.6295, Dev F1: 0.6298

Running experiment with lr=0.0001, model=mlp, batch_size=8

=== Encoding datasets with batch_size 8 ===

Epoch 1/100
Epoch 1 - Train Loss: 0.9091, Train Accuracy: 0.5872
Epoch 1 - Dev Loss: 0.9967, Dev Accuracy: 0.5441, Dev F1: 0.5231
Dev loss improved; saving best model.

Epoch 2/100
Epoch 2 - Train Loss: 0.8158, Train Accuracy: 0.6339
Epoch 2 - Dev Loss: 0.8988, Dev Accuracy: 0.6018, Dev F1: 0.5952
Dev loss improved; saving best model.

Epoch 3/100
Epoch 3 - Train Loss: 0.7542, Train Accuracy: 0.6643
Epoch 3 - Dev Loss: 0.8875, Dev Accuracy: 0.6460, Dev F1: 0.6474
Dev loss improved; saving best model.

Epoch 4/100
Epoch 4 - Train Loss: 0.7095, Train Accuracy: 0.6851
Epoch 4 - Dev Loss: 0.8385, Dev Accuracy: 0.6435, Dev F1: 0.6391
Dev loss improved; saving best model.

Epoch 5/100
Epoch 5 - Train Loss: 0.6738, Train Accuracy: 0.7017
Epoch 5 - Dev Loss: 0.8707, Dev Accuracy: 0.6625, Dev F1: 0.6630
No improvement on dev loss. Patience: 1/20

Epoch 6/100
Epoch 6 - Train Loss: 0.6441, Train Accuracy: 0.7147
Epoch 6 - Dev Loss: 1.3023, Dev Accuracy: 0.5723, Dev F1: 0.5604
No improvement on dev loss. Patience: 2/20

Epoch 7/100
Epoch 7 - Train Loss: 0.6187, Train Accuracy: 0.7253
Epoch 7 - Dev Loss: 0.9087, Dev Accuracy: 0.6644, Dev F1: 0.6641
No improvement on dev loss. Patience: 3/20

Epoch 8/100
Epoch 8 - Train Loss: 0.5967, Train Accuracy: 0.7344
Epoch 8 - Dev Loss: 1.1125, Dev Accuracy: 0.6348, Dev F1: 0.6361
No improvement on dev loss. Patience: 4/20

Epoch 9/100
Epoch 9 - Train Loss: 0.5778, Train Accuracy: 0.7418
Epoch 9 - Dev Loss: 0.9089, Dev Accuracy: 0.6848, Dev F1: 0.6830
No improvement on dev loss. Patience: 5/20

Epoch 10/100
Epoch 10 - Train Loss: 0.5612, Train Accuracy: 0.7484
Epoch 10 - Dev Loss: 1.1051, Dev Accuracy: 0.6537, Dev F1: 0.6544
No improvement on dev loss. Patience: 6/20

Epoch 11/100
Epoch 11 - Train Loss: 0.5457, Train Accuracy: 0.7546
Epoch 11 - Dev Loss: 0.9927, Dev Accuracy: 0.6634, Dev F1: 0.6649
No improvement on dev loss. Patience: 7/20

Epoch 12/100
Epoch 12 - Train Loss: 0.5318, Train Accuracy: 0.7598
Epoch 12 - Dev Loss: 1.1452, Dev Accuracy: 0.6499, Dev F1: 0.6414
No improvement on dev loss. Patience: 8/20

Epoch 13/100
Epoch 13 - Train Loss: 0.5191, Train Accuracy: 0.7647
Epoch 13 - Dev Loss: 1.2204, Dev Accuracy: 0.6644, Dev F1: 0.6649
No improvement on dev loss. Patience: 9/20

Epoch 14/100
Epoch 14 - Train Loss: 0.5074, Train Accuracy: 0.7692
Epoch 14 - Dev Loss: 1.2411, Dev Accuracy: 0.6586, Dev F1: 0.6599
No improvement on dev loss. Patience: 10/20

Epoch 15/100
Epoch 15 - Train Loss: 0.4968, Train Accuracy: 0.7736
Epoch 15 - Dev Loss: 1.0315, Dev Accuracy: 0.6484, Dev F1: 0.6500
No improvement on dev loss. Patience: 11/20

Epoch 16/100
Epoch 16 - Train Loss: 0.4866, Train Accuracy: 0.7778
Epoch 16 - Dev Loss: 1.0882, Dev Accuracy: 0.6484, Dev F1: 0.6511
No improvement on dev loss. Patience: 12/20

Epoch 17/100
Epoch 17 - Train Loss: 0.4772, Train Accuracy: 0.7816
Epoch 17 - Dev Loss: 1.1489, Dev Accuracy: 0.6649, Dev F1: 0.6591
No improvement on dev loss. Patience: 13/20

Epoch 18/100
Epoch 18 - Train Loss: 0.4683, Train Accuracy: 0.7853
Epoch 18 - Dev Loss: 1.3216, Dev Accuracy: 0.6600, Dev F1: 0.6612
No improvement on dev loss. Patience: 14/20

Epoch 19/100
Epoch 19 - Train Loss: 0.4600, Train Accuracy: 0.7886
Epoch 19 - Dev Loss: 1.5842, Dev Accuracy: 0.6620, Dev F1: 0.6631
No improvement on dev loss. Patience: 15/20

Epoch 20/100
Epoch 20 - Train Loss: 0.4524, Train Accuracy: 0.7918
Epoch 20 - Dev Loss: 1.5158, Dev Accuracy: 0.6625, Dev F1: 0.6641
No improvement on dev loss. Patience: 16/20

Epoch 21/100
Epoch 21 - Train Loss: 0.4450, Train Accuracy: 0.7948
Epoch 21 - Dev Loss: 1.7901, Dev Accuracy: 0.6659, Dev F1: 0.6635
No improvement on dev loss. Patience: 17/20

Epoch 22/100
Epoch 22 - Train Loss: 0.4377, Train Accuracy: 0.7978
Epoch 22 - Dev Loss: 1.3733, Dev Accuracy: 0.6532, Dev F1: 0.6557
No improvement on dev loss. Patience: 18/20

Epoch 23/100
Epoch 23 - Train Loss: 0.4311, Train Accuracy: 0.8005
Epoch 23 - Dev Loss: 1.3707, Dev Accuracy: 0.6586, Dev F1: 0.6520
No improvement on dev loss. Patience: 19/20

Epoch 24/100
Epoch 24 - Train Loss: 0.4244, Train Accuracy: 0.8033
Epoch 24 - Dev Loss: 1.5127, Dev Accuracy: 0.6484, Dev F1: 0.6509
No improvement on dev loss. Patience: 20/20
Early stopping triggered.

Final Training Loss: 0.4244
Final Training Accuracy: 0.8033
Best Dev Loss: 0.8385
Best Dev Accuracy: 0.6435, Best Dev Macro F1: 0.6391
Config LR=0.0001, BS=8, Dropout=0.1, Hidden Dim=2048, Num Layers=2 -> Dev Loss: 0.8385, Dev Accuracy: 0.6435, Dev F1: 0.6391

Running experiment with lr=0.0001, model=mlp, batch_size=8

=== Encoding datasets with batch_size 8 ===

Epoch 1/100
Epoch 1 - Train Loss: 0.9181, Train Accuracy: 0.5859
Epoch 1 - Dev Loss: 0.8650, Dev Accuracy: 0.6159, Dev F1: 0.6141
Dev loss improved; saving best model.

Epoch 2/100
Epoch 2 - Train Loss: 0.8244, Train Accuracy: 0.6323
Epoch 2 - Dev Loss: 0.9536, Dev Accuracy: 0.6038, Dev F1: 0.5972
No improvement on dev loss. Patience: 1/20

Epoch 3/100
Epoch 3 - Train Loss: 0.7646, Train Accuracy: 0.6614
Epoch 3 - Dev Loss: 0.9096, Dev Accuracy: 0.6203, Dev F1: 0.6179
No improvement on dev loss. Patience: 2/20

Epoch 4/100
Epoch 4 - Train Loss: 0.7204, Train Accuracy: 0.6814
Epoch 4 - Dev Loss: 0.7661, Dev Accuracy: 0.6746, Dev F1: 0.6738
Dev loss improved; saving best model.

Epoch 5/100
Epoch 5 - Train Loss: 0.6843, Train Accuracy: 0.6972
Epoch 5 - Dev Loss: 0.7732, Dev Accuracy: 0.6717, Dev F1: 0.6713
No improvement on dev loss. Patience: 1/20

Epoch 6/100
Epoch 6 - Train Loss: 0.6540, Train Accuracy: 0.7102
Epoch 6 - Dev Loss: 0.9417, Dev Accuracy: 0.6339, Dev F1: 0.6326
No improvement on dev loss. Patience: 2/20

Epoch 7/100
Epoch 7 - Train Loss: 0.6283, Train Accuracy: 0.7210
Epoch 7 - Dev Loss: 0.7946, Dev Accuracy: 0.6644, Dev F1: 0.6660
No improvement on dev loss. Patience: 3/20

Epoch 8/100
Epoch 8 - Train Loss: 0.6059, Train Accuracy: 0.7299
Epoch 8 - Dev Loss: 1.1452, Dev Accuracy: 0.6149, Dev F1: 0.6103
No improvement on dev loss. Patience: 4/20

Epoch 9/100
Epoch 9 - Train Loss: 0.5865, Train Accuracy: 0.7374
Epoch 9 - Dev Loss: 0.9997, Dev Accuracy: 0.6668, Dev F1: 0.6654
No improvement on dev loss. Patience: 5/20

Epoch 10/100
Epoch 10 - Train Loss: 0.5687, Train Accuracy: 0.7446
Epoch 10 - Dev Loss: 1.2941, Dev Accuracy: 0.6324, Dev F1: 0.6275
No improvement on dev loss. Patience: 6/20

Epoch 11/100
Epoch 11 - Train Loss: 0.5537, Train Accuracy: 0.7506
Epoch 11 - Dev Loss: 0.9357, Dev Accuracy: 0.6707, Dev F1: 0.6730
No improvement on dev loss. Patience: 7/20

Epoch 12/100
Epoch 12 - Train Loss: 0.5398, Train Accuracy: 0.7563
Epoch 12 - Dev Loss: 1.1401, Dev Accuracy: 0.6673, Dev F1: 0.6696
No improvement on dev loss. Patience: 8/20

Epoch 13/100
Epoch 13 - Train Loss: 0.5268, Train Accuracy: 0.7613
Epoch 13 - Dev Loss: 1.1731, Dev Accuracy: 0.6683, Dev F1: 0.6707
No improvement on dev loss. Patience: 9/20

Epoch 14/100
Epoch 14 - Train Loss: 0.5147, Train Accuracy: 0.7659
Epoch 14 - Dev Loss: 1.4540, Dev Accuracy: 0.6479, Dev F1: 0.6509
No improvement on dev loss. Patience: 10/20

Epoch 15/100
Epoch 15 - Train Loss: 0.5038, Train Accuracy: 0.7703
Epoch 15 - Dev Loss: 1.1716, Dev Accuracy: 0.6508, Dev F1: 0.6530
No improvement on dev loss. Patience: 11/20

Epoch 16/100
Epoch 16 - Train Loss: 0.4937, Train Accuracy: 0.7745
Epoch 16 - Dev Loss: 1.2024, Dev Accuracy: 0.6717, Dev F1: 0.6728
No improvement on dev loss. Patience: 12/20

Epoch 17/100
Epoch 17 - Train Loss: 0.4840, Train Accuracy: 0.7783
Epoch 17 - Dev Loss: 1.3214, Dev Accuracy: 0.6644, Dev F1: 0.6669
No improvement on dev loss. Patience: 13/20

Epoch 18/100
Epoch 18 - Train Loss: 0.4752, Train Accuracy: 0.7818
Epoch 18 - Dev Loss: 1.4952, Dev Accuracy: 0.6697, Dev F1: 0.6696
No improvement on dev loss. Patience: 14/20

Epoch 19/100
Epoch 19 - Train Loss: 0.4668, Train Accuracy: 0.7852
Epoch 19 - Dev Loss: 1.3665, Dev Accuracy: 0.6683, Dev F1: 0.6703
No improvement on dev loss. Patience: 15/20

Epoch 20/100
Epoch 20 - Train Loss: 0.4587, Train Accuracy: 0.7884
Epoch 20 - Dev Loss: 1.7289, Dev Accuracy: 0.6280, Dev F1: 0.6270
No improvement on dev loss. Patience: 16/20

Epoch 21/100
Epoch 21 - Train Loss: 0.4512, Train Accuracy: 0.7916
Epoch 21 - Dev Loss: 1.3908, Dev Accuracy: 0.6615, Dev F1: 0.6640
No improvement on dev loss. Patience: 17/20

Epoch 22/100
Epoch 22 - Train Loss: 0.4440, Train Accuracy: 0.7947
Epoch 22 - Dev Loss: 1.4218, Dev Accuracy: 0.6736, Dev F1: 0.6747
No improvement on dev loss. Patience: 18/20

Epoch 23/100
Epoch 23 - Train Loss: 0.4369, Train Accuracy: 0.7977
Epoch 23 - Dev Loss: 1.4483, Dev Accuracy: 0.6906, Dev F1: 0.6894
No improvement on dev loss. Patience: 19/20

Epoch 24/100
Epoch 24 - Train Loss: 0.4304, Train Accuracy: 0.8004
Epoch 24 - Dev Loss: 1.4860, Dev Accuracy: 0.6469, Dev F1: 0.6495
No improvement on dev loss. Patience: 20/20
Early stopping triggered.

Final Training Loss: 0.4304
Final Training Accuracy: 0.8004
Best Dev Loss: 0.7661
Best Dev Accuracy: 0.6746, Best Dev Macro F1: 0.6738
Config LR=0.0001, BS=8, Dropout=0.1, Hidden Dim=2048, Num Layers=4 -> Dev Loss: 0.7661, Dev Accuracy: 0.6746, Dev F1: 0.6738

Running experiment with lr=0.0001, model=mlp, batch_size=8

=== Encoding datasets with batch_size 8 ===

Epoch 1/100
Epoch 1 - Train Loss: 0.8911, Train Accuracy: 0.5929
Epoch 1 - Dev Loss: 0.9229, Dev Accuracy: 0.5626, Dev F1: 0.5523
Dev loss improved; saving best model.

Epoch 2/100
Epoch 2 - Train Loss: 0.8049, Train Accuracy: 0.6393
Epoch 2 - Dev Loss: 0.8045, Dev Accuracy: 0.6285, Dev F1: 0.6245
Dev loss improved; saving best model.

Epoch 3/100
Epoch 3 - Train Loss: 0.7458, Train Accuracy: 0.6678
Epoch 3 - Dev Loss: 0.8539, Dev Accuracy: 0.6460, Dev F1: 0.6424
No improvement on dev loss. Patience: 1/20

Epoch 4/100
Epoch 4 - Train Loss: 0.7029, Train Accuracy: 0.6878
Epoch 4 - Dev Loss: 0.9136, Dev Accuracy: 0.6581, Dev F1: 0.6583
No improvement on dev loss. Patience: 2/20

Epoch 5/100
Epoch 5 - Train Loss: 0.6684, Train Accuracy: 0.7039
Epoch 5 - Dev Loss: 0.8704, Dev Accuracy: 0.6455, Dev F1: 0.6480
No improvement on dev loss. Patience: 3/20

Epoch 6/100
Epoch 6 - Train Loss: 0.6388, Train Accuracy: 0.7168
Epoch 6 - Dev Loss: 0.8603, Dev Accuracy: 0.6523, Dev F1: 0.6450
No improvement on dev loss. Patience: 4/20

Epoch 7/100
Epoch 7 - Train Loss: 0.6148, Train Accuracy: 0.7273
Epoch 7 - Dev Loss: 0.8698, Dev Accuracy: 0.6644, Dev F1: 0.6654
No improvement on dev loss. Patience: 5/20

Epoch 8/100
Epoch 8 - Train Loss: 0.5938, Train Accuracy: 0.7356
Epoch 8 - Dev Loss: 1.0512, Dev Accuracy: 0.6377, Dev F1: 0.6394
No improvement on dev loss. Patience: 6/20

Epoch 9/100
Epoch 9 - Train Loss: 0.5753, Train Accuracy: 0.7429
Epoch 9 - Dev Loss: 1.1899, Dev Accuracy: 0.6038, Dev F1: 0.6016
No improvement on dev loss. Patience: 7/20

Epoch 10/100
Epoch 10 - Train Loss: 0.5587, Train Accuracy: 0.7499
Epoch 10 - Dev Loss: 1.1916, Dev Accuracy: 0.6499, Dev F1: 0.6482
No improvement on dev loss. Patience: 8/20

Epoch 11/100
Epoch 11 - Train Loss: 0.5441, Train Accuracy: 0.7561
Epoch 11 - Dev Loss: 0.9634, Dev Accuracy: 0.6562, Dev F1: 0.6572
No improvement on dev loss. Patience: 9/20

Epoch 12/100
Epoch 12 - Train Loss: 0.5308, Train Accuracy: 0.7613
Epoch 12 - Dev Loss: 1.1013, Dev Accuracy: 0.6455, Dev F1: 0.6466
No improvement on dev loss. Patience: 10/20

Epoch 13/100
Epoch 13 - Train Loss: 0.5188, Train Accuracy: 0.7662
Epoch 13 - Dev Loss: 1.1863, Dev Accuracy: 0.6285, Dev F1: 0.6302
No improvement on dev loss. Patience: 11/20

Epoch 14/100
Epoch 14 - Train Loss: 0.5073, Train Accuracy: 0.7709
Epoch 14 - Dev Loss: 1.1193, Dev Accuracy: 0.6581, Dev F1: 0.6591
No improvement on dev loss. Patience: 12/20

Epoch 15/100
Epoch 15 - Train Loss: 0.4969, Train Accuracy: 0.7752
Epoch 15 - Dev Loss: 1.1735, Dev Accuracy: 0.6450, Dev F1: 0.6450
No improvement on dev loss. Patience: 13/20

Epoch 16/100
Epoch 16 - Train Loss: 0.4874, Train Accuracy: 0.7791
Epoch 16 - Dev Loss: 1.3930, Dev Accuracy: 0.6149, Dev F1: 0.6150
No improvement on dev loss. Patience: 14/20

Epoch 17/100
Epoch 17 - Train Loss: 0.4783, Train Accuracy: 0.7829
Epoch 17 - Dev Loss: 1.2252, Dev Accuracy: 0.6503, Dev F1: 0.6497
No improvement on dev loss. Patience: 15/20

Epoch 18/100
Epoch 18 - Train Loss: 0.4697, Train Accuracy: 0.7866
Epoch 18 - Dev Loss: 1.2385, Dev Accuracy: 0.6518, Dev F1: 0.6517
No improvement on dev loss. Patience: 16/20

Epoch 19/100
Epoch 19 - Train Loss: 0.4617, Train Accuracy: 0.7900
Epoch 19 - Dev Loss: 1.1856, Dev Accuracy: 0.6596, Dev F1: 0.6607
No improvement on dev loss. Patience: 17/20

Epoch 20/100
Epoch 20 - Train Loss: 0.4541, Train Accuracy: 0.7933
Epoch 20 - Dev Loss: 1.3830, Dev Accuracy: 0.6266, Dev F1: 0.6291
No improvement on dev loss. Patience: 18/20

Epoch 21/100
Epoch 21 - Train Loss: 0.4468, Train Accuracy: 0.7964
Epoch 21 - Dev Loss: 1.3603, Dev Accuracy: 0.6528, Dev F1: 0.6546
No improvement on dev loss. Patience: 19/20

Epoch 22/100
Epoch 22 - Train Loss: 0.4396, Train Accuracy: 0.7994
Epoch 22 - Dev Loss: 1.5696, Dev Accuracy: 0.6620, Dev F1: 0.6620
No improvement on dev loss. Patience: 20/20
Early stopping triggered.

Final Training Loss: 0.4396
Final Training Accuracy: 0.7994
Best Dev Loss: 0.8045
Best Dev Accuracy: 0.6285, Best Dev Macro F1: 0.6245
Config LR=0.0001, BS=8, Dropout=0.2, Hidden Dim=1024, Num Layers=2 -> Dev Loss: 0.8045, Dev Accuracy: 0.6285, Dev F1: 0.6245

Running experiment with lr=0.0001, model=mlp, batch_size=8
