Using device: cuda

=== Running experiment for learning rate = 0.01 with model cross ===
Encoding training data...
Encoding dev data...

Epoch 1/100
Epoch 1 - Train Loss: 1.5963, Train Accuracy: 0.4211
Epoch 1 - Dev Loss: 1.2378, Dev Accuracy: 0.3312, Dev F1: 0.1652
Dev loss improved; saving best model.

Epoch 2/100
Epoch 2 - Train Loss: 1.3469, Train Accuracy: 0.4406
Epoch 2 - Dev Loss: 1.1201, Dev Accuracy: 0.4025, Dev F1: 0.3008
Dev loss improved; saving best model.

Epoch 3/100
Epoch 3 - Train Loss: 1.2529, Train Accuracy: 0.4537
Epoch 3 - Dev Loss: 1.1730, Dev Accuracy: 0.4166, Dev F1: 0.3270
No improvement on dev loss. Patience: 1/10

Epoch 4/100
Epoch 4 - Train Loss: 1.1993, Train Accuracy: 0.4652
Epoch 4 - Dev Loss: 1.0897, Dev Accuracy: 0.4374, Dev F1: 0.3482
Dev loss improved; saving best model.

Epoch 5/100
Epoch 5 - Train Loss: 1.1638, Train Accuracy: 0.4727
Epoch 5 - Dev Loss: 1.6666, Dev Accuracy: 0.4219, Dev F1: 0.3359
No improvement on dev loss. Patience: 1/10

Epoch 6/100
Epoch 6 - Train Loss: 1.1406, Train Accuracy: 0.4788
Epoch 6 - Dev Loss: 1.1133, Dev Accuracy: 0.4248, Dev F1: 0.3387
No improvement on dev loss. Patience: 2/10

Epoch 7/100
Epoch 7 - Train Loss: 1.1233, Train Accuracy: 0.4833
Epoch 7 - Dev Loss: 1.4523, Dev Accuracy: 0.4171, Dev F1: 0.3318
No improvement on dev loss. Patience: 3/10

Epoch 8/100
Epoch 8 - Train Loss: 1.1088, Train Accuracy: 0.4873
Epoch 8 - Dev Loss: 1.1139, Dev Accuracy: 0.4001, Dev F1: 0.3478
No improvement on dev loss. Patience: 4/10

Epoch 9/100
Epoch 9 - Train Loss: 1.0980, Train Accuracy: 0.4906
Epoch 9 - Dev Loss: 1.1309, Dev Accuracy: 0.4006, Dev F1: 0.3545
No improvement on dev loss. Patience: 5/10

Epoch 10/100
Epoch 10 - Train Loss: 1.0882, Train Accuracy: 0.4940
Epoch 10 - Dev Loss: 1.2038, Dev Accuracy: 0.3928, Dev F1: 0.3073
No improvement on dev loss. Patience: 6/10

Epoch 11/100
Epoch 11 - Train Loss: 1.0805, Train Accuracy: 0.4962
Epoch 11 - Dev Loss: 1.1880, Dev Accuracy: 0.4282, Dev F1: 0.3393
No improvement on dev loss. Patience: 7/10

Epoch 12/100
Epoch 12 - Train Loss: 1.0741, Train Accuracy: 0.4980
Epoch 12 - Dev Loss: 1.4122, Dev Accuracy: 0.3982, Dev F1: 0.3152
No improvement on dev loss. Patience: 8/10

Epoch 13/100
Epoch 13 - Train Loss: 1.0675, Train Accuracy: 0.5001
Epoch 13 - Dev Loss: 1.1048, Dev Accuracy: 0.4064, Dev F1: 0.3984
No improvement on dev loss. Patience: 9/10

Epoch 14/100
Epoch 14 - Train Loss: 1.0621, Train Accuracy: 0.5016
Epoch 14 - Dev Loss: 1.1116, Dev Accuracy: 0.3933, Dev F1: 0.3318
No improvement on dev loss. Patience: 10/10
Early stopping triggered.

Final Training Metrics:
Average Loss: 1.0621
Training Accuracy: 0.5016
Best Dev Loss: 1.0897
Best Dev Accuracy: 0.3933, Best Dev Weighted F1: 0.3318
Learning rate 0.01 achieved Dev Accuracy: 0.3933

=== Running experiment for learning rate = 0.005 with model cross ===
Encoding training data...
Encoding dev data...

Epoch 1/100
Epoch 1 - Train Loss: 1.4828, Train Accuracy: 0.4267
Epoch 1 - Dev Loss: 1.1281, Dev Accuracy: 0.3938, Dev F1: 0.2918
Dev loss improved; saving best model.

Epoch 2/100
Epoch 2 - Train Loss: 1.2622, Train Accuracy: 0.4586
Epoch 2 - Dev Loss: 1.2335, Dev Accuracy: 0.3351, Dev F1: 0.2192
No improvement on dev loss. Patience: 1/10

Epoch 3/100
Epoch 3 - Train Loss: 1.1850, Train Accuracy: 0.4721
Epoch 3 - Dev Loss: 1.2275, Dev Accuracy: 0.4399, Dev F1: 0.3499
No improvement on dev loss. Patience: 2/10

Epoch 4/100
Epoch 4 - Train Loss: 1.1438, Train Accuracy: 0.4808
Epoch 4 - Dev Loss: 1.1356, Dev Accuracy: 0.3948, Dev F1: 0.3128
No improvement on dev loss. Patience: 3/10

Epoch 5/100
Epoch 5 - Train Loss: 1.1156, Train Accuracy: 0.4883
Epoch 5 - Dev Loss: 1.1052, Dev Accuracy: 0.4253, Dev F1: 0.3409
Dev loss improved; saving best model.

Epoch 6/100
Epoch 6 - Train Loss: 1.0945, Train Accuracy: 0.4949
Epoch 6 - Dev Loss: 1.1424, Dev Accuracy: 0.4408, Dev F1: 0.3593
No improvement on dev loss. Patience: 1/10

Epoch 7/100
Epoch 7 - Train Loss: 1.0783, Train Accuracy: 0.5005
Epoch 7 - Dev Loss: 1.1563, Dev Accuracy: 0.4219, Dev F1: 0.3355
No improvement on dev loss. Patience: 2/10

Epoch 8/100
Epoch 8 - Train Loss: 1.0654, Train Accuracy: 0.5044
Epoch 8 - Dev Loss: 1.2010, Dev Accuracy: 0.4205, Dev F1: 0.3299
No improvement on dev loss. Patience: 3/10

Epoch 9/100
Epoch 9 - Train Loss: 1.0545, Train Accuracy: 0.5080
Epoch 9 - Dev Loss: 1.1732, Dev Accuracy: 0.4287, Dev F1: 0.3510
No improvement on dev loss. Patience: 4/10

Epoch 10/100
Epoch 10 - Train Loss: 1.0458, Train Accuracy: 0.5108
Epoch 10 - Dev Loss: 1.1497, Dev Accuracy: 0.4273, Dev F1: 0.3431
No improvement on dev loss. Patience: 5/10

Epoch 11/100
Epoch 11 - Train Loss: 1.0378, Train Accuracy: 0.5135
Epoch 11 - Dev Loss: 1.2380, Dev Accuracy: 0.3463, Dev F1: 0.2490
No improvement on dev loss. Patience: 6/10

Epoch 12/100
Epoch 12 - Train Loss: 1.0308, Train Accuracy: 0.5162
Epoch 12 - Dev Loss: 1.2390, Dev Accuracy: 0.4146, Dev F1: 0.3499
No improvement on dev loss. Patience: 7/10

Epoch 13/100
Epoch 13 - Train Loss: 1.0249, Train Accuracy: 0.5183
Epoch 13 - Dev Loss: 1.3619, Dev Accuracy: 0.3894, Dev F1: 0.3209
No improvement on dev loss. Patience: 8/10

Epoch 14/100
Epoch 14 - Train Loss: 1.0193, Train Accuracy: 0.5204
Epoch 14 - Dev Loss: 1.1399, Dev Accuracy: 0.4156, Dev F1: 0.3754
No improvement on dev loss. Patience: 9/10

Epoch 15/100
Epoch 15 - Train Loss: 1.0145, Train Accuracy: 0.5221
Epoch 15 - Dev Loss: 1.2757, Dev Accuracy: 0.3875, Dev F1: 0.3095
No improvement on dev loss. Patience: 10/10
Early stopping triggered.

Final Training Metrics:
Average Loss: 1.0145
Training Accuracy: 0.5221
Best Dev Loss: 1.1052
Best Dev Accuracy: 0.3875, Best Dev Weighted F1: 0.3095
Learning rate 0.005 achieved Dev Accuracy: 0.3875

=== Running experiment for learning rate = 0.001 with model cross ===
Encoding training data...
Encoding dev data...

Epoch 1/100
Epoch 1 - Train Loss: 1.2152, Train Accuracy: 0.4446
Epoch 1 - Dev Loss: 1.1062, Dev Accuracy: 0.3880, Dev F1: 0.3086
Dev loss improved; saving best model.

Epoch 2/100
Epoch 2 - Train Loss: 1.1232, Train Accuracy: 0.4697
Epoch 2 - Dev Loss: 1.1865, Dev Accuracy: 0.3870, Dev F1: 0.3083
No improvement on dev loss. Patience: 1/10

Epoch 3/100
Epoch 3 - Train Loss: 1.0834, Train Accuracy: 0.4858
Epoch 3 - Dev Loss: 1.1481, Dev Accuracy: 0.4083, Dev F1: 0.3221
No improvement on dev loss. Patience: 2/10

Epoch 4/100
Epoch 4 - Train Loss: 1.0606, Train Accuracy: 0.4964
Epoch 4 - Dev Loss: 1.1711, Dev Accuracy: 0.4268, Dev F1: 0.3397
No improvement on dev loss. Patience: 3/10

Epoch 5/100
Epoch 5 - Train Loss: 1.0450, Train Accuracy: 0.5023
Epoch 5 - Dev Loss: 1.0969, Dev Accuracy: 0.4195, Dev F1: 0.3785
Dev loss improved; saving best model.

Epoch 6/100
Epoch 6 - Train Loss: 1.0333, Train Accuracy: 0.5081
Epoch 6 - Dev Loss: 1.2377, Dev Accuracy: 0.4011, Dev F1: 0.3119
No improvement on dev loss. Patience: 1/10

Epoch 7/100
Epoch 7 - Train Loss: 1.0235, Train Accuracy: 0.5128
Epoch 7 - Dev Loss: 1.1869, Dev Accuracy: 0.4224, Dev F1: 0.3488
No improvement on dev loss. Patience: 2/10

Epoch 8/100
Epoch 8 - Train Loss: 1.0151, Train Accuracy: 0.5169
Epoch 8 - Dev Loss: 1.2680, Dev Accuracy: 0.4239, Dev F1: 0.3376
No improvement on dev loss. Patience: 3/10

Epoch 9/100
Epoch 9 - Train Loss: 1.0076, Train Accuracy: 0.5205
Epoch 9 - Dev Loss: 1.2110, Dev Accuracy: 0.4248, Dev F1: 0.3548
No improvement on dev loss. Patience: 4/10

Epoch 10/100
Epoch 10 - Train Loss: 1.0006, Train Accuracy: 0.5235
Epoch 10 - Dev Loss: 1.1847, Dev Accuracy: 0.4229, Dev F1: 0.3487
No improvement on dev loss. Patience: 5/10

Epoch 11/100
Epoch 11 - Train Loss: 0.9945, Train Accuracy: 0.5264
Epoch 11 - Dev Loss: 1.2420, Dev Accuracy: 0.4268, Dev F1: 0.3693
No improvement on dev loss. Patience: 6/10

Epoch 12/100
Epoch 12 - Train Loss: 0.9890, Train Accuracy: 0.5290
Epoch 12 - Dev Loss: 1.3349, Dev Accuracy: 0.4171, Dev F1: 0.3337
No improvement on dev loss. Patience: 7/10

Epoch 13/100
Epoch 13 - Train Loss: 0.9837, Train Accuracy: 0.5314
Epoch 13 - Dev Loss: 1.3941, Dev Accuracy: 0.4185, Dev F1: 0.3524
No improvement on dev loss. Patience: 8/10

Epoch 14/100
Epoch 14 - Train Loss: 0.9790, Train Accuracy: 0.5339
Epoch 14 - Dev Loss: 1.2478, Dev Accuracy: 0.4151, Dev F1: 0.3508
No improvement on dev loss. Patience: 9/10

Epoch 15/100
Epoch 15 - Train Loss: 0.9747, Train Accuracy: 0.5357
Epoch 15 - Dev Loss: 1.2215, Dev Accuracy: 0.4273, Dev F1: 0.3833
No improvement on dev loss. Patience: 10/10
Early stopping triggered.

Final Training Metrics:
Average Loss: 0.9747
Training Accuracy: 0.5357
Best Dev Loss: 1.0969
Best Dev Accuracy: 0.4273, Best Dev Weighted F1: 0.3833
Learning rate 0.001 achieved Dev Accuracy: 0.4273

=== Running experiment for learning rate = 0.0005 with model cross ===
Encoding training data...
Encoding dev data...

Epoch 1/100
Epoch 1 - Train Loss: 1.1612, Train Accuracy: 0.4503
Epoch 1 - Dev Loss: 1.1353, Dev Accuracy: 0.4069, Dev F1: 0.3132
Dev loss improved; saving best model.

Epoch 2/100
Epoch 2 - Train Loss: 1.0947, Train Accuracy: 0.4765
Epoch 2 - Dev Loss: 1.1246, Dev Accuracy: 0.4151, Dev F1: 0.3224
Dev loss improved; saving best model.

Epoch 3/100
Epoch 3 - Train Loss: 1.0621, Train Accuracy: 0.4913
Epoch 3 - Dev Loss: 1.1258, Dev Accuracy: 0.4297, Dev F1: 0.3423
No improvement on dev loss. Patience: 1/10

Epoch 4/100
Epoch 4 - Train Loss: 1.0437, Train Accuracy: 0.4999
Epoch 4 - Dev Loss: 1.2804, Dev Accuracy: 0.4083, Dev F1: 0.3224
No improvement on dev loss. Patience: 2/10

Epoch 5/100
Epoch 5 - Train Loss: 1.0303, Train Accuracy: 0.5067
Epoch 5 - Dev Loss: 1.1768, Dev Accuracy: 0.4137, Dev F1: 0.3298
No improvement on dev loss. Patience: 3/10

Epoch 6/100
Epoch 6 - Train Loss: 1.0202, Train Accuracy: 0.5118
Epoch 6 - Dev Loss: 1.1870, Dev Accuracy: 0.4219, Dev F1: 0.3430
No improvement on dev loss. Patience: 4/10

Epoch 7/100
Epoch 7 - Train Loss: 1.0120, Train Accuracy: 0.5160
Epoch 7 - Dev Loss: 1.2509, Dev Accuracy: 0.3676, Dev F1: 0.2790
No improvement on dev loss. Patience: 5/10

Epoch 8/100
Epoch 8 - Train Loss: 1.0045, Train Accuracy: 0.5200
Epoch 8 - Dev Loss: 1.2245, Dev Accuracy: 0.4176, Dev F1: 0.3523
No improvement on dev loss. Patience: 6/10

Epoch 9/100
Epoch 9 - Train Loss: 0.9978, Train Accuracy: 0.5235
Epoch 9 - Dev Loss: 1.2245, Dev Accuracy: 0.4253, Dev F1: 0.3834
No improvement on dev loss. Patience: 7/10

Epoch 10/100
Epoch 10 - Train Loss: 0.9918, Train Accuracy: 0.5266
Epoch 10 - Dev Loss: 1.1692, Dev Accuracy: 0.4316, Dev F1: 0.3675
No improvement on dev loss. Patience: 8/10

Epoch 11/100
Epoch 11 - Train Loss: 0.9865, Train Accuracy: 0.5294
Epoch 11 - Dev Loss: 1.2003, Dev Accuracy: 0.4200, Dev F1: 0.3592
No improvement on dev loss. Patience: 9/10

Epoch 12/100
Epoch 12 - Train Loss: 0.9814, Train Accuracy: 0.5318
Epoch 12 - Dev Loss: 1.2397, Dev Accuracy: 0.4297, Dev F1: 0.3568
No improvement on dev loss. Patience: 10/10
Early stopping triggered.

Final Training Metrics:
Average Loss: 0.9814
Training Accuracy: 0.5318
Best Dev Loss: 1.1246
Best Dev Accuracy: 0.4297, Best Dev Weighted F1: 0.3568
Learning rate 0.0005 achieved Dev Accuracy: 0.4297

=== Running experiment for learning rate = 0.0001 with model cross ===
Encoding training data...
Encoding dev data...

Epoch 1/100
Epoch 1 - Train Loss: 1.0726, Train Accuracy: 0.4825
Epoch 1 - Dev Loss: 1.3097, Dev Accuracy: 0.3880, Dev F1: 0.2884
Dev loss improved; saving best model.

Epoch 2/100
Epoch 2 - Train Loss: 1.0335, Train Accuracy: 0.5041
Epoch 2 - Dev Loss: 1.1152, Dev Accuracy: 0.4326, Dev F1: 0.3446
Dev loss improved; saving best model.

Epoch 3/100
Epoch 3 - Train Loss: 1.0159, Train Accuracy: 0.5143
Epoch 3 - Dev Loss: 1.1611, Dev Accuracy: 0.4224, Dev F1: 0.3302
No improvement on dev loss. Patience: 1/10

Epoch 4/100
Epoch 4 - Train Loss: 1.0044, Train Accuracy: 0.5194
Epoch 4 - Dev Loss: 1.1076, Dev Accuracy: 0.4394, Dev F1: 0.3502
Dev loss improved; saving best model.

Epoch 5/100
Epoch 5 - Train Loss: 0.9975, Train Accuracy: 0.5230
Epoch 5 - Dev Loss: 1.1681, Dev Accuracy: 0.4306, Dev F1: 0.3430
No improvement on dev loss. Patience: 1/10

Epoch 6/100
Epoch 6 - Train Loss: 0.9904, Train Accuracy: 0.5267
Epoch 6 - Dev Loss: 1.1168, Dev Accuracy: 0.4326, Dev F1: 0.3644
No improvement on dev loss. Patience: 2/10

Epoch 7/100
Epoch 7 - Train Loss: 0.9843, Train Accuracy: 0.5300
Epoch 7 - Dev Loss: 1.4305, Dev Accuracy: 0.3904, Dev F1: 0.3110
No improvement on dev loss. Patience: 3/10

Epoch 8/100
Epoch 8 - Train Loss: 0.9792, Train Accuracy: 0.5328
Epoch 8 - Dev Loss: 1.1657, Dev Accuracy: 0.4287, Dev F1: 0.3480
No improvement on dev loss. Patience: 4/10

Epoch 9/100
Epoch 9 - Train Loss: 0.9743, Train Accuracy: 0.5354
Epoch 9 - Dev Loss: 1.2651, Dev Accuracy: 0.4195, Dev F1: 0.3356
No improvement on dev loss. Patience: 5/10

Epoch 10/100
Epoch 10 - Train Loss: 0.9697, Train Accuracy: 0.5381
Epoch 10 - Dev Loss: 1.2666, Dev Accuracy: 0.4287, Dev F1: 0.3424
No improvement on dev loss. Patience: 6/10

Epoch 11/100
Epoch 11 - Train Loss: 0.9653, Train Accuracy: 0.5398
Epoch 11 - Dev Loss: 1.3316, Dev Accuracy: 0.4302, Dev F1: 0.3505
No improvement on dev loss. Patience: 7/10

Epoch 12/100
Epoch 12 - Train Loss: 0.9611, Train Accuracy: 0.5416
Epoch 12 - Dev Loss: 1.2286, Dev Accuracy: 0.4025, Dev F1: 0.3512
No improvement on dev loss. Patience: 8/10

Epoch 13/100
Epoch 13 - Train Loss: 0.9572, Train Accuracy: 0.5435
Epoch 13 - Dev Loss: 1.1786, Dev Accuracy: 0.4083, Dev F1: 0.3595
No improvement on dev loss. Patience: 9/10

Epoch 14/100
Epoch 14 - Train Loss: 0.9534, Train Accuracy: 0.5454
Epoch 14 - Dev Loss: 1.2156, Dev Accuracy: 0.4045, Dev F1: 0.3568
No improvement on dev loss. Patience: 10/10
Early stopping triggered.

Final Training Metrics:
Average Loss: 0.9534
Training Accuracy: 0.5454
Best Dev Loss: 1.1076
Best Dev Accuracy: 0.4045, Best Dev Weighted F1: 0.3568
Learning rate 0.0001 achieved Dev Accuracy: 0.4045

=== Running experiment for learning rate = 5e-05 with model cross ===
