wandb: Agent Starting Run: 2g3zl31q with config:
wandb: 	batch_size: 16
wandb: 	epochs: 50
wandb: 	l2_reg: 1.2373655300660294e-05
wandb: 	lr: 7.456143256565723e-06
wandb: 	n_layers_freeze: 2
wandb: 	patience: 15
wandb: Currently logged in as: michaelzhao (michaelzhao-harvard-university) to https://api.wandb.ai. Use `wandb login --relogin` to force relogin
wandb: Using wandb-core as the SDK backend.  Please refer to https://wandb.me/wandb-core for more information.
wandb: Tracking run with wandb version 0.19.6
wandb: Run data is saved locally in /n/home09/michaelzhao/Downloads/thesis/vast/wandb/run-20250220_115216-2g3zl31q
wandb: Run `wandb offline` to turn off syncing.
wandb: Syncing run faithful-sweep-1
wandb: ⭐️ View project at https://wandb.ai/michaelzhao-harvard-university/wiki-larger-new
wandb: 🧹 View sweep at https://wandb.ai/michaelzhao-harvard-university/wiki-larger-new/sweeps/qlqcrkng
wandb: 🚀 View run at https://wandb.ai/michaelzhao-harvard-university/wiki-larger-new/runs/2g3zl31q
wandb:                                                                                
wandb: 🚀 View run faithful-sweep-1 at: https://wandb.ai/michaelzhao-harvard-university/wiki-larger-new/runs/2g3zl31q
wandb: ⭐️ View project at: https://wandb.ai/michaelzhao-harvard-university/wiki-larger-new
wandb: Synced 5 W&B file(s), 0 media file(s), 0 artifact file(s) and 0 other file(s)
wandb: Find logs at: ./wandb/run-20250220_115216-2g3zl31q/logs
wandb: Agent Starting Run: di0a48di with config:
wandb: 	batch_size: 8
wandb: 	epochs: 75
wandb: 	l2_reg: 9.855220272319236e-05
wandb: 	lr: 1.1293150480024109e-05
wandb: 	n_layers_freeze: 3
wandb: 	patience: 15
wandb: Tracking run with wandb version 0.19.6
wandb: Run data is saved locally in /n/home09/michaelzhao/Downloads/thesis/vast/wandb/run-20250220_122301-di0a48di
wandb: Run `wandb offline` to turn off syncing.
wandb: Syncing run valiant-sweep-2
wandb: ⭐️ View project at https://wandb.ai/michaelzhao-harvard-university/wiki-larger-new
wandb: 🧹 View sweep at https://wandb.ai/michaelzhao-harvard-university/wiki-larger-new/sweeps/qlqcrkng
wandb: 🚀 View run at https://wandb.ai/michaelzhao-harvard-university/wiki-larger-new/runs/di0a48di
wandb:                                                                                
wandb: 🚀 View run valiant-sweep-2 at: https://wandb.ai/michaelzhao-harvard-university/wiki-larger-new/runs/di0a48di
wandb: ⭐️ View project at: https://wandb.ai/michaelzhao-harvard-university/wiki-larger-new
wandb: Synced 5 W&B file(s), 0 media file(s), 0 artifact file(s) and 0 other file(s)
wandb: Find logs at: ./wandb/run-20250220_122301-di0a48di/logs
wandb: Agent Starting Run: 4505wbhy with config:
wandb: 	batch_size: 64
wandb: 	epochs: 50
wandb: 	l2_reg: 8.017995133791759e-05
wandb: 	lr: 1.6812007465377086e-05
wandb: 	n_layers_freeze: 0
wandb: 	patience: 15
wandb: Tracking run with wandb version 0.19.6
wandb: Run data is saved locally in /n/home09/michaelzhao/Downloads/thesis/vast/wandb/run-20250220_132100-4505wbhy
wandb: Run `wandb offline` to turn off syncing.
wandb: Syncing run rural-sweep-3
wandb: ⭐️ View project at https://wandb.ai/michaelzhao-harvard-university/wiki-larger-new
wandb: 🧹 View sweep at https://wandb.ai/michaelzhao-harvard-university/wiki-larger-new/sweeps/qlqcrkng
wandb: 🚀 View run at https://wandb.ai/michaelzhao-harvard-university/wiki-larger-new/runs/4505wbhy
wandb:                                                                                
wandb: 🚀 View run rural-sweep-3 at: https://wandb.ai/michaelzhao-harvard-university/wiki-larger-new/runs/4505wbhy
wandb: ⭐️ View project at: https://wandb.ai/michaelzhao-harvard-university/wiki-larger-new
wandb: Synced 5 W&B file(s), 0 media file(s), 0 artifact file(s) and 0 other file(s)
wandb: Find logs at: ./wandb/run-20250220_132100-4505wbhy/logs
wandb: Agent Starting Run: cfasmsho with config:
wandb: 	batch_size: 4
wandb: 	epochs: 75
wandb: 	l2_reg: 7.713770593384155e-05
wandb: 	lr: 1.970334596557772e-05
wandb: 	n_layers_freeze: 3
wandb: 	patience: 5
wandb: Tracking run with wandb version 0.19.6
wandb: Run data is saved locally in /n/home09/michaelzhao/Downloads/thesis/vast/wandb/run-20250220_140402-cfasmsho
wandb: Run `wandb offline` to turn off syncing.
wandb: Syncing run volcanic-sweep-4
wandb: ⭐️ View project at https://wandb.ai/michaelzhao-harvard-university/wiki-larger-new
wandb: 🧹 View sweep at https://wandb.ai/michaelzhao-harvard-university/wiki-larger-new/sweeps/qlqcrkng
wandb: 🚀 View run at https://wandb.ai/michaelzhao-harvard-university/wiki-larger-new/runs/cfasmsho
wandb:                                                                                
wandb: 🚀 View run volcanic-sweep-4 at: https://wandb.ai/michaelzhao-harvard-university/wiki-larger-new/runs/cfasmsho
wandb: ⭐️ View project at: https://wandb.ai/michaelzhao-harvard-university/wiki-larger-new
wandb: Synced 5 W&B file(s), 0 media file(s), 0 artifact file(s) and 0 other file(s)
wandb: Find logs at: ./wandb/run-20250220_140402-cfasmsho/logs
wandb: Agent Starting Run: lgnbkx4l with config:
wandb: 	batch_size: 32
wandb: 	epochs: 50
wandb: 	l2_reg: 4.632929921117104e-05
wandb: 	lr: 3.699609113886629e-05
wandb: 	n_layers_freeze: 4
wandb: 	patience: 15
wandb: Tracking run with wandb version 0.19.6
wandb: Run data is saved locally in /n/home09/michaelzhao/Downloads/thesis/vast/wandb/run-20250220_141859-lgnbkx4l
wandb: Run `wandb offline` to turn off syncing.
wandb: Syncing run breezy-sweep-5
wandb: ⭐️ View project at https://wandb.ai/michaelzhao-harvard-university/wiki-larger-new
wandb: 🧹 View sweep at https://wandb.ai/michaelzhao-harvard-university/wiki-larger-new/sweeps/qlqcrkng
wandb: 🚀 View run at https://wandb.ai/michaelzhao-harvard-university/wiki-larger-new/runs/lgnbkx4l
wandb:                                                                                
wandb: 🚀 View run breezy-sweep-5 at: https://wandb.ai/michaelzhao-harvard-university/wiki-larger-new/runs/lgnbkx4l
wandb: ⭐️ View project at: https://wandb.ai/michaelzhao-harvard-university/wiki-larger-new
wandb: Synced 5 W&B file(s), 0 media file(s), 0 artifact file(s) and 0 other file(s)
wandb: Find logs at: ./wandb/run-20250220_141859-lgnbkx4l/logs
wandb: Agent Starting Run: j2aej4ld with config:
wandb: 	batch_size: 8
wandb: 	epochs: 75
wandb: 	l2_reg: 4.673699971346352e-05
wandb: 	lr: 9.634512316843116e-06
wandb: 	n_layers_freeze: 2
wandb: 	patience: 15
wandb: Tracking run with wandb version 0.19.6
wandb: Run data is saved locally in /n/home09/michaelzhao/Downloads/thesis/vast/wandb/run-20250220_144401-j2aej4ld
wandb: Run `wandb offline` to turn off syncing.
wandb: Syncing run effortless-sweep-6
wandb: ⭐️ View project at https://wandb.ai/michaelzhao-harvard-university/wiki-larger-new
wandb: 🧹 View sweep at https://wandb.ai/michaelzhao-harvard-university/wiki-larger-new/sweeps/qlqcrkng
wandb: 🚀 View run at https://wandb.ai/michaelzhao-harvard-university/wiki-larger-new/runs/j2aej4ld
wandb:                                                                                
wandb: 🚀 View run effortless-sweep-6 at: https://wandb.ai/michaelzhao-harvard-university/wiki-larger-new/runs/j2aej4ld
wandb: ⭐️ View project at: https://wandb.ai/michaelzhao-harvard-university/wiki-larger-new
wandb: Synced 5 W&B file(s), 0 media file(s), 0 artifact file(s) and 0 other file(s)
wandb: Find logs at: ./wandb/run-20250220_144401-j2aej4ld/logs
wandb: Agent Starting Run: wikgfwlw with config:
wandb: 	batch_size: 8
wandb: 	epochs: 50
wandb: 	l2_reg: 8.121029538775144e-05
wandb: 	lr: 3.826037064972067e-05
wandb: 	n_layers_freeze: 4
wandb: 	patience: 15
wandb: Tracking run with wandb version 0.19.6
wandb: Run data is saved locally in /n/home09/michaelzhao/Downloads/thesis/vast/wandb/run-20250220_153033-wikgfwlw
wandb: Run `wandb offline` to turn off syncing.
wandb: Syncing run giddy-sweep-7
wandb: ⭐️ View project at https://wandb.ai/michaelzhao-harvard-university/wiki-larger-new
wandb: 🧹 View sweep at https://wandb.ai/michaelzhao-harvard-university/wiki-larger-new/sweeps/qlqcrkng
wandb: 🚀 View run at https://wandb.ai/michaelzhao-harvard-university/wiki-larger-new/runs/wikgfwlw
wandb:                                                                                
wandb: 🚀 View run giddy-sweep-7 at: https://wandb.ai/michaelzhao-harvard-university/wiki-larger-new/runs/wikgfwlw
wandb: ⭐️ View project at: https://wandb.ai/michaelzhao-harvard-university/wiki-larger-new
wandb: Synced 5 W&B file(s), 0 media file(s), 0 artifact file(s) and 0 other file(s)
wandb: Find logs at: ./wandb/run-20250220_153033-wikgfwlw/logs
wandb: Agent Starting Run: bwsj6as1 with config:
wandb: 	batch_size: 4
wandb: 	epochs: 50
wandb: 	l2_reg: 3.432815179488767e-05
wandb: 	lr: 9.222159401351857e-06
wandb: 	n_layers_freeze: 2
wandb: 	patience: 15
wandb: Tracking run with wandb version 0.19.6
wandb: Run data is saved locally in /n/home09/michaelzhao/Downloads/thesis/vast/wandb/run-20250220_161507-bwsj6as1
wandb: Run `wandb offline` to turn off syncing.
wandb: Syncing run floral-sweep-8
wandb: ⭐️ View project at https://wandb.ai/michaelzhao-harvard-university/wiki-larger-new
wandb: 🧹 View sweep at https://wandb.ai/michaelzhao-harvard-university/wiki-larger-new/sweeps/qlqcrkng
wandb: 🚀 View run at https://wandb.ai/michaelzhao-harvard-university/wiki-larger-new/runs/bwsj6as1
wandb:                                                                                
wandb: 🚀 View run floral-sweep-8 at: https://wandb.ai/michaelzhao-harvard-university/wiki-larger-new/runs/bwsj6as1
wandb: ⭐️ View project at: https://wandb.ai/michaelzhao-harvard-university/wiki-larger-new
wandb: Synced 5 W&B file(s), 0 media file(s), 0 artifact file(s) and 0 other file(s)
wandb: Find logs at: ./wandb/run-20250220_161507-bwsj6as1/logs
wandb: Agent Starting Run: hvggtcq1 with config:
wandb: 	batch_size: 16
wandb: 	epochs: 50
wandb: 	l2_reg: 5.497389313892825e-05
wandb: 	lr: 1.5077737992737464e-05
wandb: 	n_layers_freeze: 2
wandb: 	patience: 15
wandb: Tracking run with wandb version 0.19.6
wandb: Run data is saved locally in /n/home09/michaelzhao/Downloads/thesis/vast/wandb/run-20250220_172724-hvggtcq1
wandb: Run `wandb offline` to turn off syncing.
wandb: Syncing run dazzling-sweep-9
wandb: ⭐️ View project at https://wandb.ai/michaelzhao-harvard-university/wiki-larger-new
wandb: 🧹 View sweep at https://wandb.ai/michaelzhao-harvard-university/wiki-larger-new/sweeps/qlqcrkng
wandb: 🚀 View run at https://wandb.ai/michaelzhao-harvard-university/wiki-larger-new/runs/hvggtcq1
wandb:                                                                                
wandb: 🚀 View run dazzling-sweep-9 at: https://wandb.ai/michaelzhao-harvard-university/wiki-larger-new/runs/hvggtcq1
wandb: ⭐️ View project at: https://wandb.ai/michaelzhao-harvard-university/wiki-larger-new
wandb: Synced 5 W&B file(s), 0 media file(s), 0 artifact file(s) and 0 other file(s)
wandb: Find logs at: ./wandb/run-20250220_172724-hvggtcq1/logs
wandb: Agent Starting Run: 3bn1iw18 with config:
wandb: 	batch_size: 16
wandb: 	epochs: 50
wandb: 	l2_reg: 1.7103089447261418e-05
wandb: 	lr: 3.1266983901951186e-05
wandb: 	n_layers_freeze: 4
wandb: 	patience: 10
wandb: Tracking run with wandb version 0.19.6
wandb: Run data is saved locally in /n/home09/michaelzhao/Downloads/thesis/vast/wandb/run-20250220_182127-3bn1iw18
wandb: Run `wandb offline` to turn off syncing.
wandb: Syncing run solar-sweep-10
wandb: ⭐️ View project at https://wandb.ai/michaelzhao-harvard-university/wiki-larger-new
wandb: 🧹 View sweep at https://wandb.ai/michaelzhao-harvard-university/wiki-larger-new/sweeps/qlqcrkng
wandb: 🚀 View run at https://wandb.ai/michaelzhao-harvard-university/wiki-larger-new/runs/3bn1iw18
wandb:                                                                                
wandb: 🚀 View run solar-sweep-10 at: https://wandb.ai/michaelzhao-harvard-university/wiki-larger-new/runs/3bn1iw18
wandb: ⭐️ View project at: https://wandb.ai/michaelzhao-harvard-university/wiki-larger-new
wandb: Synced 5 W&B file(s), 0 media file(s), 0 artifact file(s) and 0 other file(s)
wandb: Find logs at: ./wandb/run-20250220_182127-3bn1iw18/logs
wandb: Agent Starting Run: b5bosclg with config:
wandb: 	batch_size: 4
wandb: 	epochs: 50
wandb: 	l2_reg: 7.938403030078804e-05
wandb: 	lr: 4.933302500960058e-05
wandb: 	n_layers_freeze: 3
wandb: 	patience: 5
wandb: Tracking run with wandb version 0.19.6
wandb: Run data is saved locally in /n/home09/michaelzhao/Downloads/thesis/vast/wandb/run-20250220_185007-b5bosclg
wandb: Run `wandb offline` to turn off syncing.
wandb: Syncing run sage-sweep-11
wandb: ⭐️ View project at https://wandb.ai/michaelzhao-harvard-university/wiki-larger-new
wandb: 🧹 View sweep at https://wandb.ai/michaelzhao-harvard-university/wiki-larger-new/sweeps/qlqcrkng
wandb: 🚀 View run at https://wandb.ai/michaelzhao-harvard-university/wiki-larger-new/runs/b5bosclg
wandb:                                                                                
wandb: 🚀 View run sage-sweep-11 at: https://wandb.ai/michaelzhao-harvard-university/wiki-larger-new/runs/b5bosclg
wandb: ⭐️ View project at: https://wandb.ai/michaelzhao-harvard-university/wiki-larger-new
wandb: Synced 5 W&B file(s), 0 media file(s), 0 artifact file(s) and 0 other file(s)
wandb: Find logs at: ./wandb/run-20250220_185007-b5bosclg/logs
wandb: Agent Starting Run: jt141l5x with config:
wandb: 	batch_size: 64
wandb: 	epochs: 75
wandb: 	l2_reg: 7.169510348412174e-05
wandb: 	lr: 3.738983060718425e-05
wandb: 	n_layers_freeze: 3
wandb: 	patience: 5
wandb: Tracking run with wandb version 0.19.6
wandb: Run data is saved locally in /n/home09/michaelzhao/Downloads/thesis/vast/wandb/run-20250220_190305-jt141l5x
wandb: Run `wandb offline` to turn off syncing.
wandb: Syncing run iconic-sweep-12
wandb: ⭐️ View project at https://wandb.ai/michaelzhao-harvard-university/wiki-larger-new
wandb: 🧹 View sweep at https://wandb.ai/michaelzhao-harvard-university/wiki-larger-new/sweeps/qlqcrkng
wandb: 🚀 View run at https://wandb.ai/michaelzhao-harvard-university/wiki-larger-new/runs/jt141l5x
wandb:                                                                                
wandb: 🚀 View run iconic-sweep-12 at: https://wandb.ai/michaelzhao-harvard-university/wiki-larger-new/runs/jt141l5x
wandb: ⭐️ View project at: https://wandb.ai/michaelzhao-harvard-university/wiki-larger-new
wandb: Synced 5 W&B file(s), 0 media file(s), 0 artifact file(s) and 0 other file(s)
wandb: Find logs at: ./wandb/run-20250220_190305-jt141l5x/logs
wandb: Agent Starting Run: d6ninewb with config:
wandb: 	batch_size: 8
wandb: 	epochs: 75
wandb: 	l2_reg: 4.295032419077487e-05
wandb: 	lr: 2.2563616654732652e-05
wandb: 	n_layers_freeze: 1
wandb: 	patience: 10
wandb: Tracking run with wandb version 0.19.6
wandb: Run data is saved locally in /n/home09/michaelzhao/Downloads/thesis/vast/wandb/run-20250220_191501-d6ninewb
wandb: Run `wandb offline` to turn off syncing.
wandb: Syncing run summer-sweep-13
wandb: ⭐️ View project at https://wandb.ai/michaelzhao-harvard-university/wiki-larger-new
wandb: 🧹 View sweep at https://wandb.ai/michaelzhao-harvard-university/wiki-larger-new/sweeps/qlqcrkng
wandb: 🚀 View run at https://wandb.ai/michaelzhao-harvard-university/wiki-larger-new/runs/d6ninewb
wandb: ERROR Error while calling W&B API: context deadline exceeded (<Response [500]>)
wandb:                                                                                
wandb: 🚀 View run summer-sweep-13 at: https://wandb.ai/michaelzhao-harvard-university/wiki-larger-new/runs/d6ninewb
wandb: ⭐️ View project at: https://wandb.ai/michaelzhao-harvard-university/wiki-larger-new
wandb: Synced 5 W&B file(s), 0 media file(s), 0 artifact file(s) and 0 other file(s)
wandb: Find logs at: ./wandb/run-20250220_191501-d6ninewb/logs
wandb: Agent Starting Run: 71kqdgkq with config:
wandb: 	batch_size: 16
wandb: 	epochs: 75
wandb: 	l2_reg: 4.283153321737122e-05
wandb: 	lr: 4.6729890196438976e-05
wandb: 	n_layers_freeze: 3
wandb: 	patience: 15
wandb: Tracking run with wandb version 0.19.6
wandb: Run data is saved locally in /n/home09/michaelzhao/Downloads/thesis/vast/wandb/run-20250220_193907-71kqdgkq
wandb: Run `wandb offline` to turn off syncing.
wandb: Syncing run vivid-sweep-14
wandb: ⭐️ View project at https://wandb.ai/michaelzhao-harvard-university/wiki-larger-new
wandb: 🧹 View sweep at https://wandb.ai/michaelzhao-harvard-university/wiki-larger-new/sweeps/qlqcrkng
wandb: 🚀 View run at https://wandb.ai/michaelzhao-harvard-university/wiki-larger-new/runs/71kqdgkq
wandb:                                                                                
wandb: 🚀 View run vivid-sweep-14 at: https://wandb.ai/michaelzhao-harvard-university/wiki-larger-new/runs/71kqdgkq
wandb: ⭐️ View project at: https://wandb.ai/michaelzhao-harvard-university/wiki-larger-new
wandb: Synced 5 W&B file(s), 0 media file(s), 0 artifact file(s) and 0 other file(s)
wandb: Find logs at: ./wandb/run-20250220_193907-71kqdgkq/logs
wandb: Agent Starting Run: zoks3cf5 with config:
wandb: 	batch_size: 8
wandb: 	epochs: 50
wandb: 	l2_reg: 6.661708491563726e-05
wandb: 	lr: 4.38916475428621e-05
wandb: 	n_layers_freeze: 4
wandb: 	patience: 10
wandb: Tracking run with wandb version 0.19.6
wandb: Run data is saved locally in /n/home09/michaelzhao/Downloads/thesis/vast/wandb/run-20250220_201734-zoks3cf5
wandb: Run `wandb offline` to turn off syncing.
wandb: Syncing run valiant-sweep-15
wandb: ⭐️ View project at https://wandb.ai/michaelzhao-harvard-university/wiki-larger-new
wandb: 🧹 View sweep at https://wandb.ai/michaelzhao-harvard-university/wiki-larger-new/sweeps/qlqcrkng
wandb: 🚀 View run at https://wandb.ai/michaelzhao-harvard-university/wiki-larger-new/runs/zoks3cf5
wandb:                                                                                
wandb: 🚀 View run valiant-sweep-15 at: https://wandb.ai/michaelzhao-harvard-university/wiki-larger-new/runs/zoks3cf5
wandb: ⭐️ View project at: https://wandb.ai/michaelzhao-harvard-university/wiki-larger-new
wandb: Synced 5 W&B file(s), 0 media file(s), 0 artifact file(s) and 0 other file(s)
wandb: Find logs at: ./wandb/run-20250220_201734-zoks3cf5/logs
wandb: Agent Starting Run: u5dt9f17 with config:
wandb: 	batch_size: 32
wandb: 	epochs: 75
wandb: 	l2_reg: 3.325585080210383e-05
wandb: 	lr: 1.6370070540656677e-05
wandb: 	n_layers_freeze: 1
wandb: 	patience: 15
wandb: Tracking run with wandb version 0.19.6
wandb: Run data is saved locally in /n/home09/michaelzhao/Downloads/thesis/vast/wandb/run-20250220_204421-u5dt9f17
wandb: Run `wandb offline` to turn off syncing.
wandb: Syncing run twilight-sweep-16
wandb: ⭐️ View project at https://wandb.ai/michaelzhao-harvard-university/wiki-larger-new
wandb: 🧹 View sweep at https://wandb.ai/michaelzhao-harvard-university/wiki-larger-new/sweeps/qlqcrkng
wandb: 🚀 View run at https://wandb.ai/michaelzhao-harvard-university/wiki-larger-new/runs/u5dt9f17
wandb:                                                                                
wandb: 🚀 View run twilight-sweep-16 at: https://wandb.ai/michaelzhao-harvard-university/wiki-larger-new/runs/u5dt9f17
wandb: ⭐️ View project at: https://wandb.ai/michaelzhao-harvard-university/wiki-larger-new
wandb: Synced 5 W&B file(s), 0 media file(s), 0 artifact file(s) and 0 other file(s)
wandb: Find logs at: ./wandb/run-20250220_204421-u5dt9f17/logs
wandb: Agent Starting Run: fapucjon with config:
wandb: 	batch_size: 64
wandb: 	epochs: 50
wandb: 	l2_reg: 1.6286138334758273e-05
wandb: 	lr: 1.9137507123903045e-05
wandb: 	n_layers_freeze: 0
wandb: 	patience: 15
wandb: Tracking run with wandb version 0.19.6
wandb: Run data is saved locally in /n/home09/michaelzhao/Downloads/thesis/vast/wandb/run-20250220_212059-fapucjon
wandb: Run `wandb offline` to turn off syncing.
wandb: Syncing run curious-sweep-17
wandb: ⭐️ View project at https://wandb.ai/michaelzhao-harvard-university/wiki-larger-new
wandb: 🧹 View sweep at https://wandb.ai/michaelzhao-harvard-university/wiki-larger-new/sweeps/qlqcrkng
wandb: 🚀 View run at https://wandb.ai/michaelzhao-harvard-university/wiki-larger-new/runs/fapucjon
wandb:                                                                                
wandb: 🚀 View run curious-sweep-17 at: https://wandb.ai/michaelzhao-harvard-university/wiki-larger-new/runs/fapucjon
wandb: ⭐️ View project at: https://wandb.ai/michaelzhao-harvard-university/wiki-larger-new
wandb: Synced 5 W&B file(s), 0 media file(s), 0 artifact file(s) and 0 other file(s)
wandb: Find logs at: ./wandb/run-20250220_212059-fapucjon/logs
wandb: Agent Starting Run: 4tb35nsk with config:
wandb: 	batch_size: 4
wandb: 	epochs: 50
wandb: 	l2_reg: 5.3497768113913335e-05
wandb: 	lr: 5.871722474882151e-06
wandb: 	n_layers_freeze: 3
wandb: 	patience: 5
wandb: Tracking run with wandb version 0.19.6
wandb: Run data is saved locally in /n/home09/michaelzhao/Downloads/thesis/vast/wandb/run-20250220_222245-4tb35nsk
wandb: Run `wandb offline` to turn off syncing.
wandb: Syncing run cool-sweep-18
wandb: ⭐️ View project at https://wandb.ai/michaelzhao-harvard-university/wiki-larger-new
wandb: 🧹 View sweep at https://wandb.ai/michaelzhao-harvard-university/wiki-larger-new/sweeps/qlqcrkng
wandb: 🚀 View run at https://wandb.ai/michaelzhao-harvard-university/wiki-larger-new/runs/4tb35nsk
wandb:                                                                                
wandb: 🚀 View run cool-sweep-18 at: https://wandb.ai/michaelzhao-harvard-university/wiki-larger-new/runs/4tb35nsk
wandb: ⭐️ View project at: https://wandb.ai/michaelzhao-harvard-university/wiki-larger-new
wandb: Synced 5 W&B file(s), 0 media file(s), 0 artifact file(s) and 0 other file(s)
wandb: Find logs at: ./wandb/run-20250220_222245-4tb35nsk/logs
wandb: Agent Starting Run: hl7fmuh8 with config:
wandb: 	batch_size: 4
wandb: 	epochs: 25
wandb: 	l2_reg: 8.400875134714341e-05
wandb: 	lr: 4.526948693044074e-05
wandb: 	n_layers_freeze: 4
wandb: 	patience: 5
wandb: Tracking run with wandb version 0.19.6
wandb: Run data is saved locally in /n/home09/michaelzhao/Downloads/thesis/vast/wandb/run-20250220_223950-hl7fmuh8
wandb: Run `wandb offline` to turn off syncing.
wandb: Syncing run solar-sweep-19
wandb: ⭐️ View project at https://wandb.ai/michaelzhao-harvard-university/wiki-larger-new
wandb: 🧹 View sweep at https://wandb.ai/michaelzhao-harvard-university/wiki-larger-new/sweeps/qlqcrkng
wandb: 🚀 View run at https://wandb.ai/michaelzhao-harvard-university/wiki-larger-new/runs/hl7fmuh8
wandb:                                                                                
wandb: 🚀 View run solar-sweep-19 at: https://wandb.ai/michaelzhao-harvard-university/wiki-larger-new/runs/hl7fmuh8
wandb: ⭐️ View project at: https://wandb.ai/michaelzhao-harvard-university/wiki-larger-new
wandb: Synced 5 W&B file(s), 0 media file(s), 0 artifact file(s) and 0 other file(s)
wandb: Find logs at: ./wandb/run-20250220_223950-hl7fmuh8/logs
wandb: Sweep Agent: Waiting for job.
wandb: Job received.
wandb: Agent Starting Run: v4k3hz7o with config:
wandb: 	batch_size: 64
wandb: 	epochs: 25
wandb: 	l2_reg: 2.1328433048321957e-05
wandb: 	lr: 4.0415450740325454e-05
wandb: 	n_layers_freeze: 4
wandb: 	patience: 10
wandb: Tracking run with wandb version 0.19.6
wandb: Run data is saved locally in /n/home09/michaelzhao/Downloads/thesis/vast/wandb/run-20250220_225612-v4k3hz7o
wandb: Run `wandb offline` to turn off syncing.
wandb: Syncing run desert-sweep-20
wandb: ⭐️ View project at https://wandb.ai/michaelzhao-harvard-university/wiki-larger-new
wandb: 🧹 View sweep at https://wandb.ai/michaelzhao-harvard-university/wiki-larger-new/sweeps/qlqcrkng
wandb: 🚀 View run at https://wandb.ai/michaelzhao-harvard-university/wiki-larger-new/runs/v4k3hz7o
wandb:                                                                                
wandb: 🚀 View run desert-sweep-20 at: https://wandb.ai/michaelzhao-harvard-university/wiki-larger-new/runs/v4k3hz7o
wandb: ⭐️ View project at: https://wandb.ai/michaelzhao-harvard-university/wiki-larger-new
wandb: Synced 5 W&B file(s), 0 media file(s), 0 artifact file(s) and 0 other file(s)
wandb: Find logs at: ./wandb/run-20250220_225612-v4k3hz7o/logs
wandb: Agent Starting Run: wocsnlki with config:
wandb: 	batch_size: 4
wandb: 	epochs: 50
wandb: 	l2_reg: 6.651608243621372e-05
wandb: 	lr: 9.308482639980922e-06
wandb: 	n_layers_freeze: 1
wandb: 	patience: 10
wandb: Tracking run with wandb version 0.19.6
wandb: Run data is saved locally in /n/home09/michaelzhao/Downloads/thesis/vast/wandb/run-20250220_231402-wocsnlki
wandb: Run `wandb offline` to turn off syncing.
wandb: Syncing run efficient-sweep-21
wandb: ⭐️ View project at https://wandb.ai/michaelzhao-harvard-university/wiki-larger-new
wandb: 🧹 View sweep at https://wandb.ai/michaelzhao-harvard-university/wiki-larger-new/sweeps/qlqcrkng
wandb: 🚀 View run at https://wandb.ai/michaelzhao-harvard-university/wiki-larger-new/runs/wocsnlki
wandb:                                                                                
wandb: 🚀 View run efficient-sweep-21 at: https://wandb.ai/michaelzhao-harvard-university/wiki-larger-new/runs/wocsnlki
wandb: ⭐️ View project at: https://wandb.ai/michaelzhao-harvard-university/wiki-larger-new
wandb: Synced 5 W&B file(s), 0 media file(s), 0 artifact file(s) and 0 other file(s)
wandb: Find logs at: ./wandb/run-20250220_231402-wocsnlki/logs
wandb: Agent Starting Run: p9nxj0ny with config:
wandb: 	batch_size: 32
wandb: 	epochs: 50
wandb: 	l2_reg: 8.887074880686118e-05
wandb: 	lr: 1.701224133848983e-05
wandb: 	n_layers_freeze: 2
wandb: 	patience: 10
wandb: Tracking run with wandb version 0.19.6
wandb: Run data is saved locally in /n/home09/michaelzhao/Downloads/thesis/vast/wandb/run-20250220_234435-p9nxj0ny
wandb: Run `wandb offline` to turn off syncing.
wandb: Syncing run celestial-sweep-22
wandb: ⭐️ View project at https://wandb.ai/michaelzhao-harvard-university/wiki-larger-new
wandb: 🧹 View sweep at https://wandb.ai/michaelzhao-harvard-university/wiki-larger-new/sweeps/qlqcrkng
wandb: 🚀 View run at https://wandb.ai/michaelzhao-harvard-university/wiki-larger-new/runs/p9nxj0ny
wandb:                                                                                
wandb: 🚀 View run celestial-sweep-22 at: https://wandb.ai/michaelzhao-harvard-university/wiki-larger-new/runs/p9nxj0ny
wandb: ⭐️ View project at: https://wandb.ai/michaelzhao-harvard-university/wiki-larger-new
wandb: Synced 5 W&B file(s), 0 media file(s), 0 artifact file(s) and 0 other file(s)
wandb: Find logs at: ./wandb/run-20250220_234435-p9nxj0ny/logs
wandb: Agent Starting Run: y46qb4wa with config:
wandb: 	batch_size: 64
wandb: 	epochs: 75
wandb: 	l2_reg: 6.0797661540434765e-05
wandb: 	lr: 9.58279615200579e-06
wandb: 	n_layers_freeze: 4
wandb: 	patience: 10
wandb: Tracking run with wandb version 0.19.6
wandb: Run data is saved locally in /n/home09/michaelzhao/Downloads/thesis/vast/wandb/run-20250221_000513-y46qb4wa
wandb: Run `wandb offline` to turn off syncing.
wandb: Syncing run robust-sweep-23
wandb: ⭐️ View project at https://wandb.ai/michaelzhao-harvard-university/wiki-larger-new
wandb: 🧹 View sweep at https://wandb.ai/michaelzhao-harvard-university/wiki-larger-new/sweeps/qlqcrkng
wandb: 🚀 View run at https://wandb.ai/michaelzhao-harvard-university/wiki-larger-new/runs/y46qb4wa
wandb:                                                                                
wandb: 🚀 View run robust-sweep-23 at: https://wandb.ai/michaelzhao-harvard-university/wiki-larger-new/runs/y46qb4wa
wandb: ⭐️ View project at: https://wandb.ai/michaelzhao-harvard-university/wiki-larger-new
wandb: Synced 5 W&B file(s), 0 media file(s), 0 artifact file(s) and 0 other file(s)
wandb: Find logs at: ./wandb/run-20250221_000513-y46qb4wa/logs
wandb: Agent Starting Run: wh3zz5u2 with config:
wandb: 	batch_size: 64
wandb: 	epochs: 25
wandb: 	l2_reg: 1.631828417507206e-05
wandb: 	lr: 5.030309512760153e-06
wandb: 	n_layers_freeze: 3
wandb: 	patience: 10
wandb: Tracking run with wandb version 0.19.6
wandb: Run data is saved locally in /n/home09/michaelzhao/Downloads/thesis/vast/wandb/run-20250221_002304-wh3zz5u2
wandb: Run `wandb offline` to turn off syncing.
wandb: Syncing run daily-sweep-24
wandb: ⭐️ View project at https://wandb.ai/michaelzhao-harvard-university/wiki-larger-new
wandb: 🧹 View sweep at https://wandb.ai/michaelzhao-harvard-university/wiki-larger-new/sweeps/qlqcrkng
wandb: 🚀 View run at https://wandb.ai/michaelzhao-harvard-university/wiki-larger-new/runs/wh3zz5u2
wandb:                                                                                
wandb: 🚀 View run daily-sweep-24 at: https://wandb.ai/michaelzhao-harvard-university/wiki-larger-new/runs/wh3zz5u2
wandb: ⭐️ View project at: https://wandb.ai/michaelzhao-harvard-university/wiki-larger-new
wandb: Synced 5 W&B file(s), 0 media file(s), 0 artifact file(s) and 0 other file(s)
wandb: Find logs at: ./wandb/run-20250221_002304-wh3zz5u2/logs
wandb: Agent Starting Run: 4xpjupxw with config:
wandb: 	batch_size: 4
wandb: 	epochs: 25
wandb: 	l2_reg: 1.917659270959106e-05
wandb: 	lr: 8.237317403330602e-06
wandb: 	n_layers_freeze: 3
wandb: 	patience: 5
wandb: Tracking run with wandb version 0.19.6
wandb: Run data is saved locally in /n/home09/michaelzhao/Downloads/thesis/vast/wandb/run-20250221_004453-4xpjupxw
wandb: Run `wandb offline` to turn off syncing.
wandb: Syncing run divine-sweep-25
wandb: ⭐️ View project at https://wandb.ai/michaelzhao-harvard-university/wiki-larger-new
wandb: 🧹 View sweep at https://wandb.ai/michaelzhao-harvard-university/wiki-larger-new/sweeps/qlqcrkng
wandb: 🚀 View run at https://wandb.ai/michaelzhao-harvard-university/wiki-larger-new/runs/4xpjupxw
wandb:                                                                                
wandb: 🚀 View run divine-sweep-25 at: https://wandb.ai/michaelzhao-harvard-university/wiki-larger-new/runs/4xpjupxw
wandb: ⭐️ View project at: https://wandb.ai/michaelzhao-harvard-university/wiki-larger-new
wandb: Synced 5 W&B file(s), 0 media file(s), 0 artifact file(s) and 0 other file(s)
wandb: Find logs at: ./wandb/run-20250221_004453-4xpjupxw/logs
wandb: Agent Starting Run: 9sb2yzkm with config:
wandb: 	batch_size: 32
wandb: 	epochs: 25
wandb: 	l2_reg: 8.1130180973738e-05
wandb: 	lr: 4.3318575472042456e-05
wandb: 	n_layers_freeze: 1
wandb: 	patience: 15
wandb: Tracking run with wandb version 0.19.6
wandb: Run data is saved locally in /n/home09/michaelzhao/Downloads/thesis/vast/wandb/run-20250221_010802-9sb2yzkm
wandb: Run `wandb offline` to turn off syncing.
wandb: Syncing run glamorous-sweep-26
wandb: ⭐️ View project at https://wandb.ai/michaelzhao-harvard-university/wiki-larger-new
wandb: 🧹 View sweep at https://wandb.ai/michaelzhao-harvard-university/wiki-larger-new/sweeps/qlqcrkng
wandb: 🚀 View run at https://wandb.ai/michaelzhao-harvard-university/wiki-larger-new/runs/9sb2yzkm
wandb:                                                                                
wandb: 🚀 View run glamorous-sweep-26 at: https://wandb.ai/michaelzhao-harvard-university/wiki-larger-new/runs/9sb2yzkm
wandb: ⭐️ View project at: https://wandb.ai/michaelzhao-harvard-university/wiki-larger-new
wandb: Synced 5 W&B file(s), 0 media file(s), 0 artifact file(s) and 0 other file(s)
wandb: Find logs at: ./wandb/run-20250221_010802-9sb2yzkm/logs
wandb: Agent Starting Run: k5u34jfm with config:
wandb: 	batch_size: 16
wandb: 	epochs: 75
wandb: 	l2_reg: 9.890821998653755e-05
wandb: 	lr: 3.0376132163226627e-05
wandb: 	n_layers_freeze: 4
wandb: 	patience: 15
wandb: Tracking run with wandb version 0.19.6
wandb: Run data is saved locally in /n/home09/michaelzhao/Downloads/thesis/vast/wandb/run-20250221_014931-k5u34jfm
wandb: Run `wandb offline` to turn off syncing.
wandb: Syncing run daily-sweep-27
wandb: ⭐️ View project at https://wandb.ai/michaelzhao-harvard-university/wiki-larger-new
wandb: 🧹 View sweep at https://wandb.ai/michaelzhao-harvard-university/wiki-larger-new/sweeps/qlqcrkng
wandb: 🚀 View run at https://wandb.ai/michaelzhao-harvard-university/wiki-larger-new/runs/k5u34jfm
wandb:                                                                                
wandb: 🚀 View run daily-sweep-27 at: https://wandb.ai/michaelzhao-harvard-university/wiki-larger-new/runs/k5u34jfm
wandb: ⭐️ View project at: https://wandb.ai/michaelzhao-harvard-university/wiki-larger-new
wandb: Synced 5 W&B file(s), 0 media file(s), 0 artifact file(s) and 0 other file(s)
wandb: Find logs at: ./wandb/run-20250221_014931-k5u34jfm/logs
wandb: Agent Starting Run: 7d65vg50 with config:
wandb: 	batch_size: 32
wandb: 	epochs: 25
wandb: 	l2_reg: 7.208583790616237e-05
wandb: 	lr: 3.0787416389760645e-05
wandb: 	n_layers_freeze: 0
wandb: 	patience: 15
wandb: Tracking run with wandb version 0.19.6
wandb: Run data is saved locally in /n/home09/michaelzhao/Downloads/thesis/vast/wandb/run-20250221_021640-7d65vg50
wandb: Run `wandb offline` to turn off syncing.
wandb: Syncing run decent-sweep-28
wandb: ⭐️ View project at https://wandb.ai/michaelzhao-harvard-university/wiki-larger-new
wandb: 🧹 View sweep at https://wandb.ai/michaelzhao-harvard-university/wiki-larger-new/sweeps/qlqcrkng
wandb: 🚀 View run at https://wandb.ai/michaelzhao-harvard-university/wiki-larger-new/runs/7d65vg50
wandb:                                                                                
wandb: 🚀 View run decent-sweep-28 at: https://wandb.ai/michaelzhao-harvard-university/wiki-larger-new/runs/7d65vg50
wandb: ⭐️ View project at: https://wandb.ai/michaelzhao-harvard-university/wiki-larger-new
wandb: Synced 5 W&B file(s), 0 media file(s), 0 artifact file(s) and 0 other file(s)
wandb: Find logs at: ./wandb/run-20250221_021640-7d65vg50/logs
wandb: Agent Starting Run: o88rp8ix with config:
wandb: 	batch_size: 4
wandb: 	epochs: 75
wandb: 	l2_reg: 3.357797377886195e-05
wandb: 	lr: 3.231538452810784e-05
wandb: 	n_layers_freeze: 2
wandb: 	patience: 15
wandb: Tracking run with wandb version 0.19.6
wandb: Run data is saved locally in /n/home09/michaelzhao/Downloads/thesis/vast/wandb/run-20250221_030055-o88rp8ix
wandb: Run `wandb offline` to turn off syncing.
wandb: Syncing run different-sweep-29
wandb: ⭐️ View project at https://wandb.ai/michaelzhao-harvard-university/wiki-larger-new
wandb: 🧹 View sweep at https://wandb.ai/michaelzhao-harvard-university/wiki-larger-new/sweeps/qlqcrkng
wandb: 🚀 View run at https://wandb.ai/michaelzhao-harvard-university/wiki-larger-new/runs/o88rp8ix
wandb:                                                                                
wandb: 🚀 View run different-sweep-29 at: https://wandb.ai/michaelzhao-harvard-university/wiki-larger-new/runs/o88rp8ix
wandb: ⭐️ View project at: https://wandb.ai/michaelzhao-harvard-university/wiki-larger-new
wandb: Synced 5 W&B file(s), 0 media file(s), 0 artifact file(s) and 0 other file(s)
wandb: Find logs at: ./wandb/run-20250221_030055-o88rp8ix/logs
wandb: Agent Starting Run: z8wygskd with config:
wandb: 	batch_size: 32
wandb: 	epochs: 25
wandb: 	l2_reg: 3.6911910394855015e-05
wandb: 	lr: 4.310505505333836e-05
wandb: 	n_layers_freeze: 2
wandb: 	patience: 5
wandb: Tracking run with wandb version 0.19.6
wandb: Run data is saved locally in /n/home09/michaelzhao/Downloads/thesis/vast/wandb/run-20250221_040438-z8wygskd
wandb: Run `wandb offline` to turn off syncing.
wandb: Syncing run worldly-sweep-30
wandb: ⭐️ View project at https://wandb.ai/michaelzhao-harvard-university/wiki-larger-new
wandb: 🧹 View sweep at https://wandb.ai/michaelzhao-harvard-university/wiki-larger-new/sweeps/qlqcrkng
wandb: 🚀 View run at https://wandb.ai/michaelzhao-harvard-university/wiki-larger-new/runs/z8wygskd
wandb:                                                                                
wandb: 🚀 View run worldly-sweep-30 at: https://wandb.ai/michaelzhao-harvard-university/wiki-larger-new/runs/z8wygskd
wandb: ⭐️ View project at: https://wandb.ai/michaelzhao-harvard-university/wiki-larger-new
wandb: Synced 5 W&B file(s), 0 media file(s), 0 artifact file(s) and 0 other file(s)
wandb: Find logs at: ./wandb/run-20250221_040438-z8wygskd/logs
wandb: Agent Starting Run: z4i9ovm2 with config:
wandb: 	batch_size: 32
wandb: 	epochs: 25
wandb: 	l2_reg: 9.82154541407499e-05
wandb: 	lr: 3.192676594132771e-05
wandb: 	n_layers_freeze: 4
wandb: 	patience: 15
wandb: Tracking run with wandb version 0.19.6
wandb: Run data is saved locally in /n/home09/michaelzhao/Downloads/thesis/vast/wandb/run-20250221_041427-z4i9ovm2
wandb: Run `wandb offline` to turn off syncing.
wandb: Syncing run absurd-sweep-31
wandb: ⭐️ View project at https://wandb.ai/michaelzhao-harvard-university/wiki-larger-new
wandb: 🧹 View sweep at https://wandb.ai/michaelzhao-harvard-university/wiki-larger-new/sweeps/qlqcrkng
wandb: 🚀 View run at https://wandb.ai/michaelzhao-harvard-university/wiki-larger-new/runs/z4i9ovm2
wandb:                                                                                
wandb: 🚀 View run absurd-sweep-31 at: https://wandb.ai/michaelzhao-harvard-university/wiki-larger-new/runs/z4i9ovm2
wandb: ⭐️ View project at: https://wandb.ai/michaelzhao-harvard-university/wiki-larger-new
wandb: Synced 5 W&B file(s), 0 media file(s), 0 artifact file(s) and 0 other file(s)
wandb: Find logs at: ./wandb/run-20250221_041427-z4i9ovm2/logs
wandb: Agent Starting Run: f34iisky with config:
wandb: 	batch_size: 32
wandb: 	epochs: 25
wandb: 	l2_reg: 2.200829254912727e-05
wandb: 	lr: 3.477700355739651e-05
wandb: 	n_layers_freeze: 4
wandb: 	patience: 15
wandb: Tracking run with wandb version 0.19.6
wandb: Run data is saved locally in /n/home09/michaelzhao/Downloads/thesis/vast/wandb/run-20250221_043931-f34iisky
wandb: Run `wandb offline` to turn off syncing.
wandb: Syncing run cosmic-sweep-32
wandb: ⭐️ View project at https://wandb.ai/michaelzhao-harvard-university/wiki-larger-new
wandb: 🧹 View sweep at https://wandb.ai/michaelzhao-harvard-university/wiki-larger-new/sweeps/qlqcrkng
wandb: 🚀 View run at https://wandb.ai/michaelzhao-harvard-university/wiki-larger-new/runs/f34iisky
wandb:                                                                                
wandb: 🚀 View run cosmic-sweep-32 at: https://wandb.ai/michaelzhao-harvard-university/wiki-larger-new/runs/f34iisky
wandb: ⭐️ View project at: https://wandb.ai/michaelzhao-harvard-university/wiki-larger-new
wandb: Synced 5 W&B file(s), 0 media file(s), 0 artifact file(s) and 0 other file(s)
wandb: Find logs at: ./wandb/run-20250221_043931-f34iisky/logs
wandb: Agent Starting Run: ij8yivec with config:
wandb: 	batch_size: 64
wandb: 	epochs: 75
wandb: 	l2_reg: 9.093382981394632e-05
wandb: 	lr: 1.9293679848045277e-05
wandb: 	n_layers_freeze: 4
wandb: 	patience: 15
wandb: Tracking run with wandb version 0.19.6
wandb: Run data is saved locally in /n/home09/michaelzhao/Downloads/thesis/vast/wandb/run-20250221_051004-ij8yivec
wandb: Run `wandb offline` to turn off syncing.
wandb: Syncing run eager-sweep-33
wandb: ⭐️ View project at https://wandb.ai/michaelzhao-harvard-university/wiki-larger-new
wandb: 🧹 View sweep at https://wandb.ai/michaelzhao-harvard-university/wiki-larger-new/sweeps/qlqcrkng
wandb: 🚀 View run at https://wandb.ai/michaelzhao-harvard-university/wiki-larger-new/runs/ij8yivec
wandb:                                                                                
wandb: 🚀 View run eager-sweep-33 at: https://wandb.ai/michaelzhao-harvard-university/wiki-larger-new/runs/ij8yivec
wandb: ⭐️ View project at: https://wandb.ai/michaelzhao-harvard-university/wiki-larger-new
wandb: Synced 5 W&B file(s), 0 media file(s), 0 artifact file(s) and 0 other file(s)
wandb: Find logs at: ./wandb/run-20250221_051004-ij8yivec/logs
wandb: Agent Starting Run: 3t8h9cgo with config:
wandb: 	batch_size: 64
wandb: 	epochs: 50
wandb: 	l2_reg: 5.973255929891731e-05
wandb: 	lr: 4.728288725780223e-05
wandb: 	n_layers_freeze: 4
wandb: 	patience: 10
wandb: Tracking run with wandb version 0.19.6
wandb: Run data is saved locally in /n/home09/michaelzhao/Downloads/thesis/vast/wandb/run-20250221_053313-3t8h9cgo
wandb: Run `wandb offline` to turn off syncing.
wandb: Syncing run whole-sweep-34
wandb: ⭐️ View project at https://wandb.ai/michaelzhao-harvard-university/wiki-larger-new
wandb: 🧹 View sweep at https://wandb.ai/michaelzhao-harvard-university/wiki-larger-new/sweeps/qlqcrkng
wandb: 🚀 View run at https://wandb.ai/michaelzhao-harvard-university/wiki-larger-new/runs/3t8h9cgo
wandb:                                                                                
wandb: 🚀 View run whole-sweep-34 at: https://wandb.ai/michaelzhao-harvard-university/wiki-larger-new/runs/3t8h9cgo
wandb: ⭐️ View project at: https://wandb.ai/michaelzhao-harvard-university/wiki-larger-new
wandb: Synced 5 W&B file(s), 0 media file(s), 0 artifact file(s) and 0 other file(s)
wandb: Find logs at: ./wandb/run-20250221_053313-3t8h9cgo/logs
wandb: Agent Starting Run: zlpjypua with config:
wandb: 	batch_size: 64
wandb: 	epochs: 50
wandb: 	l2_reg: 9.896234117049388e-05
wandb: 	lr: 3.430545421945512e-05
wandb: 	n_layers_freeze: 2
wandb: 	patience: 10
wandb: Tracking run with wandb version 0.19.6
wandb: Run data is saved locally in /n/home09/michaelzhao/Downloads/thesis/vast/wandb/run-20250221_055103-zlpjypua
wandb: Run `wandb offline` to turn off syncing.
wandb: Syncing run eternal-sweep-35
wandb: ⭐️ View project at https://wandb.ai/michaelzhao-harvard-university/wiki-larger-new
wandb: 🧹 View sweep at https://wandb.ai/michaelzhao-harvard-university/wiki-larger-new/sweeps/qlqcrkng
wandb: 🚀 View run at https://wandb.ai/michaelzhao-harvard-university/wiki-larger-new/runs/zlpjypua
wandb:                                                                                
wandb: 🚀 View run eternal-sweep-35 at: https://wandb.ai/michaelzhao-harvard-university/wiki-larger-new/runs/zlpjypua
wandb: ⭐️ View project at: https://wandb.ai/michaelzhao-harvard-university/wiki-larger-new
wandb: Synced 5 W&B file(s), 0 media file(s), 0 artifact file(s) and 0 other file(s)
wandb: Find logs at: ./wandb/run-20250221_055103-zlpjypua/logs
wandb: Agent Starting Run: djt16zle with config:
wandb: 	batch_size: 32
wandb: 	epochs: 75
wandb: 	l2_reg: 3.12909630679384e-05
wandb: 	lr: 7.855904738630978e-06
wandb: 	n_layers_freeze: 1
wandb: 	patience: 5
wandb: Tracking run with wandb version 0.19.6
wandb: Run data is saved locally in /n/home09/michaelzhao/Downloads/thesis/vast/wandb/run-20250221_061714-djt16zle
wandb: Run `wandb offline` to turn off syncing.
wandb: Syncing run helpful-sweep-36
wandb: ⭐️ View project at https://wandb.ai/michaelzhao-harvard-university/wiki-larger-new
wandb: 🧹 View sweep at https://wandb.ai/michaelzhao-harvard-university/wiki-larger-new/sweeps/qlqcrkng
wandb: 🚀 View run at https://wandb.ai/michaelzhao-harvard-university/wiki-larger-new/runs/djt16zle
wandb:                                                                                
wandb: 🚀 View run helpful-sweep-36 at: https://wandb.ai/michaelzhao-harvard-university/wiki-larger-new/runs/djt16zle
wandb: ⭐️ View project at: https://wandb.ai/michaelzhao-harvard-university/wiki-larger-new
wandb: Synced 5 W&B file(s), 0 media file(s), 0 artifact file(s) and 0 other file(s)
wandb: Find logs at: ./wandb/run-20250221_061714-djt16zle/logs
wandb: Agent Starting Run: v6qgrrwl with config:
wandb: 	batch_size: 8
wandb: 	epochs: 75
wandb: 	l2_reg: 1.3875163102073824e-05
wandb: 	lr: 3.3745076156447505e-05
wandb: 	n_layers_freeze: 4
wandb: 	patience: 10
wandb: Tracking run with wandb version 0.19.6
wandb: Run data is saved locally in /n/home09/michaelzhao/Downloads/thesis/vast/wandb/run-20250221_063052-v6qgrrwl
wandb: Run `wandb offline` to turn off syncing.
wandb: Syncing run vocal-sweep-37
wandb: ⭐️ View project at https://wandb.ai/michaelzhao-harvard-university/wiki-larger-new
wandb: 🧹 View sweep at https://wandb.ai/michaelzhao-harvard-university/wiki-larger-new/sweeps/qlqcrkng
wandb: 🚀 View run at https://wandb.ai/michaelzhao-harvard-university/wiki-larger-new/runs/v6qgrrwl
wandb:                                                                                
wandb: 🚀 View run vocal-sweep-37 at: https://wandb.ai/michaelzhao-harvard-university/wiki-larger-new/runs/v6qgrrwl
wandb: ⭐️ View project at: https://wandb.ai/michaelzhao-harvard-university/wiki-larger-new
wandb: Synced 5 W&B file(s), 0 media file(s), 0 artifact file(s) and 0 other file(s)
wandb: Find logs at: ./wandb/run-20250221_063052-v6qgrrwl/logs
wandb: Agent Starting Run: gt06uiih with config:
wandb: 	batch_size: 4
wandb: 	epochs: 75
wandb: 	l2_reg: 6.94114686869385e-05
wandb: 	lr: 1.616917069832221e-05
wandb: 	n_layers_freeze: 0
wandb: 	patience: 10
wandb: Tracking run with wandb version 0.19.6
wandb: Run data is saved locally in /n/home09/michaelzhao/Downloads/thesis/vast/wandb/run-20250221_065731-gt06uiih
wandb: Run `wandb offline` to turn off syncing.
wandb: Syncing run golden-sweep-38
wandb: ⭐️ View project at https://wandb.ai/michaelzhao-harvard-university/wiki-larger-new
wandb: 🧹 View sweep at https://wandb.ai/michaelzhao-harvard-university/wiki-larger-new/sweeps/qlqcrkng
wandb: 🚀 View run at https://wandb.ai/michaelzhao-harvard-university/wiki-larger-new/runs/gt06uiih
wandb:                                                                                
wandb: 🚀 View run golden-sweep-38 at: https://wandb.ai/michaelzhao-harvard-university/wiki-larger-new/runs/gt06uiih
wandb: ⭐️ View project at: https://wandb.ai/michaelzhao-harvard-university/wiki-larger-new
wandb: Synced 5 W&B file(s), 0 media file(s), 0 artifact file(s) and 0 other file(s)
wandb: Find logs at: ./wandb/run-20250221_065731-gt06uiih/logs
wandb: Agent Starting Run: m5milwd3 with config:
wandb: 	batch_size: 32
wandb: 	epochs: 25
wandb: 	l2_reg: 4.0920071924920766e-05
wandb: 	lr: 1.949423496750361e-05
wandb: 	n_layers_freeze: 2
wandb: 	patience: 5
wandb: Tracking run with wandb version 0.19.6
wandb: Run data is saved locally in /n/home09/michaelzhao/Downloads/thesis/vast/wandb/run-20250221_073036-m5milwd3
wandb: Run `wandb offline` to turn off syncing.
wandb: Syncing run olive-sweep-39
wandb: ⭐️ View project at https://wandb.ai/michaelzhao-harvard-university/wiki-larger-new
wandb: 🧹 View sweep at https://wandb.ai/michaelzhao-harvard-university/wiki-larger-new/sweeps/qlqcrkng
wandb: 🚀 View run at https://wandb.ai/michaelzhao-harvard-university/wiki-larger-new/runs/m5milwd3
wandb:                                                                                
wandb: 🚀 View run olive-sweep-39 at: https://wandb.ai/michaelzhao-harvard-university/wiki-larger-new/runs/m5milwd3
wandb: ⭐️ View project at: https://wandb.ai/michaelzhao-harvard-university/wiki-larger-new
wandb: Synced 5 W&B file(s), 0 media file(s), 0 artifact file(s) and 0 other file(s)
wandb: Find logs at: ./wandb/run-20250221_073036-m5milwd3/logs
wandb: Agent Starting Run: z3bjuyk8 with config:
wandb: 	batch_size: 4
wandb: 	epochs: 75
wandb: 	l2_reg: 7.418786370091111e-05
wandb: 	lr: 7.737933999024603e-06
wandb: 	n_layers_freeze: 1
wandb: 	patience: 15
wandb: Tracking run with wandb version 0.19.6
wandb: Run data is saved locally in /n/home09/michaelzhao/Downloads/thesis/vast/wandb/run-20250221_074330-z3bjuyk8
wandb: Run `wandb offline` to turn off syncing.
wandb: Syncing run earthy-sweep-40
wandb: ⭐️ View project at https://wandb.ai/michaelzhao-harvard-university/wiki-larger-new
wandb: 🧹 View sweep at https://wandb.ai/michaelzhao-harvard-university/wiki-larger-new/sweeps/qlqcrkng
wandb: 🚀 View run at https://wandb.ai/michaelzhao-harvard-university/wiki-larger-new/runs/z3bjuyk8
wandb:                                                                                
wandb: 🚀 View run earthy-sweep-40 at: https://wandb.ai/michaelzhao-harvard-university/wiki-larger-new/runs/z3bjuyk8
wandb: ⭐️ View project at: https://wandb.ai/michaelzhao-harvard-university/wiki-larger-new
wandb: Synced 5 W&B file(s), 0 media file(s), 0 artifact file(s) and 0 other file(s)
wandb: Find logs at: ./wandb/run-20250221_074330-z3bjuyk8/logs
wandb: Sweep Agent: Waiting for job.
wandb: Job received.
wandb: Agent Starting Run: hb5o97u3 with config:
wandb: 	batch_size: 32
wandb: 	epochs: 50
wandb: 	l2_reg: 9.293029026634384e-05
wandb: 	lr: 1.432931294534992e-05
wandb: 	n_layers_freeze: 2
wandb: 	patience: 5
wandb: Tracking run with wandb version 0.19.6
wandb: Run data is saved locally in /n/home09/michaelzhao/Downloads/thesis/vast/wandb/run-20250221_092319-hb5o97u3
wandb: Run `wandb offline` to turn off syncing.
wandb: Syncing run atomic-sweep-41
wandb: ⭐️ View project at https://wandb.ai/michaelzhao-harvard-university/wiki-larger-new
wandb: 🧹 View sweep at https://wandb.ai/michaelzhao-harvard-university/wiki-larger-new/sweeps/qlqcrkng
wandb: 🚀 View run at https://wandb.ai/michaelzhao-harvard-university/wiki-larger-new/runs/hb5o97u3
wandb:                                                                                
wandb: 🚀 View run atomic-sweep-41 at: https://wandb.ai/michaelzhao-harvard-university/wiki-larger-new/runs/hb5o97u3
wandb: ⭐️ View project at: https://wandb.ai/michaelzhao-harvard-university/wiki-larger-new
wandb: Synced 5 W&B file(s), 0 media file(s), 0 artifact file(s) and 0 other file(s)
wandb: Find logs at: ./wandb/run-20250221_092319-hb5o97u3/logs
wandb: Agent Starting Run: ea49uisk with config:
wandb: 	batch_size: 4
wandb: 	epochs: 50
wandb: 	l2_reg: 3.05961387708755e-05
wandb: 	lr: 2.699740527902376e-05
wandb: 	n_layers_freeze: 0
wandb: 	patience: 10
wandb: Tracking run with wandb version 0.19.6
wandb: Run data is saved locally in /n/home09/michaelzhao/Downloads/thesis/vast/wandb/run-20250221_093614-ea49uisk
wandb: Run `wandb offline` to turn off syncing.
wandb: Syncing run deft-sweep-42
wandb: ⭐️ View project at https://wandb.ai/michaelzhao-harvard-university/wiki-larger-new
wandb: 🧹 View sweep at https://wandb.ai/michaelzhao-harvard-university/wiki-larger-new/sweeps/qlqcrkng
wandb: 🚀 View run at https://wandb.ai/michaelzhao-harvard-university/wiki-larger-new/runs/ea49uisk
wandb:                                                                                
wandb: 🚀 View run deft-sweep-42 at: https://wandb.ai/michaelzhao-harvard-university/wiki-larger-new/runs/ea49uisk
wandb: ⭐️ View project at: https://wandb.ai/michaelzhao-harvard-university/wiki-larger-new
wandb: Synced 5 W&B file(s), 0 media file(s), 0 artifact file(s) and 0 other file(s)
wandb: Find logs at: ./wandb/run-20250221_093614-ea49uisk/logs
wandb: Agent Starting Run: gbee1kwd with config:
wandb: 	batch_size: 4
wandb: 	epochs: 50
wandb: 	l2_reg: 3.3340998837865895e-05
wandb: 	lr: 1.661104818711433e-05
wandb: 	n_layers_freeze: 4
wandb: 	patience: 5
wandb: Tracking run with wandb version 0.19.6
wandb: Run data is saved locally in /n/home09/michaelzhao/Downloads/thesis/vast/wandb/run-20250221_100653-gbee1kwd
wandb: Run `wandb offline` to turn off syncing.
wandb: Syncing run vivid-sweep-43
wandb: ⭐️ View project at https://wandb.ai/michaelzhao-harvard-university/wiki-larger-new
wandb: 🧹 View sweep at https://wandb.ai/michaelzhao-harvard-university/wiki-larger-new/sweeps/qlqcrkng
wandb: 🚀 View run at https://wandb.ai/michaelzhao-harvard-university/wiki-larger-new/runs/gbee1kwd
wandb:                                                                                
wandb: 🚀 View run vivid-sweep-43 at: https://wandb.ai/michaelzhao-harvard-university/wiki-larger-new/runs/gbee1kwd
wandb: ⭐️ View project at: https://wandb.ai/michaelzhao-harvard-university/wiki-larger-new
wandb: Synced 5 W&B file(s), 0 media file(s), 0 artifact file(s) and 0 other file(s)
wandb: Find logs at: ./wandb/run-20250221_100653-gbee1kwd/logs
wandb: Agent Starting Run: uypaq25j with config:
wandb: 	batch_size: 32
wandb: 	epochs: 25
wandb: 	l2_reg: 9.745956282617216e-05
wandb: 	lr: 2.8522042260823542e-05
wandb: 	n_layers_freeze: 0
wandb: 	patience: 15
wandb: Tracking run with wandb version 0.19.6
wandb: Run data is saved locally in /n/home09/michaelzhao/Downloads/thesis/vast/wandb/run-20250221_104008-uypaq25j
wandb: Run `wandb offline` to turn off syncing.
wandb: Syncing run light-sweep-44
wandb: ⭐️ View project at https://wandb.ai/michaelzhao-harvard-university/wiki-larger-new
wandb: 🧹 View sweep at https://wandb.ai/michaelzhao-harvard-university/wiki-larger-new/sweeps/qlqcrkng
wandb: 🚀 View run at https://wandb.ai/michaelzhao-harvard-university/wiki-larger-new/runs/uypaq25j
slurmstepd: error: *** JOB 4291827 ON holygpu8a30505 CANCELLED AT 2025-02-21T11:16:44 ***
