Create sweep with ID: qwj04zay
Sweep URL: https://wandb.ai/michaelzhao-harvard-university/wiki-larger-new/sweeps/qwj04zay
Starting training with config: {'batch_size': 16, 'epochs': 25, 'l2_reg': 9.585883012667828e-05, 'lr': 1.7664107705599033e-05, 'n_layers_freeze': 1, 'patience': 15}
Let's use 1 GPUs!
Preparing data....
Training data....
# of train examples: 13477
max len: 512, max len wiki: 1
Val data....
# of val examples: 2062
max len: 512, max len wiki: 1
Test data....
# of test examples: 3006
max len: 512, max len wiki: 1
Done

Initializing model....
******************************Epoch: 1******************************
Batch: 1/843	Loss:1.083
Batch: 85/843	Loss:1.168
Batch: 169/843	Loss:1.228
Batch: 253/843	Loss:1.033
Batch: 337/843	Loss:1.091
Batch: 421/843	Loss:0.925
Batch: 505/843	Loss:1.160
Batch: 589/843	Loss:1.085
Batch: 673/843	Loss:1.136
Batch: 757/843	Loss:1.026
Batch: 841/843	Loss:0.990
Batch: 843/843	Loss:0.907
Epoch: 1	Train Loss: 1.053	Val F1: 0.166
Best Epoch: 1	Best Epoch Val F1: 0.166

******************************Epoch: 2******************************
Batch: 1/843	Loss:1.077
Batch: 85/843	Loss:0.980
Batch: 169/843	Loss:0.961
Batch: 253/843	Loss:0.925
Batch: 337/843	Loss:0.990
Batch: 421/843	Loss:1.076
Batch: 505/843	Loss:1.191
Batch: 589/843	Loss:1.127
Batch: 673/843	Loss:1.161
Batch: 757/843	Loss:1.011
Batch: 841/843	Loss:1.242
Batch: 843/843	Loss:1.089
Epoch: 2	Train Loss: 1.050	Val F1: 0.270
Best Epoch: 2	Best Epoch Val F1: 0.270

******************************Epoch: 3******************************
Batch: 1/843	Loss:0.993
Batch: 85/843	Loss:1.158
Batch: 169/843	Loss:0.906
Batch: 253/843	Loss:1.168
Batch: 337/843	Loss:0.920
Batch: 421/843	Loss:1.051
Batch: 505/843	Loss:1.065
Batch: 589/843	Loss:1.166
Batch: 673/843	Loss:0.893
Batch: 757/843	Loss:1.181
Batch: 841/843	Loss:0.819
Batch: 843/843	Loss:0.985
Epoch: 3	Train Loss: 1.014	Val F1: 0.539
Best Epoch: 3	Best Epoch Val F1: 0.539

******************************Epoch: 4******************************
Batch: 1/843	Loss:0.885
Batch: 85/843	Loss:0.961
Batch: 169/843	Loss:0.894
Batch: 253/843	Loss:0.935
Batch: 337/843	Loss:0.986
Batch: 421/843	Loss:0.697
Batch: 505/843	Loss:1.084
Batch: 589/843	Loss:0.691
Batch: 673/843	Loss:0.893
Batch: 757/843	Loss:0.782
Batch: 841/843	Loss:0.914
Batch: 843/843	Loss:1.073
Epoch: 4	Train Loss: 0.838	Val F1: 0.599
Best Epoch: 4	Best Epoch Val F1: 0.599

******************************Epoch: 5******************************
