2025-02-17 08:39:06,474 - Starting
2025-02-17 08:39:07,971 - Fetching bills at offset 0, 0.00% of the way done!
2025-02-17 08:39:07,971 - Time elapsed in minutes: 0.00
2025-02-17 08:43:37,260 - Fetching bills at offset 250, 1.29% of the way done!
2025-02-17 08:43:37,263 - Time elapsed in minutes: 4.49
2025-02-17 08:48:17,124 - Fetching bills at offset 500, 2.59% of the way done!
2025-02-17 08:48:17,127 - Time elapsed in minutes: 9.15
2025-02-17 08:54:31,880 - Fetching bills at offset 750, 3.88% of the way done!
2025-02-17 08:54:31,883 - Time elapsed in minutes: 15.40
2025-02-17 09:01:43,372 - Fetching bills at offset 1000, 5.18% of the way done!
2025-02-17 09:01:43,375 - Time elapsed in minutes: 22.59
2025-02-17 09:08:57,704 - Fetching bills at offset 1250, 6.47% of the way done!
2025-02-17 09:08:57,706 - Time elapsed in minutes: 29.83
2025-02-17 09:16:01,049 - Fetching bills at offset 1500, 7.77% of the way done!
2025-02-17 09:16:01,052 - Time elapsed in minutes: 36.88
2025-02-17 09:23:15,058 - Fetching bills at offset 1750, 9.06% of the way done!
2025-02-17 09:23:15,061 - Time elapsed in minutes: 44.12
2025-02-17 09:30:49,801 - Fetching bills at offset 2000, 10.35% of the way done!
2025-02-17 09:30:49,804 - Time elapsed in minutes: 51.70
2025-02-17 09:38:05,906 - Fetching bills at offset 2250, 11.65% of the way done!
2025-02-17 09:38:05,909 - Time elapsed in minutes: 58.97
2025-02-17 09:43:07,163 - Fetching bills at offset 2500, 12.94% of the way done!
2025-02-17 09:43:07,166 - Time elapsed in minutes: 63.99
2025-02-17 09:47:34,412 - Fetching bills at offset 2750, 14.24% of the way done!
2025-02-17 09:47:34,415 - Time elapsed in minutes: 68.44
2025-02-17 09:51:56,131 - Fetching bills at offset 3000, 15.53% of the way done!
2025-02-17 09:51:56,134 - Time elapsed in minutes: 72.80
2025-02-17 09:56:20,982 - Fetching bills at offset 3250, 16.83% of the way done!
2025-02-17 09:56:20,984 - Time elapsed in minutes: 77.22
2025-02-17 10:00:47,974 - Fetching bills at offset 3500, 18.12% of the way done!
2025-02-17 10:00:47,979 - Time elapsed in minutes: 81.67
2025-02-17 10:05:06,352 - Fetching bills at offset 3750, 19.41% of the way done!
2025-02-17 10:05:06,355 - Time elapsed in minutes: 85.97
2025-02-17 10:09:29,593 - Fetching bills at offset 4000, 20.71% of the way done!
2025-02-17 10:09:29,596 - Time elapsed in minutes: 90.36
2025-02-17 10:13:43,173 - Fetching bills at offset 4250, 22.00% of the way done!
2025-02-17 10:13:43,176 - Time elapsed in minutes: 94.59
2025-02-17 10:18:14,066 - Fetching bills at offset 4500, 23.30% of the way done!
2025-02-17 10:18:14,069 - Time elapsed in minutes: 99.10
2025-02-17 10:22:29,995 - Fetching bills at offset 4750, 24.59% of the way done!
2025-02-17 10:22:29,998 - Time elapsed in minutes: 103.37
2025-02-17 10:27:04,009 - Fetching bills at offset 5000, 25.89% of the way done!
2025-02-17 10:27:04,011 - Time elapsed in minutes: 107.93
2025-02-17 10:31:18,642 - Fetching bills at offset 5250, 27.18% of the way done!
2025-02-17 10:31:18,646 - Time elapsed in minutes: 112.18
2025-02-17 10:35:41,700 - Fetching bills at offset 5500, 28.48% of the way done!
2025-02-17 10:35:41,702 - Time elapsed in minutes: 116.56
2025-02-17 10:42:31,003 - Fetching bills at offset 5750, 29.77% of the way done!
2025-02-17 10:42:31,005 - Time elapsed in minutes: 123.38
2025-02-17 10:49:20,850 - Fetching bills at offset 6000, 31.06% of the way done!
2025-02-17 10:49:20,853 - Time elapsed in minutes: 130.21
2025-02-17 10:56:10,494 - Fetching bills at offset 6250, 32.36% of the way done!
2025-02-17 10:56:10,497 - Time elapsed in minutes: 137.04
2025-02-17 11:02:51,841 - Fetching bills at offset 6500, 33.65% of the way done!
2025-02-17 11:02:51,843 - Time elapsed in minutes: 143.73
2025-02-17 11:09:42,590 - Fetching bills at offset 6750, 34.95% of the way done!
2025-02-17 11:09:42,592 - Time elapsed in minutes: 150.58
2025-02-17 11:14:27,898 - Fetching bills at offset 7000, 36.24% of the way done!
2025-02-17 11:14:27,901 - Time elapsed in minutes: 155.33
2025-02-17 11:18:42,909 - Fetching bills at offset 7250, 37.54% of the way done!
2025-02-17 11:18:42,912 - Time elapsed in minutes: 159.58
2025-02-17 11:23:00,305 - Fetching bills at offset 7500, 38.83% of the way done!
2025-02-17 11:23:00,307 - Time elapsed in minutes: 163.87
2025-02-17 11:27:10,598 - Fetching bills at offset 7750, 40.12% of the way done!
2025-02-17 11:27:10,600 - Time elapsed in minutes: 168.04
2025-02-17 11:31:51,812 - Fetching bills at offset 8000, 41.42% of the way done!
2025-02-17 11:31:51,815 - Time elapsed in minutes: 172.73
2025-02-17 11:36:09,500 - Fetching bills at offset 8250, 42.71% of the way done!
2025-02-17 11:36:09,503 - Time elapsed in minutes: 177.03
2025-02-17 11:40:28,930 - Fetching bills at offset 8500, 44.01% of the way done!
2025-02-17 11:40:28,933 - Time elapsed in minutes: 181.35
2025-02-17 11:45:23,173 - Fetching bills at offset 8750, 45.30% of the way done!
2025-02-17 11:45:23,176 - Time elapsed in minutes: 186.25
2025-02-17 11:50:43,936 - Fetching bills at offset 9000, 46.60% of the way done!
2025-02-17 11:50:43,939 - Time elapsed in minutes: 191.60
2025-02-17 11:56:12,026 - Fetching bills at offset 9250, 47.89% of the way done!
2025-02-17 11:56:12,029 - Time elapsed in minutes: 197.07
2025-02-17 12:01:39,125 - Fetching bills at offset 9500, 49.18% of the way done!
2025-02-17 12:01:39,128 - Time elapsed in minutes: 202.52
2025-02-17 12:06:57,407 - Fetching bills at offset 9750, 50.48% of the way done!
2025-02-17 12:06:57,410 - Time elapsed in minutes: 207.82
2025-02-17 12:12:10,192 - Fetching bills at offset 10000, 51.77% of the way done!
2025-02-17 12:12:10,196 - Time elapsed in minutes: 213.04
2025-02-17 12:17:41,110 - Fetching bills at offset 10250, 53.07% of the way done!
2025-02-17 12:17:41,112 - Time elapsed in minutes: 218.55
2025-02-17 12:23:06,863 - Fetching bills at offset 10500, 54.36% of the way done!
2025-02-17 12:23:06,866 - Time elapsed in minutes: 223.98
2025-02-17 12:27:37,862 - Fetching bills at offset 10750, 55.66% of the way done!
2025-02-17 12:27:37,864 - Time elapsed in minutes: 228.50
2025-02-17 12:31:58,311 - Fetching bills at offset 11000, 56.95% of the way done!
2025-02-17 12:31:58,313 - Time elapsed in minutes: 232.84
2025-02-17 12:36:16,919 - Fetching bills at offset 11250, 58.24% of the way done!
2025-02-17 12:36:16,921 - Time elapsed in minutes: 237.15
2025-02-17 12:40:36,128 - Fetching bills at offset 11500, 59.54% of the way done!
2025-02-17 12:40:36,131 - Time elapsed in minutes: 241.47
2025-02-17 12:44:56,954 - Fetching bills at offset 11750, 60.83% of the way done!
2025-02-17 12:44:56,957 - Time elapsed in minutes: 245.82
2025-02-17 12:49:45,702 - Fetching bills at offset 12000, 62.13% of the way done!
2025-02-17 12:49:45,704 - Time elapsed in minutes: 250.63
2025-02-17 12:54:47,839 - Fetching bills at offset 12250, 63.42% of the way done!
2025-02-17 12:54:47,841 - Time elapsed in minutes: 255.66
2025-02-17 12:59:39,911 - Fetching bills at offset 12500, 64.72% of the way done!
2025-02-17 12:59:39,913 - Time elapsed in minutes: 260.53
2025-02-17 13:04:57,187 - Fetching bills at offset 12750, 66.01% of the way done!
2025-02-17 13:04:57,189 - Time elapsed in minutes: 265.82
2025-02-17 13:09:48,367 - Fetching bills at offset 13000, 67.31% of the way done!
2025-02-17 13:09:48,370 - Time elapsed in minutes: 270.67
2025-02-17 13:14:57,889 - Fetching bills at offset 13250, 68.60% of the way done!
2025-02-17 13:14:57,892 - Time elapsed in minutes: 275.83
2025-02-17 13:20:08,638 - Fetching bills at offset 13500, 69.89% of the way done!
2025-02-17 13:20:08,641 - Time elapsed in minutes: 281.01
2025-02-17 13:25:19,922 - Fetching bills at offset 13750, 71.19% of the way done!
2025-02-17 13:25:19,925 - Time elapsed in minutes: 286.20
2025-02-17 13:30:20,163 - Fetching bills at offset 14000, 72.48% of the way done!
2025-02-17 13:30:20,165 - Time elapsed in minutes: 291.20
2025-02-17 13:34:46,391 - Fetching bills at offset 14250, 73.78% of the way done!
2025-02-17 13:34:46,395 - Time elapsed in minutes: 295.64
2025-02-17 13:39:03,446 - Fetching bills at offset 14500, 75.07% of the way done!
2025-02-17 13:39:03,449 - Time elapsed in minutes: 299.92
2025-02-17 13:44:07,301 - Fetching bills at offset 14750, 76.37% of the way done!
2025-02-17 13:44:07,304 - Time elapsed in minutes: 304.99
2025-02-17 13:49:31,523 - Fetching bills at offset 15000, 77.66% of the way done!
2025-02-17 13:49:31,526 - Time elapsed in minutes: 310.39
2025-02-17 13:54:48,725 - Fetching bills at offset 15250, 78.95% of the way done!
2025-02-17 13:54:48,727 - Time elapsed in minutes: 315.68
2025-02-17 14:00:05,456 - Fetching bills at offset 15500, 80.25% of the way done!
2025-02-17 14:00:05,458 - Time elapsed in minutes: 320.96
2025-02-17 14:05:38,597 - Fetching bills at offset 15750, 81.54% of the way done!
2025-02-17 14:05:38,600 - Time elapsed in minutes: 326.51
2025-02-17 14:10:52,412 - Fetching bills at offset 16000, 82.84% of the way done!
2025-02-17 14:10:52,415 - Time elapsed in minutes: 331.74
2025-02-17 14:16:24,414 - Fetching bills at offset 16250, 84.13% of the way done!
2025-02-17 14:16:24,417 - Time elapsed in minutes: 337.27
2025-02-17 14:21:34,714 - Fetching bills at offset 16500, 85.43% of the way done!
2025-02-17 14:21:34,717 - Time elapsed in minutes: 342.45
2025-02-17 14:25:56,976 - Fetching bills at offset 16750, 86.72% of the way done!
2025-02-17 14:25:56,979 - Time elapsed in minutes: 346.82
2025-02-17 14:30:21,066 - Fetching bills at offset 17000, 88.01% of the way done!
2025-02-17 14:30:21,069 - Time elapsed in minutes: 351.22
2025-02-17 14:34:42,723 - Fetching bills at offset 17250, 89.31% of the way done!
2025-02-17 14:34:42,727 - Time elapsed in minutes: 355.58
2025-02-17 14:39:04,038 - Fetching bills at offset 17500, 90.60% of the way done!
2025-02-17 14:39:04,041 - Time elapsed in minutes: 359.93
2025-02-17 14:43:37,151 - Fetching bills at offset 17750, 91.90% of the way done!
2025-02-17 14:43:37,154 - Time elapsed in minutes: 364.49
2025-02-17 14:49:22,332 - Fetching bills at offset 18000, 93.19% of the way done!
2025-02-17 14:49:22,335 - Time elapsed in minutes: 370.24
2025-02-17 14:55:10,459 - Fetching bills at offset 18250, 94.49% of the way done!
2025-02-17 14:55:10,462 - Time elapsed in minutes: 376.04
2025-02-17 15:00:57,786 - Fetching bills at offset 18500, 95.78% of the way done!
2025-02-17 15:00:57,789 - Time elapsed in minutes: 381.83
2025-02-17 15:06:43,203 - Fetching bills at offset 18750, 97.07% of the way done!
2025-02-17 15:06:43,205 - Time elapsed in minutes: 387.59
2025-02-17 15:12:16,588 - Fetching bills at offset 19000, 98.37% of the way done!
2025-02-17 15:12:16,591 - Time elapsed in minutes: 393.14
2025-02-17 15:18:13,455 - Fetching bills at offset 19250, 99.66% of the way done!
2025-02-17 15:18:13,458 - Time elapsed in minutes: 399.09
2025-02-17 15:19:40,168 - Fetching bills at offset 19315, 100.00% of the way done!
2025-02-17 15:19:40,171 - Time elapsed in minutes: 400.54
2025-02-17 16:46:21,145 - Starting
2025-02-17 16:48:10,872 - Starting
2025-02-17 16:48:57,246 - Starting
2025-02-17 22:58:53,878 - Adding bill data columns...
2025-02-17 22:58:59,563 - Done!
2025-02-18 07:26:19,255 - Starting
2025-02-18 07:26:20,938 - Adding bill data columns...
2025-02-18 07:26:24,578 - Done!
2025-02-18 07:34:35,694 - Starting
2025-02-18 07:34:36,904 - Adding bill data columns...
2025-02-18 07:34:39,734 - Done!
2025-02-18 07:38:56,305 - Starting
2025-02-18 07:38:57,510 - Adding bill data columns...
2025-02-18 07:39:01,883 - Done!
2025-02-18 07:40:44,880 - Starting
2025-02-18 07:40:46,113 - Adding bill data columns...
2025-02-18 07:40:49,623 - Done!
2025-02-18 07:43:11,954 - Starting
2025-02-18 07:43:13,159 - Adding bill data columns...
2025-02-18 07:43:17,308 - Done!
2025-02-18 07:47:00,092 - Starting
2025-02-18 07:47:01,284 - Adding bill data columns...
2025-02-18 07:47:05,415 - Done!
2025-02-20 12:37:56,485 - Starting
2025-02-20 12:46:18,792 - Starting
2025-02-20 12:46:20,757 - Fetching bills at offset 0, 0.00% of the way done!
2025-02-20 12:46:20,757 - Time elapsed in minutes: 0.00
2025-02-20 12:50:49,711 - Fetching bills at offset 250, 1.29% of the way done!
2025-02-20 12:50:49,716 - Time elapsed in minutes: 4.48
2025-02-20 12:55:06,479 - Fetching bills at offset 500, 2.59% of the way done!
2025-02-20 12:55:06,484 - Time elapsed in minutes: 8.76
2025-02-20 12:59:19,797 - Fetching bills at offset 750, 3.88% of the way done!
2025-02-20 12:59:19,802 - Time elapsed in minutes: 12.98
2025-02-20 13:03:59,988 - Fetching bills at offset 1000, 5.18% of the way done!
2025-02-20 13:03:59,993 - Time elapsed in minutes: 17.65
2025-02-20 13:08:29,704 - Fetching bills at offset 1250, 6.47% of the way done!
2025-02-20 13:08:29,709 - Time elapsed in minutes: 22.15
2025-02-20 13:12:18,707 - Failed to get bill titles for 117, HR, 7904: 504
2025-02-20 13:14:00,551 - Fetching bills at offset 1500, 7.77% of the way done!
2025-02-20 13:14:00,556 - Time elapsed in minutes: 27.66
2025-02-20 13:18:34,609 - Fetching bills at offset 1750, 9.06% of the way done!
2025-02-20 13:18:34,614 - Time elapsed in minutes: 32.23
2025-02-20 13:23:06,823 - Fetching bills at offset 2000, 10.35% of the way done!
2025-02-20 13:23:06,828 - Time elapsed in minutes: 36.77
2025-02-20 13:27:45,843 - Fetching bills at offset 2250, 11.65% of the way done!
2025-02-20 13:27:45,847 - Time elapsed in minutes: 41.42
2025-02-20 13:32:26,392 - Fetching bills at offset 2500, 12.94% of the way done!
2025-02-20 13:32:26,398 - Time elapsed in minutes: 46.09
2025-02-20 13:36:49,395 - Fetching bills at offset 2750, 14.24% of the way done!
2025-02-20 13:36:49,400 - Time elapsed in minutes: 50.48
2025-02-20 13:41:20,255 - Fetching bills at offset 3000, 15.53% of the way done!
2025-02-20 13:41:20,260 - Time elapsed in minutes: 54.99
2025-02-20 13:48:02,768 - Fetching bills at offset 3250, 16.83% of the way done!
2025-02-20 13:48:02,773 - Time elapsed in minutes: 61.70
2025-02-20 13:55:24,564 - Fetching bills at offset 3500, 18.12% of the way done!
2025-02-20 13:55:24,569 - Time elapsed in minutes: 69.06
2025-02-20 14:02:50,893 - Fetching bills at offset 3750, 19.41% of the way done!
2025-02-20 14:02:50,898 - Time elapsed in minutes: 76.50
2025-02-20 14:10:08,349 - Fetching bills at offset 4000, 20.71% of the way done!
2025-02-20 14:10:08,353 - Time elapsed in minutes: 83.79
2025-02-20 14:17:11,418 - Fetching bills at offset 4250, 22.00% of the way done!
2025-02-20 14:17:11,422 - Time elapsed in minutes: 90.84
2025-02-20 14:24:17,199 - Fetching bills at offset 4500, 23.30% of the way done!
2025-02-20 14:24:17,203 - Time elapsed in minutes: 97.94
2025-02-20 14:28:54,703 - Fetching bills at offset 4750, 24.59% of the way done!
2025-02-20 14:28:54,708 - Time elapsed in minutes: 102.57
2025-02-20 14:33:15,296 - Fetching bills at offset 5000, 25.89% of the way done!
2025-02-20 14:33:15,301 - Time elapsed in minutes: 106.91
2025-02-20 14:37:35,947 - Fetching bills at offset 5250, 27.18% of the way done!
2025-02-20 14:37:35,952 - Time elapsed in minutes: 111.25
2025-02-20 14:42:01,199 - Fetching bills at offset 5500, 28.48% of the way done!
2025-02-20 14:42:01,204 - Time elapsed in minutes: 115.67
2025-02-20 14:46:30,722 - Fetching bills at offset 5750, 29.77% of the way done!
2025-02-20 14:46:30,727 - Time elapsed in minutes: 120.17
2025-02-20 14:50:59,907 - Fetching bills at offset 6000, 31.06% of the way done!
2025-02-20 14:50:59,912 - Time elapsed in minutes: 124.65
2025-02-20 14:55:31,586 - Fetching bills at offset 6250, 32.36% of the way done!
2025-02-20 14:55:31,591 - Time elapsed in minutes: 129.18
2025-02-20 15:00:15,180 - Fetching bills at offset 6500, 33.65% of the way done!
2025-02-20 15:00:15,185 - Time elapsed in minutes: 133.91
2025-02-20 15:04:51,890 - Fetching bills at offset 6750, 34.95% of the way done!
2025-02-20 15:04:51,896 - Time elapsed in minutes: 138.52
2025-02-20 15:09:21,074 - Fetching bills at offset 7000, 36.24% of the way done!
2025-02-20 15:09:21,079 - Time elapsed in minutes: 143.01
2025-02-20 15:13:42,130 - Fetching bills at offset 7250, 37.54% of the way done!
2025-02-20 15:13:42,135 - Time elapsed in minutes: 147.36
2025-02-20 15:18:10,163 - Fetching bills at offset 7500, 38.83% of the way done!
2025-02-20 15:18:10,168 - Time elapsed in minutes: 151.82
2025-02-20 15:22:39,023 - Fetching bills at offset 7750, 40.12% of the way done!
2025-02-20 15:22:39,028 - Time elapsed in minutes: 156.30
2025-02-20 15:28:11,387 - Fetching bills at offset 8000, 41.42% of the way done!
2025-02-20 15:28:11,392 - Time elapsed in minutes: 161.84
2025-02-20 15:33:50,970 - Fetching bills at offset 8250, 42.71% of the way done!
2025-02-20 15:33:50,975 - Time elapsed in minutes: 167.50
2025-02-20 15:39:25,996 - Fetching bills at offset 8500, 44.01% of the way done!
2025-02-20 15:39:26,001 - Time elapsed in minutes: 173.09
2025-02-20 15:44:51,398 - Fetching bills at offset 8750, 45.30% of the way done!
2025-02-20 15:44:51,403 - Time elapsed in minutes: 178.51
2025-02-20 15:49:29,944 - Fetching bills at offset 9000, 46.60% of the way done!
2025-02-20 15:49:29,949 - Time elapsed in minutes: 183.15
2025-02-20 15:54:32,654 - Fetching bills at offset 9250, 47.89% of the way done!
2025-02-20 15:54:32,659 - Time elapsed in minutes: 188.20
2025-02-20 16:00:02,145 - Fetching bills at offset 9500, 49.18% of the way done!
2025-02-20 16:00:02,150 - Time elapsed in minutes: 193.69
2025-02-20 16:05:37,696 - Fetching bills at offset 9750, 50.48% of the way done!
2025-02-20 16:05:37,701 - Time elapsed in minutes: 199.28
2025-02-20 16:11:02,988 - Fetching bills at offset 10000, 51.77% of the way done!
2025-02-20 16:11:02,993 - Time elapsed in minutes: 204.70
2025-02-20 16:16:23,564 - Fetching bills at offset 10250, 53.07% of the way done!
2025-02-20 16:16:23,568 - Time elapsed in minutes: 210.05
2025-02-20 16:21:54,600 - Fetching bills at offset 10500, 54.36% of the way done!
2025-02-20 16:21:54,605 - Time elapsed in minutes: 215.56
2025-02-20 16:27:16,403 - Fetching bills at offset 10750, 55.66% of the way done!
2025-02-20 16:27:16,408 - Time elapsed in minutes: 220.93
2025-02-20 16:32:52,821 - Fetching bills at offset 11000, 56.95% of the way done!
2025-02-20 16:32:52,825 - Time elapsed in minutes: 226.53
2025-02-20 16:38:24,435 - Fetching bills at offset 11250, 58.24% of the way done!
2025-02-20 16:38:24,440 - Time elapsed in minutes: 232.06
2025-02-20 16:43:19,546 - Fetching bills at offset 11500, 59.54% of the way done!
2025-02-20 16:43:19,552 - Time elapsed in minutes: 236.98
2025-02-20 16:47:32,759 - Fetching bills at offset 11750, 60.83% of the way done!
2025-02-20 16:47:32,764 - Time elapsed in minutes: 241.20
2025-02-20 16:51:48,315 - Fetching bills at offset 12000, 62.13% of the way done!
2025-02-20 16:51:48,320 - Time elapsed in minutes: 245.46
2025-02-20 16:56:05,559 - Fetching bills at offset 12250, 63.42% of the way done!
2025-02-20 16:56:05,564 - Time elapsed in minutes: 249.75
2025-02-20 17:00:30,900 - Fetching bills at offset 12500, 64.72% of the way done!
2025-02-20 17:00:30,905 - Time elapsed in minutes: 254.17
2025-02-20 17:04:47,226 - Fetching bills at offset 12750, 66.01% of the way done!
2025-02-20 17:04:47,231 - Time elapsed in minutes: 258.44
2025-02-20 17:08:56,450 - Fetching bills at offset 13000, 67.31% of the way done!
2025-02-20 17:08:56,455 - Time elapsed in minutes: 262.59
2025-02-20 17:13:30,330 - Fetching bills at offset 13250, 68.60% of the way done!
2025-02-20 17:13:30,335 - Time elapsed in minutes: 267.16
2025-02-20 17:18:34,668 - Fetching bills at offset 13500, 69.89% of the way done!
2025-02-20 17:18:34,673 - Time elapsed in minutes: 272.23
2025-02-20 17:23:46,400 - Fetching bills at offset 13750, 71.19% of the way done!
2025-02-20 17:23:46,405 - Time elapsed in minutes: 277.43
2025-02-20 17:28:15,390 - Fetching bills at offset 14000, 72.48% of the way done!
2025-02-20 17:28:15,395 - Time elapsed in minutes: 281.91
2025-02-20 17:33:26,592 - Fetching bills at offset 14250, 73.78% of the way done!
2025-02-20 17:33:26,597 - Time elapsed in minutes: 287.10
2025-02-20 17:38:48,471 - Fetching bills at offset 14500, 75.07% of the way done!
2025-02-20 17:38:48,476 - Time elapsed in minutes: 292.46
2025-02-20 17:44:27,782 - Fetching bills at offset 14750, 76.37% of the way done!
2025-02-20 17:44:27,786 - Time elapsed in minutes: 298.12
2025-02-20 17:49:48,455 - Fetching bills at offset 15000, 77.66% of the way done!
2025-02-20 17:49:48,460 - Time elapsed in minutes: 303.46
2025-02-20 17:55:02,796 - Fetching bills at offset 15250, 78.95% of the way done!
2025-02-20 17:55:02,801 - Time elapsed in minutes: 308.70
2025-02-20 17:59:18,136 - Fetching bills at offset 15500, 80.25% of the way done!
2025-02-20 17:59:18,141 - Time elapsed in minutes: 312.96
2025-02-20 18:03:35,799 - Fetching bills at offset 15750, 81.54% of the way done!
2025-02-20 18:03:35,803 - Time elapsed in minutes: 317.25
2025-02-20 18:08:22,979 - Fetching bills at offset 16000, 82.84% of the way done!
2025-02-20 18:08:22,984 - Time elapsed in minutes: 322.04
2025-02-20 18:13:20,989 - Fetching bills at offset 16250, 84.13% of the way done!
2025-02-20 18:13:20,994 - Time elapsed in minutes: 327.00
2025-02-20 18:19:03,281 - Fetching bills at offset 16500, 85.43% of the way done!
2025-02-20 18:19:03,286 - Time elapsed in minutes: 332.71
2025-02-20 18:24:43,637 - Fetching bills at offset 16750, 86.72% of the way done!
2025-02-20 18:24:43,642 - Time elapsed in minutes: 338.38
2025-02-20 18:29:14,470 - Fetching bills at offset 17000, 88.01% of the way done!
2025-02-20 18:29:14,475 - Time elapsed in minutes: 342.90
2025-02-20 18:33:44,485 - Fetching bills at offset 17250, 89.31% of the way done!
2025-02-20 18:33:44,490 - Time elapsed in minutes: 347.40
2025-02-20 18:37:57,297 - Fetching bills at offset 17500, 90.60% of the way done!
2025-02-20 18:37:57,302 - Time elapsed in minutes: 351.61
2025-02-20 18:42:57,293 - Fetching bills at offset 17750, 91.90% of the way done!
2025-02-20 18:42:57,298 - Time elapsed in minutes: 356.61
2025-02-20 18:44:40,744 - Fetching bills at offset 17828, 92.30% of the way done!
2025-02-20 18:44:40,748 - Time elapsed in minutes: 358.33
2025-02-20 20:45:41,438 - Starting
2025-02-20 20:45:43,956 - Adding bill data columns...
2025-02-20 20:45:44,339 - Done!
2025-02-21 08:50:04,195 - Starting
2025-02-21 08:50:06,416 - Fetching bills at offset 0, 0.00% of the way done!
2025-02-21 08:50:06,416 - Time elapsed in minutes: 0.00
2025-02-21 08:54:42,872 - Fetching bills at offset 250, 1.29% of the way done!
2025-02-21 08:54:42,877 - Time elapsed in minutes: 4.61
2025-02-21 08:59:45,186 - Fetching bills at offset 500, 2.59% of the way done!
2025-02-21 08:59:45,191 - Time elapsed in minutes: 9.65
2025-02-21 09:04:00,148 - Fetching bills at offset 750, 3.88% of the way done!
2025-02-21 09:04:00,152 - Time elapsed in minutes: 13.90
2025-02-21 09:08:11,482 - Fetching bills at offset 1000, 5.18% of the way done!
2025-02-21 09:08:11,487 - Time elapsed in minutes: 18.08
2025-02-21 09:12:45,884 - Fetching bills at offset 1250, 6.47% of the way done!
2025-02-21 09:12:45,888 - Time elapsed in minutes: 22.66
2025-02-21 09:17:03,439 - Fetching bills at offset 1500, 7.77% of the way done!
2025-02-21 09:17:03,444 - Time elapsed in minutes: 26.95
2025-02-21 09:21:22,890 - Fetching bills at offset 1750, 9.06% of the way done!
2025-02-21 09:21:22,895 - Time elapsed in minutes: 31.27
2025-02-21 09:25:36,727 - Fetching bills at offset 2000, 10.35% of the way done!
2025-02-21 09:25:36,731 - Time elapsed in minutes: 35.51
2025-02-21 09:30:03,999 - Fetching bills at offset 2250, 11.65% of the way done!
2025-02-21 09:30:04,004 - Time elapsed in minutes: 39.96
2025-02-21 09:34:23,988 - Fetching bills at offset 2500, 12.94% of the way done!
2025-02-21 09:34:23,993 - Time elapsed in minutes: 44.29
2025-02-21 09:39:03,329 - Fetching bills at offset 2750, 14.24% of the way done!
2025-02-21 09:39:03,334 - Time elapsed in minutes: 48.95
2025-02-21 09:44:47,381 - Fetching bills at offset 3000, 15.53% of the way done!
2025-02-21 09:44:47,386 - Time elapsed in minutes: 54.68
2025-02-21 09:51:28,438 - Fetching bills at offset 3250, 16.83% of the way done!
2025-02-21 09:51:28,443 - Time elapsed in minutes: 61.37
2025-02-21 09:58:00,150 - Fetching bills at offset 3500, 18.12% of the way done!
2025-02-21 09:58:00,155 - Time elapsed in minutes: 67.90
2025-02-21 10:04:43,553 - Fetching bills at offset 3750, 19.41% of the way done!
2025-02-21 10:04:43,558 - Time elapsed in minutes: 74.62
2025-02-21 10:11:33,145 - Fetching bills at offset 4000, 20.71% of the way done!
2025-02-21 10:11:33,150 - Time elapsed in minutes: 81.45
2025-02-21 10:18:14,620 - Fetching bills at offset 4250, 22.00% of the way done!
2025-02-21 10:18:14,624 - Time elapsed in minutes: 88.14
2025-02-21 10:23:50,059 - Fetching bills at offset 4500, 23.30% of the way done!
2025-02-21 10:23:50,063 - Time elapsed in minutes: 93.73
2025-02-21 10:28:09,144 - Fetching bills at offset 4750, 24.59% of the way done!
2025-02-21 10:28:09,149 - Time elapsed in minutes: 98.05
2025-02-21 10:32:31,032 - Fetching bills at offset 5000, 25.89% of the way done!
2025-02-21 10:32:31,036 - Time elapsed in minutes: 102.41
2025-02-21 10:36:57,420 - Fetching bills at offset 5250, 27.18% of the way done!
2025-02-21 10:36:57,425 - Time elapsed in minutes: 106.85
2025-02-21 10:41:08,376 - Fetching bills at offset 5500, 28.48% of the way done!
2025-02-21 10:41:08,381 - Time elapsed in minutes: 111.03
2025-02-21 10:45:29,192 - Fetching bills at offset 5750, 29.77% of the way done!
2025-02-21 10:45:29,197 - Time elapsed in minutes: 115.38
2025-02-21 10:49:46,241 - Fetching bills at offset 6000, 31.06% of the way done!
2025-02-21 10:49:46,246 - Time elapsed in minutes: 119.66
2025-02-21 10:53:59,036 - Fetching bills at offset 6250, 32.36% of the way done!
2025-02-21 10:53:59,040 - Time elapsed in minutes: 123.88
2025-02-21 10:58:24,764 - Fetching bills at offset 6500, 33.65% of the way done!
2025-02-21 10:58:24,769 - Time elapsed in minutes: 128.31
2025-02-21 11:02:57,183 - Fetching bills at offset 6750, 34.95% of the way done!
2025-02-21 11:02:57,187 - Time elapsed in minutes: 132.85
2025-02-21 11:07:37,436 - Fetching bills at offset 7000, 36.24% of the way done!
2025-02-21 11:07:37,440 - Time elapsed in minutes: 137.52
2025-02-21 11:12:24,844 - Fetching bills at offset 7250, 37.54% of the way done!
2025-02-21 11:12:24,849 - Time elapsed in minutes: 142.31
2025-02-21 11:17:53,005 - Fetching bills at offset 7500, 38.83% of the way done!
2025-02-21 11:17:53,010 - Time elapsed in minutes: 147.78
2025-02-21 11:22:53,419 - Fetching bills at offset 7750, 40.12% of the way done!
2025-02-21 11:22:53,423 - Time elapsed in minutes: 152.78
2025-02-21 11:27:51,002 - Fetching bills at offset 8000, 41.42% of the way done!
2025-02-21 11:27:51,007 - Time elapsed in minutes: 157.74
2025-02-21 11:33:22,822 - Fetching bills at offset 8250, 42.71% of the way done!
2025-02-21 11:33:22,827 - Time elapsed in minutes: 163.27
2025-02-21 11:38:47,679 - Fetching bills at offset 8500, 44.01% of the way done!
2025-02-21 11:38:47,683 - Time elapsed in minutes: 168.69
2025-02-21 11:43:57,734 - Fetching bills at offset 8750, 45.30% of the way done!
2025-02-21 11:43:57,738 - Time elapsed in minutes: 173.86
2025-02-21 11:49:08,568 - Fetching bills at offset 9000, 46.60% of the way done!
2025-02-21 11:49:08,572 - Time elapsed in minutes: 179.04
2025-02-21 11:54:12,442 - Fetching bills at offset 9250, 47.89% of the way done!
2025-02-21 11:54:12,447 - Time elapsed in minutes: 184.10
2025-02-21 11:58:38,962 - Fetching bills at offset 9500, 49.18% of the way done!
2025-02-21 11:58:38,967 - Time elapsed in minutes: 188.54
2025-02-21 12:04:21,227 - Fetching bills at offset 9750, 50.48% of the way done!
2025-02-21 12:04:21,232 - Time elapsed in minutes: 194.25
2025-02-21 12:09:38,707 - Fetching bills at offset 10000, 51.77% of the way done!
2025-02-21 12:09:38,711 - Time elapsed in minutes: 199.54
2025-02-21 12:15:24,649 - Fetching bills at offset 10250, 53.07% of the way done!
2025-02-21 12:15:24,654 - Time elapsed in minutes: 205.30
2025-02-21 12:21:11,911 - Fetching bills at offset 10500, 54.36% of the way done!
2025-02-21 12:21:11,916 - Time elapsed in minutes: 211.09
2025-02-21 12:26:54,961 - Fetching bills at offset 10750, 55.66% of the way done!
2025-02-21 12:26:54,965 - Time elapsed in minutes: 216.81
2025-02-21 12:32:32,923 - Fetching bills at offset 11000, 56.95% of the way done!
2025-02-21 12:32:32,927 - Time elapsed in minutes: 222.44
2025-02-21 12:38:11,550 - Fetching bills at offset 11250, 58.24% of the way done!
2025-02-21 12:38:11,555 - Time elapsed in minutes: 228.09
2025-02-21 12:43:37,714 - Fetching bills at offset 11500, 59.54% of the way done!
2025-02-21 12:43:37,719 - Time elapsed in minutes: 233.52
2025-02-21 12:49:11,670 - Fetching bills at offset 11750, 60.83% of the way done!
2025-02-21 12:49:11,675 - Time elapsed in minutes: 239.09
2025-02-21 12:54:34,659 - Fetching bills at offset 12000, 62.13% of the way done!
2025-02-21 12:54:34,663 - Time elapsed in minutes: 244.47
2025-02-21 12:59:23,503 - Fetching bills at offset 12250, 63.42% of the way done!
2025-02-21 12:59:23,507 - Time elapsed in minutes: 249.28
2025-02-21 13:04:18,662 - Fetching bills at offset 12500, 64.72% of the way done!
2025-02-21 13:04:18,667 - Time elapsed in minutes: 254.20
2025-02-21 13:09:12,373 - Fetching bills at offset 12750, 66.01% of the way done!
2025-02-21 13:09:12,377 - Time elapsed in minutes: 259.10
2025-02-21 13:13:42,415 - Fetching bills at offset 13000, 67.31% of the way done!
2025-02-21 13:13:42,420 - Time elapsed in minutes: 263.60
2025-02-21 13:18:19,778 - Fetching bills at offset 13250, 68.60% of the way done!
2025-02-21 13:18:19,783 - Time elapsed in minutes: 268.22
2025-02-21 13:22:43,638 - Fetching bills at offset 13500, 69.89% of the way done!
2025-02-21 13:22:43,643 - Time elapsed in minutes: 272.62
2025-02-21 13:27:23,548 - Fetching bills at offset 13750, 71.19% of the way done!
2025-02-21 13:27:23,552 - Time elapsed in minutes: 277.29
2025-02-21 13:32:35,346 - Fetching bills at offset 14000, 72.48% of the way done!
2025-02-21 13:32:35,351 - Time elapsed in minutes: 282.48
2025-02-21 13:38:31,992 - Fetching bills at offset 14250, 73.78% of the way done!
2025-02-21 13:38:31,996 - Time elapsed in minutes: 288.43
2025-02-21 13:44:28,565 - Fetching bills at offset 14500, 75.07% of the way done!
2025-02-21 13:44:28,569 - Time elapsed in minutes: 294.37
2025-02-21 13:50:08,151 - Fetching bills at offset 14750, 76.37% of the way done!
2025-02-21 13:50:08,156 - Time elapsed in minutes: 300.03
2025-02-21 13:56:01,640 - Fetching bills at offset 15000, 77.66% of the way done!
2025-02-21 13:56:01,644 - Time elapsed in minutes: 305.92
2025-02-21 14:01:31,416 - Fetching bills at offset 15250, 78.95% of the way done!
2025-02-21 14:01:31,421 - Time elapsed in minutes: 311.42
2025-02-21 14:06:22,215 - Fetching bills at offset 15500, 80.25% of the way done!
2025-02-21 14:06:22,219 - Time elapsed in minutes: 316.26
2025-02-21 14:10:59,552 - Fetching bills at offset 15750, 81.54% of the way done!
2025-02-21 14:10:59,557 - Time elapsed in minutes: 320.89
2025-02-21 14:15:44,049 - Fetching bills at offset 16000, 82.84% of the way done!
2025-02-21 14:15:44,053 - Time elapsed in minutes: 325.63
2025-02-21 14:20:56,329 - Fetching bills at offset 16250, 84.13% of the way done!
2025-02-21 14:20:56,333 - Time elapsed in minutes: 330.83
2025-02-21 14:26:40,245 - Fetching bills at offset 16500, 85.43% of the way done!
2025-02-21 14:26:40,250 - Time elapsed in minutes: 336.56
2025-02-21 14:32:38,393 - Fetching bills at offset 16750, 86.72% of the way done!
2025-02-21 14:32:38,398 - Time elapsed in minutes: 342.53
2025-02-21 14:37:38,372 - Fetching bills at offset 17000, 88.01% of the way done!
2025-02-21 14:37:38,376 - Time elapsed in minutes: 347.53
2025-02-21 14:42:17,281 - Fetching bills at offset 17250, 89.31% of the way done!
2025-02-21 14:42:17,286 - Time elapsed in minutes: 352.18
2025-02-21 14:47:00,376 - Fetching bills at offset 17500, 90.60% of the way done!
2025-02-21 14:47:00,381 - Time elapsed in minutes: 356.90
2025-02-21 14:51:53,246 - Fetching bills at offset 17750, 91.90% of the way done!
2025-02-21 14:51:53,251 - Time elapsed in minutes: 361.78
2025-02-21 14:53:42,356 - Fetching bills at offset 17828, 92.30% of the way done!
2025-02-21 14:53:42,360 - Time elapsed in minutes: 363.60
