/n/home09/michaelzhao/Downloads/topicexpan/myenv/lib/python3.12/site-packages/umap/umap_.py:2462: UserWarning: n_neighbors is larger than the dataset size; truncating to X.shape[0] - 1
  warn(
/n/home09/michaelzhao/Downloads/topicexpan/myenv/lib/python3.12/site-packages/umap/umap_.py:2462: UserWarning: n_neighbors is larger than the dataset size; truncating to X.shape[0] - 1
  warn(
/n/home09/michaelzhao/Downloads/topicexpan/myenv/lib/python3.12/site-packages/umap/umap_.py:2462: UserWarning: n_neighbors is larger than the dataset size; truncating to X.shape[0] - 1
  warn(
/n/home09/michaelzhao/Downloads/topicexpan/myenv/lib/python3.12/site-packages/umap/umap_.py:2462: UserWarning: n_neighbors is larger than the dataset size; truncating to X.shape[0] - 1
  warn(
/n/home09/michaelzhao/Downloads/topicexpan/myenv/lib/python3.12/site-packages/umap/umap_.py:2462: UserWarning: n_neighbors is larger than the dataset size; truncating to X.shape[0] - 1
  warn(
/n/home09/michaelzhao/Downloads/topicexpan/myenv/lib/python3.12/site-packages/umap/umap_.py:2462: UserWarning: n_neighbors is larger than the dataset size; truncating to X.shape[0] - 1
  warn(
/n/home09/michaelzhao/Downloads/topicexpan/myenv/lib/python3.12/site-packages/umap/umap_.py:2462: UserWarning: n_neighbors is larger than the dataset size; truncating to X.shape[0] - 1
  warn(
/n/home09/michaelzhao/Downloads/topicexpan/myenv/lib/python3.12/site-packages/umap/umap_.py:2462: UserWarning: n_neighbors is larger than the dataset size; truncating to X.shape[0] - 1
  warn(
/n/home09/michaelzhao/Downloads/topicexpan/myenv/lib/python3.12/site-packages/umap/umap_.py:2462: UserWarning: n_neighbors is larger than the dataset size; truncating to X.shape[0] - 1
  warn(
/n/home09/michaelzhao/Downloads/topicexpan/myenv/lib/python3.12/site-packages/umap/umap_.py:2462: UserWarning: n_neighbors is larger than the dataset size; truncating to X.shape[0] - 1
  warn(
/n/home09/michaelzhao/Downloads/topicexpan/myenv/lib/python3.12/site-packages/umap/umap_.py:2462: UserWarning: n_neighbors is larger than the dataset size; truncating to X.shape[0] - 1
  warn(
/n/home09/michaelzhao/Downloads/topicexpan/myenv/lib/python3.12/site-packages/umap/umap_.py:2462: UserWarning: n_neighbors is larger than the dataset size; truncating to X.shape[0] - 1
  warn(
/n/home09/michaelzhao/Downloads/topicexpan/myenv/lib/python3.12/site-packages/umap/umap_.py:2462: UserWarning: n_neighbors is larger than the dataset size; truncating to X.shape[0] - 1
  warn(
/n/home09/michaelzhao/Downloads/topicexpan/myenv/lib/python3.12/site-packages/umap/umap_.py:2462: UserWarning: n_neighbors is larger than the dataset size; truncating to X.shape[0] - 1
  warn(
Traceback (most recent call last):
  File "/n/home09/michaelzhao/Downloads/thesis/topic_taxonomy_expansion/viz_tree.py", line 46, in <module>
    dot.node(subtopic2_node_id, subtopic_2)
  File "/n/home09/michaelzhao/Downloads/topicexpan/myenv/lib/python3.12/site-packages/graphviz/_tools.py", line 171, in wrapper
    return func(*args, **kwargs)
           ^^^^^^^^^^^^^^^^^^^^^
  File "/n/home09/michaelzhao/Downloads/topicexpan/myenv/lib/python3.12/site-packages/graphviz/dot.py", line 202, in node
    attr_list = self._attr_list(label, kwargs=attrs, attributes=_attributes)
                ^^^^^^^^^^^^^^^^^^^^^^^^^^^^^^^^^^^^^^^^^^^^^^^^^^^^^^^^^^^^
  File "/n/home09/michaelzhao/Downloads/topicexpan/myenv/lib/python3.12/site-packages/graphviz/_tools.py", line 171, in wrapper
    return func(*args, **kwargs)
           ^^^^^^^^^^^^^^^^^^^^^
  File "/n/home09/michaelzhao/Downloads/topicexpan/myenv/lib/python3.12/site-packages/graphviz/quoting.py", line 152, in attr_list
    content = a_list(label, kwargs=kwargs, attributes=attributes)
              ^^^^^^^^^^^^^^^^^^^^^^^^^^^^^^^^^^^^^^^^^^^^^^^^^^^
  File "/n/home09/michaelzhao/Downloads/topicexpan/myenv/lib/python3.12/site-packages/graphviz/_tools.py", line 171, in wrapper
    return func(*args, **kwargs)
           ^^^^^^^^^^^^^^^^^^^^^
  File "/n/home09/michaelzhao/Downloads/topicexpan/myenv/lib/python3.12/site-packages/graphviz/quoting.py", line 123, in a_list
    result = [f'label={quote(label)}'] if label is not None else []
                       ^^^^^^^^^^^^
  File "/n/home09/michaelzhao/Downloads/topicexpan/myenv/lib/python3.12/site-packages/graphviz/_tools.py", line 171, in wrapper
    return func(*args, **kwargs)
           ^^^^^^^^^^^^^^^^^^^^^
  File "/n/home09/michaelzhao/Downloads/topicexpan/myenv/lib/python3.12/site-packages/graphviz/quoting.py", line 82, in quote
    if is_html_string(identifier) and not isinstance(identifier, NoHtml):
       ^^^^^^^^^^^^^^^^^^^^^^^^^^
TypeError: expected string or bytes-like object, got 'float'
