Regenerated prediction for row 52: 
Regenerated prediction for row 52: 
Regenerated prediction for row 52: 
Regenerated prediction for row 52: 
Regenerated prediction for row 52: 
Failed to regenerate prediction for row 52 after 5 attempts.
Regenerated prediction for row 2365: 
Regenerated prediction for row 2365: 
Regenerated prediction for row 2365: 
Regenerated prediction for row 2365: 
Regenerated prediction for row 2365: 
Failed to regenerate prediction for row 2365 after 5 attempts.
Saved predictions to step_1.csv

Processing parent topic: Government Operations and Politics
Total subtopics: 373
Clusters (excluding noise): 2, Noise points: 13
DBCV Score: 0.464
Weighted DBCV Score: 166.866
UMAP visualization saved for Government Operations and Politics
Documents processed: 373

Processing parent topic: Taxation
Total subtopics: 131
Clusters (excluding noise): 2, Noise points: 27
DBCV Score: 0.412
Weighted DBCV Score: 209.728
UMAP visualization saved for Taxation
Documents processed: 131

Processing parent topic: Environmental Protection
Total subtopics: 98
Clusters (excluding noise): 2, Noise points: 0
DBCV Score: 0.513
Weighted DBCV Score: 260.031
UMAP visualization saved for Environmental Protection
Documents processed: 98

Processing parent topic: Crime and Law Enforcement
Total subtopics: 127
Clusters (excluding noise): 2, Noise points: 11
DBCV Score: 0.476
Weighted DBCV Score: 315.290
UMAP visualization saved for Crime and Law Enforcement
Documents processed: 127

Processing parent topic: Energy
Total subtopics: 687
Clusters (excluding noise): 8, Noise points: 42
DBCV Score: 0.511
Weighted DBCV Score: 645.119
UMAP visualization saved for Energy
Documents processed: 687

Processing parent topic: Law
Total subtopics: 16
Clusters (excluding noise): 0, Noise points: 16
DBCV Score: 0.000
Weighted DBCV Score: 645.119
Documents processed: 16

Processing parent topic: Emergency Management
Total subtopics: 206
Clusters (excluding noise): 2, Noise points: 0
DBCV Score: 0.844
Weighted DBCV Score: 819.029
UMAP visualization saved for Emergency Management
Documents processed: 206

Processing parent topic: Transportation and Public Works
Total subtopics: 273
Clusters (excluding noise): 2, Noise points: 30
DBCV Score: 0.358
Weighted DBCV Score: 906.010
UMAP visualization saved for Transportation and Public Works
Documents processed: 273

Processing parent topic: Commerce
Total subtopics: 111
Clusters (excluding noise): 0, Noise points: 111
DBCV Score: 0.000
Weighted DBCV Score: 906.010
Documents processed: 111

Processing parent topic: Congress
Total subtopics: 7
Clusters (excluding noise): 0, Noise points: 7
DBCV Score: 0.000
Weighted DBCV Score: 906.010
Documents processed: 7

Processing parent topic: Science, Technology, Communications
Total subtopics: 87
Clusters (excluding noise): 2, Noise points: 19
DBCV Score: 0.564
Weighted DBCV Score: 944.390
UMAP visualization saved for Science, Technology, Communications
Documents processed: 87

Processing parent topic: Finance and Financial Sector
Total subtopics: 133
Clusters (excluding noise): 2, Noise points: 22
DBCV Score: 0.393
Weighted DBCV Score: 987.992
UMAP visualization saved for Finance and Financial Sector
Documents processed: 133

Processing parent topic: Education
Total subtopics: 283
Clusters (excluding noise): 2, Noise points: 14
DBCV Score: 0.583
Weighted DBCV Score: 1144.692
UMAP visualization saved for Education
Documents processed: 283

Processing parent topic: Armed Forces and National Security
Total subtopics: 596
Clusters (excluding noise): 2, Noise points: 150
DBCV Score: 0.301
Weighted DBCV Score: 1278.787
UMAP visualization saved for Armed Forces and National Security
Documents processed: 596

Processing parent topic: Health
Total subtopics: 122
Clusters (excluding noise): 2, Noise points: 10
DBCV Score: 0.568
Weighted DBCV Score: 1342.426
UMAP visualization saved for Health
Documents processed: 122

Processing parent topic: Social Welfare
Total subtopics: 2
Too few subtopics, skipping...
Documents processed: 2

Processing parent topic: Public Lands and Natural Resources
Total subtopics: 51
Clusters (excluding noise): 0, Noise points: 51
DBCV Score: 0.000
Weighted DBCV Score: 1342.426
Documents processed: 51

Processing parent topic: Economics and Public Finance
Total subtopics: 2230
Clusters (excluding noise): 28, Noise points: 646
DBCV Score: 0.403
Weighted DBCV Score: 1981.307
UMAP visualization saved for Economics and Public Finance
Documents processed: 2230

Processing parent topic: Native Americans
Total subtopics: 25
Clusters (excluding noise): 0, Noise points: 25
DBCV Score: 0.000
Weighted DBCV Score: 1981.307
Documents processed: 25

Processing parent topic: Agriculture and Food
Total subtopics: 61
Clusters (excluding noise): 0, Noise points: 61
DBCV Score: 0.000
Weighted DBCV Score: 1981.307
Documents processed: 61

Processing parent topic: International Affairs
Total subtopics: 148
Clusters (excluding noise): 0, Noise points: 148
DBCV Score: 0.000
Weighted DBCV Score: 1981.307
Documents processed: 148

Processing parent topic: Labor and Employment
Total subtopics: 42
Clusters (excluding noise): 0, Noise points: 42
DBCV Score: 0.000
Weighted DBCV Score: 1981.307
Documents processed: 42

Processing parent topic: Immigration
Total subtopics: 220
Clusters (excluding noise): 3, Noise points: 0
DBCV Score: 0.547
Weighted DBCV Score: 2101.714
UMAP visualization saved for Immigration
Documents processed: 220

Processing parent topic: Civil Rights and Liberties, Minority Issues
Total subtopics: 2
Too few subtopics, skipping...
Documents processed: 2

Processing parent topic: Foreign Trade and International Finance
Total subtopics: 16
Clusters (excluding noise): 0, Noise points: 16
DBCV Score: 0.000
Weighted DBCV Score: 2101.714
Documents processed: 16

Taxonomy saved to step_2.csv with weighted DBCV score: 2101.714
Total doc count processed: 6047. Original doc count: 6047
Processed 6047 documents.
Saved predictions to step_3.csv

Processing parent topic: Federal Workforce and Governance Reform
Total subtopics: 321
Clusters (excluding noise): 11, Noise points: 56
DBCV Score: 0.489
Weighted DBCV Score: 129.520
UMAP visualization saved for Federal Workforce and Governance Reform
Doc count: 321

Processing parent topic: Misc.
Total subtopics: 13
Too few subtopics or Misc. subtopics, skipping...

Processing parent topic: Censorship and Free Speech Regulation
Total subtopics: 39
Clusters (excluding noise): 2, Noise points: 9
DBCV Score: 0.632
Weighted DBCV Score: 148.466
UMAP visualization saved for Censorship and Free Speech Regulation
Doc count: 39

Processing parent topic: IRS Administration and Tax Compliance
Total subtopics: 55
Clusters (excluding noise): 2, Noise points: 6
DBCV Score: 0.438
Weighted DBCV Score: 169.939
UMAP visualization saved for IRS Administration and Tax Compliance
Doc count: 55

Processing parent topic: Misc.
Total subtopics: 27
Too few subtopics or Misc. subtopics, skipping...

Processing parent topic: Healthcare Taxation and Benefits
Total subtopics: 49
Clusters (excluding noise): 3, Noise points: 0
DBCV Score: 0.732
Weighted DBCV Score: 205.809
UMAP visualization saved for Healthcare Taxation and Benefits
Doc count: 49

Processing parent topic: Environmental Regulations and Policies
Total subtopics: 36
Clusters (excluding noise): 0, Noise points: 36
DBCV Score: 0.000
Weighted DBCV Score: 205.809
Doc count: 36

Processing parent topic: Vehicle Emissions and Regulations
Total subtopics: 62
Clusters (excluding noise): 2, Noise points: 0
DBCV Score: 0.445
Weighted DBCV Score: 233.427
UMAP visualization saved for Vehicle Emissions and Regulations
Doc count: 62

Processing parent topic: Law Enforcement and Public Safety Regulations
Total subtopics: 66
Clusters (excluding noise): 3, Noise points: 6
DBCV Score: 0.703
Weighted DBCV Score: 275.619
UMAP visualization saved for Law Enforcement and Public Safety Regulations
Doc count: 66

Processing parent topic: Drug Policy and Crisis Response
Total subtopics: 50
Clusters (excluding noise): 2, Noise points: 0
DBCV Score: 0.240
Weighted DBCV Score: 287.598
UMAP visualization saved for Drug Policy and Crisis Response
Doc count: 50

Processing parent topic: Misc.
Total subtopics: 11
Too few subtopics or Misc. subtopics, skipping...

Processing parent topic: Strategic Petroleum Reserve Management
Total subtopics: 69
Clusters (excluding noise): 0, Noise points: 69
DBCV Score: 0.000
Weighted DBCV Score: 287.598
Doc count: 69

Processing parent topic: Energy Security and Cybersecurity
Total subtopics: 49
Clusters (excluding noise): 0, Noise points: 49
DBCV Score: 0.000
Weighted DBCV Score: 287.598
Doc count: 49

Processing parent topic: Oil and Gas Policy Regulations
Total subtopics: 305
Clusters (excluding noise): 9, Noise points: 60
DBCV Score: 0.640
Weighted DBCV Score: 444.510
UMAP visualization saved for Oil and Gas Policy Regulations
Doc count: 305

Processing parent topic: Energy Policy and Reform
Total subtopics: 84
Clusters (excluding noise): 2, Noise points: 0
DBCV Score: 0.950
Weighted DBCV Score: 524.340
UMAP visualization saved for Energy Policy and Reform
Doc count: 84

Processing parent topic: Energy Independence Strategies
Total subtopics: 29
Clusters (excluding noise): 0, Noise points: 29
DBCV Score: 0.000
Weighted DBCV Score: 524.340
Doc count: 29

Processing parent topic: Energy Production and Development Strategies
Total subtopics: 41
Clusters (excluding noise): 2, Noise points: 0
DBCV Score: 0.961
Weighted DBCV Score: 563.753
UMAP visualization saved for Energy Production and Development Strategies
Doc count: 41

Processing parent topic: Energy Affordability and Costs
Total subtopics: 35
Clusters (excluding noise): 0, Noise points: 35
DBCV Score: 0.000
Weighted DBCV Score: 563.753
Doc count: 35

Processing parent topic: Misc.
Total subtopics: 42
Too few subtopics or Misc. subtopics, skipping...

Processing parent topic: Clean and Sustainable Energy Solutions
Total subtopics: 33
Clusters (excluding noise): 0, Noise points: 33
DBCV Score: 0.000
Weighted DBCV Score: 563.753
Doc count: 33

Processing parent topic: Misc.
Total subtopics: 16
Too few subtopics or Misc. subtopics, skipping...

Processing parent topic: Disaster Recovery and Resilience Strategies
Total subtopics: 148
Clusters (excluding noise): 6, Noise points: 35
DBCV Score: 0.399
Weighted DBCV Score: 608.872
UMAP visualization saved for Disaster Recovery and Resilience Strategies
Doc count: 148

Processing parent topic: Border Security and Infrastructure Management
Total subtopics: 58
Clusters (excluding noise): 0, Noise points: 58
DBCV Score: 0.000
Weighted DBCV Score: 608.872
Doc count: 58

Processing parent topic: Transportation and Aviation Safety
Total subtopics: 31
Clusters (excluding noise): 0, Noise points: 31
DBCV Score: 0.000
Weighted DBCV Score: 608.872
Doc count: 31

Processing parent topic: Aviation and Maritime Infrastructure Development
Total subtopics: 212
Clusters (excluding noise): 4, Noise points: 29
DBCV Score: 0.346
Weighted DBCV Score: 672.190
UMAP visualization saved for Aviation and Maritime Infrastructure Development
Doc count: 212

Processing parent topic: Misc.
Total subtopics: 30
Too few subtopics or Misc. subtopics, skipping...

Processing parent topic: Misc.
Total subtopics: 111
Too few subtopics or Misc. subtopics, skipping...

Processing parent topic: Misc.
Total subtopics: 7
Too few subtopics or Misc. subtopics, skipping...

Processing parent topic: Remote Sensing and Communication Technologies
Total subtopics: 41
Clusters (excluding noise): 0, Noise points: 41
DBCV Score: 0.000
Weighted DBCV Score: 672.190
Doc count: 41

Processing parent topic: Misc.
Total subtopics: 19
Too few subtopics or Misc. subtopics, skipping...

Processing parent topic: Science and Technology Legislation
Total subtopics: 27
Clusters (excluding noise): 0, Noise points: 27
DBCV Score: 0.000
Weighted DBCV Score: 672.190
Doc count: 27

Processing parent topic: Financial Regulation and Investor Protection
Total subtopics: 83
Clusters (excluding noise): 2, Noise points: 17
DBCV Score: 0.311
Weighted DBCV Score: 692.748
UMAP visualization saved for Financial Regulation and Investor Protection
Doc count: 83

Processing parent topic: Misc.
Total subtopics: 22
Too few subtopics or Misc. subtopics, skipping...

Processing parent topic: Housing Finance and Policy
Total subtopics: 28
Clusters (excluding noise): 2, Noise points: 0
DBCV Score: 0.593
Weighted DBCV Score: 709.357
UMAP visualization saved for Housing Finance and Policy
Doc count: 28

Processing parent topic: Parental Involvement and Education Policy
Total subtopics: 205
Clusters (excluding noise): 6, Noise points: 6
DBCV Score: 0.786
Weighted DBCV Score: 865.754
UMAP visualization saved for Parental Involvement and Education Policy
Doc count: 205

Processing parent topic: Parental and Educational Rights
Total subtopics: 64
Clusters (excluding noise): 0, Noise points: 64
DBCV Score: 0.000
Weighted DBCV Score: 865.754
Doc count: 64

Processing parent topic: Misc.
Total subtopics: 14
Too few subtopics or Misc. subtopics, skipping...

Processing parent topic: Veterans Affairs and Military Support
Total subtopics: 396
Clusters (excluding noise): 12, Noise points: 93
DBCV Score: 0.495
Weighted DBCV Score: 1015.785
UMAP visualization saved for Veterans Affairs and Military Support
Doc count: 396

Processing parent topic: Misc.
Total subtopics: 150
Too few subtopics or Misc. subtopics, skipping...

Processing parent topic: U.S. Support and Assistance to Ukraine
Total subtopics: 50
Clusters (excluding noise): 0, Noise points: 50
DBCV Score: 0.000
Weighted DBCV Score: 1015.785
Doc count: 50

Processing parent topic: Public Health Emergency Management and Reform
Total subtopics: 75
Clusters (excluding noise): 3, Noise points: 4
DBCV Score: 0.620
Weighted DBCV Score: 1059.832
UMAP visualization saved for Public Health Emergency Management and Reform
Doc count: 75

Processing parent topic: COVID-19 Vaccination and Response Policies
Total subtopics: 37
Clusters (excluding noise): 0, Noise points: 37
DBCV Score: 0.000
Weighted DBCV Score: 1059.832
Doc count: 37

Processing parent topic: Misc.
Total subtopics: 10
Too few subtopics or Misc. subtopics, skipping...

Processing parent topic: Misc.
Total subtopics: 2
Too few subtopics or Misc. subtopics, skipping...

Processing parent topic: Misc.
Total subtopics: 51
Too few subtopics or Misc. subtopics, skipping...

Processing parent topic: Fiscal Responsibility and Sustainability
Total subtopics: 35
Clusters (excluding noise): 0, Noise points: 35
DBCV Score: 0.000
Weighted DBCV Score: 1059.832
Doc count: 35

Processing parent topic: Misc.
Total subtopics: 646
Too few subtopics or Misc. subtopics, skipping...

Processing parent topic: Government Spending and Tax Policy
Total subtopics: 99
Clusters (excluding noise): 4, Noise points: 0
DBCV Score: 0.463
Weighted DBCV Score: 1105.622
UMAP visualization saved for Government Spending and Tax Policy
Doc count: 99

Processing parent topic: Debt Ceiling Policy and Legislation
Total subtopics: 42
Clusters (excluding noise): 2, Noise points: 0
DBCV Score: 0.960
Weighted DBCV Score: 1145.929
UMAP visualization saved for Debt Ceiling Policy and Legislation
Doc count: 42

Processing parent topic: Government Oversight and Accountability
Total subtopics: 95
Clusters (excluding noise): 3, Noise points: 10
DBCV Score: 0.586
Weighted DBCV Score: 1195.766
UMAP visualization saved for Government Oversight and Accountability
Doc count: 95

Processing parent topic: Affordable Housing and Living Costs
Total subtopics: 30
Clusters (excluding noise): 2, Noise points: 7
DBCV Score: 0.543
Weighted DBCV Score: 1208.244
UMAP visualization saved for Affordable Housing and Living Costs
Doc count: 30

Processing parent topic: Economic Analysis and Policy Evaluation
Total subtopics: 30
Clusters (excluding noise): 2, Noise points: 0
DBCV Score: 0.932
Weighted DBCV Score: 1236.205
UMAP visualization saved for Economic Analysis and Policy Evaluation
Doc count: 30

Processing parent topic: Regulatory Framework and Financial Oversight
Total subtopics: 104
Clusters (excluding noise): 4, Noise points: 6
DBCV Score: 0.717
Weighted DBCV Score: 1306.461
UMAP visualization saved for Regulatory Framework and Financial Oversight
Doc count: 104

Processing parent topic: Bipartisan Economic Policy and Budgeting
Total subtopics: 29
Clusters (excluding noise): 0, Noise points: 29
DBCV Score: 0.000
Weighted DBCV Score: 1306.461
Doc count: 29

Processing parent topic: Healthcare Funding and Policy Issues
Total subtopics: 127
Clusters (excluding noise): 6, Noise points: 29
DBCV Score: 0.527
Weighted DBCV Score: 1358.059
UMAP visualization saved for Healthcare Funding and Policy Issues
Doc count: 127

Processing parent topic: Energy Policy and Regulation
Total subtopics: 84
Clusters (excluding noise): 3, Noise points: 0
DBCV Score: 0.798
Weighted DBCV Score: 1425.082
UMAP visualization saved for Energy Policy and Regulation
Doc count: 84

Processing parent topic: Infrastructure and Environmental Investments
Total subtopics: 122
Clusters (excluding noise): 4, Noise points: 0
DBCV Score: 0.444
Weighted DBCV Score: 1479.297
UMAP visualization saved for Infrastructure and Environmental Investments
Doc count: 122

Processing parent topic: Veterans' Healthcare and Support Services
Total subtopics: 56
Clusters (excluding noise): 3, Noise points: 0
DBCV Score: 0.951
Weighted DBCV Score: 1532.544
UMAP visualization saved for Veterans' Healthcare and Support Services
Doc count: 56

Processing parent topic: Public Debt and Deficit Management
Total subtopics: 54
Clusters (excluding noise): 2, Noise points: 11
DBCV Score: 0.766
Weighted DBCV Score: 1565.502
UMAP visualization saved for Public Debt and Deficit Management
Doc count: 54

Processing parent topic: Government Funding and Compensation Management
Total subtopics: 68
Clusters (excluding noise): 2, Noise points: 5
DBCV Score: 0.628
Weighted DBCV Score: 1605.049
UMAP visualization saved for Government Funding and Compensation Management
Doc count: 68

Processing parent topic: Government Funding and Budget Adjustments
Total subtopics: 38
Clusters (excluding noise): 0, Noise points: 38
DBCV Score: 0.000
Weighted DBCV Score: 1605.049
Doc count: 38

Processing parent topic: Budget Cuts and Economic Impact
Total subtopics: 32
Clusters (excluding noise): 2, Noise points: 8
DBCV Score: 0.446
Weighted DBCV Score: 1615.760
UMAP visualization saved for Budget Cuts and Economic Impact
Doc count: 32

Processing parent topic: Education Funding and Policy
Total subtopics: 62
Clusters (excluding noise): 2, Noise points: 0
DBCV Score: 0.708
Weighted DBCV Score: 1659.648
UMAP visualization saved for Education Funding and Policy
Doc count: 62

Processing parent topic: Border Security and Economic Impact
Total subtopics: 26
Clusters (excluding noise): 0, Noise points: 26
DBCV Score: 0.000
Weighted DBCV Score: 1659.648
Doc count: 26

Processing parent topic: Foreign Affairs and Aid Funding
Total subtopics: 109
Clusters (excluding noise): 4, Noise points: 10
DBCV Score: 0.788
Weighted DBCV Score: 1737.661
UMAP visualization saved for Foreign Affairs and Aid Funding
Doc count: 109

Processing parent topic: Diversity, Equity, and Inclusion Initiatives
Total subtopics: 31
Clusters (excluding noise): 2, Noise points: 1
DBCV Score: 0.584
Weighted DBCV Score: 1755.175
UMAP visualization saved for Diversity, Equity, and Inclusion Initiatives
Doc count: 31

Processing parent topic: Vaccine Policies and Funding
Total subtopics: 29
Clusters (excluding noise): 0, Noise points: 29
DBCV Score: 0.000
Weighted DBCV Score: 1755.175
Doc count: 29

Processing parent topic: Climate Change Economics and Policy
Total subtopics: 57
Clusters (excluding noise): 0, Noise points: 57
DBCV Score: 0.000
Weighted DBCV Score: 1755.175
Doc count: 57

Processing parent topic: Sanctions and Human Rights Issues
Total subtopics: 29
Clusters (excluding noise): 0, Noise points: 29
DBCV Score: 0.000
Weighted DBCV Score: 1755.175
Doc count: 29

Processing parent topic: Agricultural Policy and Funding Management
Total subtopics: 75
Clusters (excluding noise): 3, Noise points: 0
DBCV Score: 0.887
Weighted DBCV Score: 1821.705
UMAP visualization saved for Agricultural Policy and Funding Management
Doc count: 75

Processing parent topic: Energy Assistance and Efficiency Programs
Total subtopics: 28
Clusters (excluding noise): 0, Noise points: 28
DBCV Score: 0.000
Weighted DBCV Score: 1821.705
Doc count: 28

Processing parent topic: Public Safety Regulations and Standards
Total subtopics: 30
Clusters (excluding noise): 0, Noise points: 30
DBCV Score: 0.000
Weighted DBCV Score: 1821.705
Doc count: 30

Processing parent topic: Migration and Refugee Policy
Total subtopics: 26
Clusters (excluding noise): 0, Noise points: 26
DBCV Score: 0.000
Weighted DBCV Score: 1821.705
Doc count: 26

Processing parent topic: Transportation Funding and Policy
Total subtopics: 37
Clusters (excluding noise): 2, Noise points: 0
DBCV Score: 0.602
Weighted DBCV Score: 1843.989
UMAP visualization saved for Transportation Funding and Policy
Doc count: 37

Processing parent topic: Misc.
Total subtopics: 25
Too few subtopics or Misc. subtopics, skipping...

Processing parent topic: Misc.
Total subtopics: 61
Too few subtopics or Misc. subtopics, skipping...

Processing parent topic: Misc.
Total subtopics: 148
Too few subtopics or Misc. subtopics, skipping...

Processing parent topic: Misc.
Total subtopics: 42
Too few subtopics or Misc. subtopics, skipping...

Processing parent topic: Immigration Policy and Legal Issues
Total subtopics: 56
Clusters (excluding noise): 0, Noise points: 56
DBCV Score: 0.000
Weighted DBCV Score: 1843.989
Doc count: 56

Processing parent topic: Border Security and Immigration Policy
Total subtopics: 116
Clusters (excluding noise): 3, Noise points: 0
DBCV Score: 0.938
Weighted DBCV Score: 1952.783
UMAP visualization saved for Border Security and Immigration Policy
Doc count: 116

Processing parent topic: Immigration Policy and Reform
Total subtopics: 48
Clusters (excluding noise): 0, Noise points: 48
DBCV Score: 0.000
Weighted DBCV Score: 1952.783
Doc count: 48

Processing parent topic: Misc.
Total subtopics: 2
Too few subtopics or Misc. subtopics, skipping...

Processing parent topic: Misc.
Total subtopics: 16
Too few subtopics or Misc. subtopics, skipping...
Total doc count processed: 6047. Original doc count: 6047

Taxonomy saved to step_4.csv with weighted DBCV score: 1952.783
Merged dataset saved successfully with 'target' column added!
