Regenerated prediction for row 6869: 
Regenerated prediction for row 6869: 
Regenerated prediction for row 6869: 
Regenerated prediction for row 6869: 
Regenerated prediction for row 6869: 
Failed to regenerate prediction for row 6869 after 5 attempts.
Regenerated prediction for row 7144: 
Regenerated prediction for row 7144: 
Regenerated prediction for row 7144: 
Regenerated prediction for row 7144: 
Regenerated prediction for row 7144: 
Failed to regenerate prediction for row 7144 after 5 attempts.
Regenerated prediction for row 7875: 
Regenerated prediction for row 7875: 
Regenerated prediction for row 7875: 
Regenerated prediction for row 7875: 
Regenerated prediction for row 7875: 
Failed to regenerate prediction for row 7875 after 5 attempts.
Saved predictions to step_1.csv

Processing parent topic: Government Operations and Politics
Total subtopics: 1087
Clusters (excluding noise): 3, Noise points: 0
DBCV Score: 0.709
Weighted DBCV Score: 770.864
UMAP visualization saved for Government Operations and Politics
Documents processed: 1087

Processing parent topic: Science, Technology, Communications
Total subtopics: 596
Clusters (excluding noise): 6, Noise points: 205
DBCV Score: 0.414
Weighted DBCV Score: 932.763
UMAP visualization saved for Science, Technology, Communications
Documents processed: 596

Processing parent topic: Education
Total subtopics: 128
Clusters (excluding noise): 2, Noise points: 27
DBCV Score: 0.493
Weighted DBCV Score: 982.525
UMAP visualization saved for Education
Documents processed: 128

Processing parent topic: Economics and Public Finance
Total subtopics: 1311
Clusters (excluding noise): 12, Noise points: 338
DBCV Score: 0.425
Weighted DBCV Score: 1396.192
UMAP visualization saved for Economics and Public Finance
Documents processed: 1311

Processing parent topic: Transportation and Public Works
Total subtopics: 425
Clusters (excluding noise): 2, Noise points: 0
DBCV Score: 0.887
Weighted DBCV Score: 1772.982
UMAP visualization saved for Transportation and Public Works
Documents processed: 425

Processing parent topic: Health
Total subtopics: 666
Clusters (excluding noise): 5, Noise points: 50
DBCV Score: 0.418
Weighted DBCV Score: 2030.197
UMAP visualization saved for Health
Documents processed: 666

Processing parent topic: Law
Total subtopics: 150
Clusters (excluding noise): 2, Noise points: 27
DBCV Score: 0.350
Weighted DBCV Score: 2073.199
UMAP visualization saved for Law
Documents processed: 150

Processing parent topic: Immigration
Total subtopics: 281
Clusters (excluding noise): 3, Noise points: 0
DBCV Score: 0.720
Weighted DBCV Score: 2275.571
UMAP visualization saved for Immigration
Documents processed: 281

Processing parent topic: Labor and Employment
Total subtopics: 449
Clusters (excluding noise): 6, Noise points: 1
DBCV Score: 0.734
Weighted DBCV Score: 2604.376
UMAP visualization saved for Labor and Employment
Documents processed: 449

Processing parent topic: Agriculture and Food
Total subtopics: 101
Clusters (excluding noise): 0, Noise points: 101
DBCV Score: 0.000
Weighted DBCV Score: 2604.376
Documents processed: 101

Processing parent topic: Taxation
Total subtopics: 49
Clusters (excluding noise): 0, Noise points: 49
DBCV Score: 0.000
Weighted DBCV Score: 2604.376
Documents processed: 49

Processing parent topic: Crime and Law Enforcement
Total subtopics: 883
Clusters (excluding noise): 8, Noise points: 44
DBCV Score: 0.701
Weighted DBCV Score: 3192.368
UMAP visualization saved for Crime and Law Enforcement
Documents processed: 883

Processing parent topic: International Affairs
Total subtopics: 495
Clusters (excluding noise): 4, Noise points: 190
DBCV Score: 0.353
Weighted DBCV Score: 3299.989
UMAP visualization saved for International Affairs
Documents processed: 495

Processing parent topic: Armed Forces and National Security
Total subtopics: 1182
Clusters (excluding noise): 8, Noise points: 341
DBCV Score: 0.368
Weighted DBCV Score: 3609.286
UMAP visualization saved for Armed Forces and National Security
Documents processed: 1182

Processing parent topic: Congress
Total subtopics: 227
Clusters (excluding noise): 2, Noise points: 125
DBCV Score: 0.178
Weighted DBCV Score: 3627.436
UMAP visualization saved for Congress
Documents processed: 227

Processing parent topic: Finance and Financial Sector
Total subtopics: 290
Clusters (excluding noise): 2, Noise points: 29
DBCV Score: 0.495
Weighted DBCV Score: 3756.600
UMAP visualization saved for Finance and Financial Sector
Documents processed: 290

Processing parent topic: Public Lands and Natural Resources
Total subtopics: 306
Clusters (excluding noise): 2, Noise points: 26
DBCV Score: 0.590
Weighted DBCV Score: 3921.845
UMAP visualization saved for Public Lands and Natural Resources
Documents processed: 306

Processing parent topic: Civil Rights and Liberties, Minority Issues
Total subtopics: 305
Clusters (excluding noise): 2, Noise points: 0
DBCV Score: 0.629
Weighted DBCV Score: 4113.779
UMAP visualization saved for Civil Rights and Liberties, Minority Issues
Documents processed: 305

Processing parent topic: Social Welfare
Total subtopics: 45
Clusters (excluding noise): 0, Noise points: 45
DBCV Score: 0.000
Weighted DBCV Score: 4113.779
Documents processed: 45

Processing parent topic: Energy
Total subtopics: 29
Clusters (excluding noise): 0, Noise points: 29
DBCV Score: 0.000
Weighted DBCV Score: 4113.779
Documents processed: 29

Processing parent topic: Commerce
Total subtopics: 377
Clusters (excluding noise): 3, Noise points: 192
DBCV Score: 0.208
Weighted DBCV Score: 4152.314
UMAP visualization saved for Commerce
Documents processed: 377

Processing parent topic: Families
Total subtopics: 56
Clusters (excluding noise): 0, Noise points: 56
DBCV Score: 0.000
Weighted DBCV Score: 4152.314
Documents processed: 56

Processing parent topic: Environmental Protection
Total subtopics: 151
Clusters (excluding noise): 2, Noise points: 0
DBCV Score: 0.817
Weighted DBCV Score: 4275.615
UMAP visualization saved for Environmental Protection
Documents processed: 151

Processing parent topic: Emergency Management
Total subtopics: 180
Clusters (excluding noise): 2, Noise points: 107
DBCV Score: 0.265
Weighted DBCV Score: 4294.947
UMAP visualization saved for Emergency Management
Documents processed: 180

Processing parent topic: Housing and Community Development
Total subtopics: 27
Clusters (excluding noise): 0, Noise points: 27
DBCV Score: 0.000
Weighted DBCV Score: 4294.947
Documents processed: 27

Processing parent topic: Water Resources Development
Total subtopics: 29
Clusters (excluding noise): 0, Noise points: 29
DBCV Score: 0.000
Weighted DBCV Score: 4294.947
Documents processed: 29

Processing parent topic: Arts, Culture, Religion
Total subtopics: 19
Clusters (excluding noise): 0, Noise points: 19
DBCV Score: 0.000
Weighted DBCV Score: 4294.947
Documents processed: 19

Processing parent topic: Native Americans
Total subtopics: 93
Clusters (excluding noise): 0, Noise points: 93
DBCV Score: 0.000
Weighted DBCV Score: 4294.947
Documents processed: 93

Processing parent topic: Sports and Recreation
Total subtopics: 13
Clusters (excluding noise): 0, Noise points: 13
DBCV Score: 0.000
Weighted DBCV Score: 4294.947
Documents processed: 13

Processing parent topic: Animals
Total subtopics: 41
Clusters (excluding noise): 0, Noise points: 41
DBCV Score: 0.000
Weighted DBCV Score: 4294.947
Documents processed: 41

Processing parent topic: Foreign Trade and International Finance
Total subtopics: 89
Clusters (excluding noise): 0, Noise points: 89
DBCV Score: 0.000
Weighted DBCV Score: 4294.947
Documents processed: 89

Taxonomy saved to step_2.csv with weighted DBCV score: 4294.947
Total doc count processed: 10080. Original doc count: 10080
