Saved predictions to step_1.csv

Processing parent topic: Government Operations and Politics
Total subtopics: 184
Clusters (excluding noise): 5, Noise points: 5
DBCV Score: 0.519
UMAP visualization saved for Government Operations and Politics

Processing parent topic: Taxation
Total subtopics: 58
Clusters (excluding noise): 0, Noise points: 58
DBCV Score: 0.000

Processing parent topic: Crime and Law Enforcement
Total subtopics: 68
Clusters (excluding noise): 2, Noise points: 0
DBCV Score: 0.853
UMAP visualization saved for Crime and Law Enforcement

Processing parent topic: Law
Total subtopics: 5
Too few subtopics, skipping...

Processing parent topic: Emergency Management
Total subtopics: 152
Clusters (excluding noise): 3, Noise points: 33
DBCV Score: 0.407
UMAP visualization saved for Emergency Management

Processing parent topic: Commerce
Total subtopics: 17
Clusters (excluding noise): 0, Noise points: 17
DBCV Score: 0.000

Processing parent topic: Energy
Total subtopics: 447
Clusters (excluding noise): 14, Noise points: 110
DBCV Score: 0.408
UMAP visualization saved for Energy

Processing parent topic: Science, Technology, Communications
Total subtopics: 22
Clusters (excluding noise): 0, Noise points: 22
DBCV Score: 0.000

Processing parent topic: Finance and Financial Sector
Total subtopics: 28
Clusters (excluding noise): 0, Noise points: 28
DBCV Score: 0.000

Processing parent topic: Armed Forces and National Security
Total subtopics: 295
Clusters (excluding noise): 7, Noise points: 74
DBCV Score: 0.456
UMAP visualization saved for Armed Forces and National Security

Processing parent topic: Education
Total subtopics: 122
Clusters (excluding noise): 2, Noise points: 0
DBCV Score: 0.913
UMAP visualization saved for Education

Processing parent topic: Health
Total subtopics: 86
Clusters (excluding noise): 2, Noise points: 0
DBCV Score: 0.669
UMAP visualization saved for Health

Processing parent topic: Social Welfare
Total subtopics: 2
Too few subtopics, skipping...

Processing parent topic: Public Lands and Natural Resources
Total subtopics: 17
Clusters (excluding noise): 0, Noise points: 17
DBCV Score: 0.000

Processing parent topic: Native Americans
Total subtopics: 21
Clusters (excluding noise): 0, Noise points: 21
DBCV Score: 0.000

Processing parent topic: Transportation and Public Works
Total subtopics: 22
Clusters (excluding noise): 0, Noise points: 22
DBCV Score: 0.000

Processing parent topic: Agriculture and Food
Total subtopics: 189
Clusters (excluding noise): 3, Noise points: 78
DBCV Score: 0.224
UMAP visualization saved for Agriculture and Food

Processing parent topic: Labor and Employment
Total subtopics: 24
Clusters (excluding noise): 0, Noise points: 24
DBCV Score: 0.000

Processing parent topic: International Affairs
Total subtopics: 238
Clusters (excluding noise): 5, Noise points: 76
DBCV Score: 0.263
UMAP visualization saved for International Affairs

Processing parent topic: Economics and Public Finance
Total subtopics: 690
Clusters (excluding noise): 16, Noise points: 163
DBCV Score: 0.370
UMAP visualization saved for Economics and Public Finance

Processing parent topic: Environmental Protection
Total subtopics: 29
Clusters (excluding noise): 0, Noise points: 29
DBCV Score: 0.000

Processing parent topic: Immigration
Total subtopics: 58
Clusters (excluding noise): 2, Noise points: 0
DBCV Score: 0.749
UMAP visualization saved for Immigration

Processing parent topic: Civil Rights and Liberties, Minority Issues
Total subtopics: 1
Too few subtopics, skipping...

Processing parent topic: Foreign Trade and International Finance
Total subtopics: 14
Clusters (excluding noise): 0, Noise points: 14
DBCV Score: 0.000

Processing parent topic: Housing and Community Development
Total subtopics: 1
Too few subtopics, skipping...

Taxonomy saved to step_2.csv
Saved predictions to step_3.csv

Processing parent topic: D.C. Statehood and Local Governance
Total subtopics: 51
Clusters (excluding noise): 2, Noise points: 0
DBCV Score: 0.499
UMAP visualization saved for D.C. Statehood and Local Governance

Processing parent topic: Federal Workforce Recruitment and Development
Total subtopics: 12
Clusters (excluding noise): 0, Noise points: 12
DBCV Score: 0.000

Processing parent topic: Government Transparency and Accountability Measures
Total subtopics: 64
Clusters (excluding noise): 2, Noise points: 12
DBCV Score: 0.401
UMAP visualization saved for Government Transparency and Accountability Measures

Processing parent topic: Voting Rights and Representation Issues
Total subtopics: 15
Clusters (excluding noise): 0, Noise points: 15
DBCV Score: 0.000

Processing parent topic: Reproductive Rights and Healthcare Politics
Total subtopics: 18
Clusters (excluding noise): 2, Noise points: 6
DBCV Score: 0.265
UMAP visualization saved for Reproductive Rights and Healthcare Politics

Processing parent topic: Abortion Rights and Legal Protections
Total subtopics: 27
Clusters (excluding noise): 0, Noise points: 27
DBCV Score: 0.000

Processing parent topic: Gun Regulation and Law Enforcement Practices
Total subtopics: 28
Clusters (excluding noise): 2, Noise points: 7
DBCV Score: 0.200
UMAP visualization saved for Gun Regulation and Law Enforcement Practices

Processing parent topic: nan
Total subtopics: 0
Too few subtopics, skipping...

Processing parent topic: Disaster Recovery and Assistance Reform
Total subtopics: 22
Clusters (excluding noise): 0, Noise points: 22
DBCV Score: 0.000

Processing parent topic: Emergency Management Funding Issues
Total subtopics: 37
Clusters (excluding noise): 2, Noise points: 9
DBCV Score: 0.275
UMAP visualization saved for Emergency Management Funding Issues

Processing parent topic: Border Security and Immigration Policy
Total subtopics: 40
Clusters (excluding noise): 2, Noise points: 20
DBCV Score: 0.165
UMAP visualization saved for Border Security and Immigration Policy

Processing parent topic: Strategic Petroleum Reserve Management and Oversight
Total subtopics: 4
Too few subtopics, skipping...

Processing parent topic: Energy Legislation and Amendments
Total subtopics: 23
Clusters (excluding noise): 2, Noise points: 1
DBCV Score: 0.438
UMAP visualization saved for Energy Legislation and Amendments

Processing parent topic: Gas Prices and Energy Policy
Total subtopics: 16
Clusters (excluding noise): 0, Noise points: 16
DBCV Score: 0.000

Processing parent topic: Energy Security and Policy Challenges
Total subtopics: 28
Clusters (excluding noise): 2, Noise points: 0
DBCV Score: 0.585
UMAP visualization saved for Energy Security and Policy Challenges

Processing parent topic: Energy Production and Policy
Total subtopics: 24
Clusters (excluding noise): 2, Noise points: 9
DBCV Score: 0.262
UMAP visualization saved for Energy Production and Policy

Processing parent topic: Energy Independence and Policy Implications
Total subtopics: 21
Clusters (excluding noise): 0, Noise points: 21
DBCV Score: 0.000

Processing parent topic: Energy Policy Analysis and Debate
Total subtopics: 11
Too few subtopics, skipping...

Processing parent topic: Offshore Energy Development Regulations
Total subtopics: 33
Clusters (excluding noise): 3, Noise points: 6
DBCV Score: 0.324
UMAP visualization saved for Offshore Energy Development Regulations

Processing parent topic: Climate Change and Environmental Policy
Total subtopics: 39
Clusters (excluding noise): 2, Noise points: 5
DBCV Score: 0.438
UMAP visualization saved for Climate Change and Environmental Policy

Processing parent topic: Public Lands and Energy Policy
Total subtopics: 10
Too few subtopics, skipping...

Processing parent topic: Energy Transition and Infrastructure Reform
Total subtopics: 24
Clusters (excluding noise): 0, Noise points: 24
DBCV Score: 0.000

Processing parent topic: Water Quality and Environmental Protection
Total subtopics: 10
Too few subtopics, skipping...

Processing parent topic: Gas Stove Regulation and Policy
Total subtopics: 5
Too few subtopics, skipping...

Processing parent topic: China's Influence on Global Energy Resources
Total subtopics: 15
Clusters (excluding noise): 2, Noise points: 3
DBCV Score: 0.476
UMAP visualization saved for China's Influence on Global Energy Resources

Processing parent topic: Defense Funding and Appropriations
Total subtopics: 47
Clusters (excluding noise): 0, Noise points: 47
DBCV Score: 0.000

Processing parent topic: Diversity and Inclusion in the Military
Total subtopics: 27
Clusters (excluding noise): 2, Noise points: 8
DBCV Score: 0.124
UMAP visualization saved for Diversity and Inclusion in the Military

Processing parent topic: Veterans' Health and Support Services
Total subtopics: 18
Clusters (excluding noise): 0, Noise points: 18
DBCV Score: 0.000

Processing parent topic: Military Families and Gender Healthcare Access
Total subtopics: 34
Clusters (excluding noise): 3, Noise points: 11
DBCV Score: 0.235
UMAP visualization saved for Military Families and Gender Healthcare Access

Processing parent topic: Legislative Procedures and National Security
Total subtopics: 32
Clusters (excluding noise): 2, Noise points: 2
DBCV Score: 0.269
UMAP visualization saved for Legislative Procedures and National Security

Processing parent topic: Nuclear Weapons and National Security
Total subtopics: 13
Clusters (excluding noise): 0, Noise points: 13
DBCV Score: 0.000

Processing parent topic: U.S. Support and Funding for Ukraine
Total subtopics: 27
Clusters (excluding noise): 2, Noise points: 4
DBCV Score: 0.532
UMAP visualization saved for U.S. Support and Funding for Ukraine

Processing parent topic: Parental Rights and Education Issues
Total subtopics: 65
Clusters (excluding noise): 5, Noise points: 6
DBCV Score: 0.410
UMAP visualization saved for Parental Rights and Education Issues

Processing parent topic: Women's Sports Participation and Rights
Total subtopics: 19
Clusters (excluding noise): 2, Noise points: 6
DBCV Score: 0.292
UMAP visualization saved for Women's Sports Participation and Rights

Processing parent topic: Public Health Emergency Management and Response
Total subtopics: 71
Clusters (excluding noise): 2, Noise points: 3
DBCV Score: 0.382
UMAP visualization saved for Public Health Emergency Management and Response

Processing parent topic: Substance Use Disorder and Addiction
Total subtopics: 12
Clusters (excluding noise): 0, Noise points: 12
DBCV Score: 0.000

Processing parent topic: nan
Total subtopics: 0
Too few subtopics, skipping...

Processing parent topic: Food Security and Assistance Programs
Total subtopics: 16
Clusters (excluding noise): 0, Noise points: 16
DBCV Score: 0.000

Processing parent topic: Agricultural Funding and Policy Issues
Total subtopics: 53
Clusters (excluding noise): 2, Noise points: 17
DBCV Score: 0.283
UMAP visualization saved for Agricultural Funding and Policy Issues

Processing parent topic: Government Spending and Funding Issues
Total subtopics: 28
Clusters (excluding noise): 2, Noise points: 3
DBCV Score: 0.406
UMAP visualization saved for Government Spending and Funding Issues

Processing parent topic: U.S.-China Technological and Security Relations
Total subtopics: 22
Clusters (excluding noise): 2, Noise points: 8
DBCV Score: 0.279
UMAP visualization saved for U.S.-China Technological and Security Relations

Processing parent topic: International Diplomatic Relations and Support
Total subtopics: 28
Clusters (excluding noise): 2, Noise points: 4
DBCV Score: 0.429
UMAP visualization saved for International Diplomatic Relations and Support

Processing parent topic: International Funding and Assistance Issues
Total subtopics: 51
Clusters (excluding noise): 3, Noise points: 7
DBCV Score: 0.419
UMAP visualization saved for International Funding and Assistance Issues

Processing parent topic: Accountability in International Affairs
Total subtopics: 47
Clusters (excluding noise): 2, Noise points: 4
DBCV Score: 0.303
UMAP visualization saved for Accountability in International Affairs

Processing parent topic: Ukraine Support and International Relations
Total subtopics: 12
Clusters (excluding noise): 0, Noise points: 12
DBCV Score: 0.000

Processing parent topic: Debt Ceiling and Fiscal Policy
Total subtopics: 17
Clusters (excluding noise): 0, Noise points: 17
DBCV Score: 0.000

Processing parent topic: Fiscal Responsibility and Government Funding
Total subtopics: 59
Clusters (excluding noise): 3, Noise points: 16
DBCV Score: 0.388
UMAP visualization saved for Fiscal Responsibility and Government Funding

Processing parent topic: Energy Policy and Economic Impact
Total subtopics: 24
Clusters (excluding noise): 0, Noise points: 24
DBCV Score: 0.000

Processing parent topic: Climate Change and Economic Policy
Total subtopics: 34
Clusters (excluding noise): 2, Noise points: 1
DBCV Score: 0.305
UMAP visualization saved for Climate Change and Economic Policy

Processing parent topic: Child Welfare and Social Policy
Total subtopics: 14
Clusters (excluding noise): 0, Noise points: 14
DBCV Score: 0.000

Processing parent topic: Government Accountability and Transparency Issues
Total subtopics: 17
Clusters (excluding noise): 0, Noise points: 17
DBCV Score: 0.000

Processing parent topic: IRS Funding and Tax Compliance
Total subtopics: 11
Too few subtopics, skipping...

Processing parent topic: Labor Rights and Electoral Politics
Total subtopics: 47
Clusters (excluding noise): 3, Noise points: 16
DBCV Score: 0.172
UMAP visualization saved for Labor Rights and Electoral Politics

Processing parent topic: Healthcare Funding and Regulation
Total subtopics: 13
Clusters (excluding noise): 0, Noise points: 13
DBCV Score: 0.000

Processing parent topic: Border Security and Government Spending
Total subtopics: 18
Clusters (excluding noise): 2, Noise points: 3
DBCV Score: 0.333
UMAP visualization saved for Border Security and Government Spending

Processing parent topic: Funding Cuts in Public Services
Total subtopics: 46
Clusters (excluding noise): 3, Noise points: 11
DBCV Score: 0.329
UMAP visualization saved for Funding Cuts in Public Services

Processing parent topic: International Military and Humanitarian Aid
Total subtopics: 25
Clusters (excluding noise): 2, Noise points: 4
DBCV Score: 0.357
UMAP visualization saved for International Military and Humanitarian Aid

Processing parent topic: Regulatory Oversight and Financial Governance
Total subtopics: 60
Clusters (excluding noise): 2, Noise points: 3
DBCV Score: 0.296
UMAP visualization saved for Regulatory Oversight and Financial Governance

Processing parent topic: Public Safety and Regulation Policies
Total subtopics: 20
Clusters (excluding noise): 2, Noise points: 4
DBCV Score: 0.362
UMAP visualization saved for Public Safety and Regulation Policies

Processing parent topic: Public Health and Vaccine Mandates
Total subtopics: 30
Clusters (excluding noise): 2, Noise points: 6
DBCV Score: 0.436
UMAP visualization saved for Public Health and Vaccine Mandates

Processing parent topic: Healthcare Funding and Research Challenges
Total subtopics: 43
Clusters (excluding noise): 2, Noise points: 13
DBCV Score: 0.109
UMAP visualization saved for Healthcare Funding and Research Challenges

Processing parent topic: Border Security and Immigration Policy
Total subtopics: 28
Clusters (excluding noise): 2, Noise points: 2
DBCV Score: 0.335
UMAP visualization saved for Border Security and Immigration Policy

Processing parent topic: Immigration and Education Policy
Total subtopics: 8
Too few subtopics, skipping...

Processing parent topic: nan
Total subtopics: 0
Too few subtopics, skipping...

Processing parent topic: nan
Total subtopics: 0
Too few subtopics, skipping...

Taxonomy saved to step_4.csv
