Loading and preprocessing data...
Training hLDA model...
Iteration 1/300, Log-likelihood per word: -8.6507
Iteration 2/300, Log-likelihood per word: -8.5769
Iteration 3/300, Log-likelihood per word: -8.5361
Iteration 4/300, Log-likelihood per word: -8.5064
Iteration 5/300, Log-likelihood per word: -8.4590
Iteration 6/300, Log-likelihood per word: -8.3675
Iteration 7/300, Log-likelihood per word: -8.2031
Iteration 8/300, Log-likelihood per word: -7.9812
Iteration 9/300, Log-likelihood per word: -7.7811
Iteration 10/300, Log-likelihood per word: -7.6643
Iteration 11/300, Log-likelihood per word: -7.6050
Iteration 12/300, Log-likelihood per word: -7.5682
Iteration 13/300, Log-likelihood per word: -7.5405
Iteration 14/300, Log-likelihood per word: -7.5186
Iteration 15/300, Log-likelihood per word: -7.5012
Iteration 16/300, Log-likelihood per word: -7.4865
Iteration 17/300, Log-likelihood per word: -7.4740
Iteration 18/300, Log-likelihood per word: -7.4623
Iteration 19/300, Log-likelihood per word: -7.4515
Iteration 20/300, Log-likelihood per word: -7.4420
Iteration 21/300, Log-likelihood per word: -7.4338
Iteration 22/300, Log-likelihood per word: -7.4264
Iteration 23/300, Log-likelihood per word: -7.4199
Iteration 24/300, Log-likelihood per word: -7.4149
Iteration 25/300, Log-likelihood per word: -7.4109
Iteration 26/300, Log-likelihood per word: -7.4079
Iteration 27/300, Log-likelihood per word: -7.4054
Iteration 28/300, Log-likelihood per word: -7.4032
Iteration 29/300, Log-likelihood per word: -7.4016
Iteration 30/300, Log-likelihood per word: -7.3998
Iteration 31/300, Log-likelihood per word: -7.3988
Iteration 32/300, Log-likelihood per word: -7.3975
Iteration 33/300, Log-likelihood per word: -7.3959
Iteration 34/300, Log-likelihood per word: -7.3945
Iteration 35/300, Log-likelihood per word: -7.3934
Iteration 36/300, Log-likelihood per word: -7.3926
Iteration 37/300, Log-likelihood per word: -7.3916
Iteration 38/300, Log-likelihood per word: -7.3906
Iteration 39/300, Log-likelihood per word: -7.3896
Iteration 40/300, Log-likelihood per word: -7.3889
Iteration 41/300, Log-likelihood per word: -7.3881
Iteration 42/300, Log-likelihood per word: -7.3870
Iteration 43/300, Log-likelihood per word: -7.3859
Iteration 44/300, Log-likelihood per word: -7.3851
Iteration 45/300, Log-likelihood per word: -7.3844
Iteration 46/300, Log-likelihood per word: -7.3840
Iteration 47/300, Log-likelihood per word: -7.3834
Iteration 48/300, Log-likelihood per word: -7.3823
Iteration 49/300, Log-likelihood per word: -7.3816
Iteration 50/300, Log-likelihood per word: -7.3807
Iteration 51/300, Log-likelihood per word: -7.3798
Iteration 52/300, Log-likelihood per word: -7.3789
Iteration 53/300, Log-likelihood per word: -7.3781
Iteration 54/300, Log-likelihood per word: -7.3774
Iteration 55/300, Log-likelihood per word: -7.3765
Iteration 56/300, Log-likelihood per word: -7.3756
Iteration 57/300, Log-likelihood per word: -7.3748
Iteration 58/300, Log-likelihood per word: -7.3741
Iteration 59/300, Log-likelihood per word: -7.3735
Iteration 60/300, Log-likelihood per word: -7.3729
Iteration 61/300, Log-likelihood per word: -7.3720
Iteration 62/300, Log-likelihood per word: -7.3716
Iteration 63/300, Log-likelihood per word: -7.3711
Iteration 64/300, Log-likelihood per word: -7.3699
Iteration 65/300, Log-likelihood per word: -7.3691
Iteration 66/300, Log-likelihood per word: -7.3678
Iteration 67/300, Log-likelihood per word: -7.3669
Iteration 68/300, Log-likelihood per word: -7.3661
Iteration 69/300, Log-likelihood per word: -7.3649
Iteration 70/300, Log-likelihood per word: -7.3638
Iteration 71/300, Log-likelihood per word: -7.3631
Iteration 72/300, Log-likelihood per word: -7.3628
Iteration 73/300, Log-likelihood per word: -7.3622
Iteration 74/300, Log-likelihood per word: -7.3615
Iteration 75/300, Log-likelihood per word: -7.3604
Iteration 76/300, Log-likelihood per word: -7.3593
Iteration 77/300, Log-likelihood per word: -7.3584
Iteration 78/300, Log-likelihood per word: -7.3575
Iteration 79/300, Log-likelihood per word: -7.3571
Iteration 80/300, Log-likelihood per word: -7.3560
Iteration 81/300, Log-likelihood per word: -7.3550
Iteration 82/300, Log-likelihood per word: -7.3543
Iteration 83/300, Log-likelihood per word: -7.3536
Iteration 84/300, Log-likelihood per word: -7.3531
Iteration 85/300, Log-likelihood per word: -7.3525
Iteration 86/300, Log-likelihood per word: -7.3519
Iteration 87/300, Log-likelihood per word: -7.3514
Iteration 88/300, Log-likelihood per word: -7.3507
Iteration 89/300, Log-likelihood per word: -7.3503
Iteration 90/300, Log-likelihood per word: -7.3498
Iteration 91/300, Log-likelihood per word: -7.3492
Iteration 92/300, Log-likelihood per word: -7.3490
Iteration 93/300, Log-likelihood per word: -7.3486
Iteration 94/300, Log-likelihood per word: -7.3479
Iteration 95/300, Log-likelihood per word: -7.3473
Iteration 96/300, Log-likelihood per word: -7.3465
Iteration 97/300, Log-likelihood per word: -7.3461
Iteration 98/300, Log-likelihood per word: -7.3454
Iteration 99/300, Log-likelihood per word: -7.3447
Iteration 100/300, Log-likelihood per word: -7.3439
Iteration 101/300, Log-likelihood per word: -7.3432
Iteration 102/300, Log-likelihood per word: -7.3424
Iteration 103/300, Log-likelihood per word: -7.3417
Iteration 104/300, Log-likelihood per word: -7.3408
Iteration 105/300, Log-likelihood per word: -7.3403
Iteration 106/300, Log-likelihood per word: -7.3399
Iteration 107/300, Log-likelihood per word: -7.3391
Iteration 108/300, Log-likelihood per word: -7.3383
Iteration 109/300, Log-likelihood per word: -7.3376
Iteration 110/300, Log-likelihood per word: -7.3371
Iteration 111/300, Log-likelihood per word: -7.3367
Iteration 112/300, Log-likelihood per word: -7.3365
Iteration 113/300, Log-likelihood per word: -7.3363
Iteration 114/300, Log-likelihood per word: -7.3356
Iteration 115/300, Log-likelihood per word: -7.3350
Iteration 116/300, Log-likelihood per word: -7.3343
Iteration 117/300, Log-likelihood per word: -7.3340
Iteration 118/300, Log-likelihood per word: -7.3331
Iteration 119/300, Log-likelihood per word: -7.3323
Iteration 120/300, Log-likelihood per word: -7.3316
Iteration 121/300, Log-likelihood per word: -7.3307
Iteration 122/300, Log-likelihood per word: -7.3299
Iteration 123/300, Log-likelihood per word: -7.3294
Iteration 124/300, Log-likelihood per word: -7.3291
Iteration 125/300, Log-likelihood per word: -7.3285
Iteration 126/300, Log-likelihood per word: -7.3278
Iteration 127/300, Log-likelihood per word: -7.3267
Iteration 128/300, Log-likelihood per word: -7.3255
Iteration 129/300, Log-likelihood per word: -7.3243
Iteration 130/300, Log-likelihood per word: -7.3238
Iteration 131/300, Log-likelihood per word: -7.3234
Iteration 132/300, Log-likelihood per word: -7.3229
Iteration 133/300, Log-likelihood per word: -7.3224
Iteration 134/300, Log-likelihood per word: -7.3222
Iteration 135/300, Log-likelihood per word: -7.3215
Iteration 136/300, Log-likelihood per word: -7.3211
Iteration 137/300, Log-likelihood per word: -7.3205
Iteration 138/300, Log-likelihood per word: -7.3203
Iteration 139/300, Log-likelihood per word: -7.3193
Iteration 140/300, Log-likelihood per word: -7.3184
Iteration 141/300, Log-likelihood per word: -7.3173
Iteration 142/300, Log-likelihood per word: -7.3161
Iteration 143/300, Log-likelihood per word: -7.3147
Iteration 144/300, Log-likelihood per word: -7.3138
Iteration 145/300, Log-likelihood per word: -7.3131
Iteration 146/300, Log-likelihood per word: -7.3123
Iteration 147/300, Log-likelihood per word: -7.3116
Iteration 148/300, Log-likelihood per word: -7.3109
Iteration 149/300, Log-likelihood per word: -7.3098
Iteration 150/300, Log-likelihood per word: -7.3090
Iteration 151/300, Log-likelihood per word: -7.3078
Iteration 152/300, Log-likelihood per word: -7.3069
Iteration 153/300, Log-likelihood per word: -7.3063
Iteration 154/300, Log-likelihood per word: -7.3055
Iteration 155/300, Log-likelihood per word: -7.3047
Iteration 156/300, Log-likelihood per word: -7.3040
Iteration 157/300, Log-likelihood per word: -7.3036
Iteration 158/300, Log-likelihood per word: -7.3030
Iteration 159/300, Log-likelihood per word: -7.3025
Iteration 160/300, Log-likelihood per word: -7.3022
Iteration 161/300, Log-likelihood per word: -7.3019
Iteration 162/300, Log-likelihood per word: -7.3010
Iteration 163/300, Log-likelihood per word: -7.3005
Iteration 164/300, Log-likelihood per word: -7.2998
Iteration 165/300, Log-likelihood per word: -7.2996
Iteration 166/300, Log-likelihood per word: -7.2991
Iteration 167/300, Log-likelihood per word: -7.2986
Iteration 168/300, Log-likelihood per word: -7.2978
Iteration 169/300, Log-likelihood per word: -7.2972
Iteration 170/300, Log-likelihood per word: -7.2962
Iteration 171/300, Log-likelihood per word: -7.2954
Iteration 172/300, Log-likelihood per word: -7.2946
Iteration 173/300, Log-likelihood per word: -7.2941
Iteration 174/300, Log-likelihood per word: -7.2937
Iteration 175/300, Log-likelihood per word: -7.2934
Iteration 176/300, Log-likelihood per word: -7.2929
Iteration 177/300, Log-likelihood per word: -7.2923
Iteration 178/300, Log-likelihood per word: -7.2920
Iteration 179/300, Log-likelihood per word: -7.2916
Iteration 180/300, Log-likelihood per word: -7.2910
Iteration 181/300, Log-likelihood per word: -7.2904
Iteration 182/300, Log-likelihood per word: -7.2901
Iteration 183/300, Log-likelihood per word: -7.2891
Iteration 184/300, Log-likelihood per word: -7.2884
Iteration 185/300, Log-likelihood per word: -7.2879
Iteration 186/300, Log-likelihood per word: -7.2872
Iteration 187/300, Log-likelihood per word: -7.2869
Iteration 188/300, Log-likelihood per word: -7.2862
Iteration 189/300, Log-likelihood per word: -7.2860
Iteration 190/300, Log-likelihood per word: -7.2856
Iteration 191/300, Log-likelihood per word: -7.2853
Iteration 192/300, Log-likelihood per word: -7.2849
Iteration 193/300, Log-likelihood per word: -7.2845
Iteration 194/300, Log-likelihood per word: -7.2841
Iteration 195/300, Log-likelihood per word: -7.2837
Iteration 196/300, Log-likelihood per word: -7.2836
Iteration 197/300, Log-likelihood per word: -7.2832
Iteration 198/300, Log-likelihood per word: -7.2823
Iteration 199/300, Log-likelihood per word: -7.2820
Iteration 200/300, Log-likelihood per word: -7.2817
Iteration 201/300, Log-likelihood per word: -7.2811
Iteration 202/300, Log-likelihood per word: -7.2803
Iteration 203/300, Log-likelihood per word: -7.2798
Iteration 204/300, Log-likelihood per word: -7.2796
Iteration 205/300, Log-likelihood per word: -7.2791
Iteration 206/300, Log-likelihood per word: -7.2788
Iteration 207/300, Log-likelihood per word: -7.2783
Iteration 208/300, Log-likelihood per word: -7.2779
Iteration 209/300, Log-likelihood per word: -7.2776
Iteration 210/300, Log-likelihood per word: -7.2772
Iteration 211/300, Log-likelihood per word: -7.2769
Iteration 212/300, Log-likelihood per word: -7.2767
Iteration 213/300, Log-likelihood per word: -7.2765
Iteration 214/300, Log-likelihood per word: -7.2763
Iteration 215/300, Log-likelihood per word: -7.2761
Iteration 216/300, Log-likelihood per word: -7.2758
Iteration 217/300, Log-likelihood per word: -7.2748
Iteration 218/300, Log-likelihood per word: -7.2741
Iteration 219/300, Log-likelihood per word: -7.2737
Iteration 220/300, Log-likelihood per word: -7.2733
Iteration 221/300, Log-likelihood per word: -7.2729
Iteration 222/300, Log-likelihood per word: -7.2727
Iteration 223/300, Log-likelihood per word: -7.2724
Iteration 224/300, Log-likelihood per word: -7.2719
Iteration 225/300, Log-likelihood per word: -7.2711
Iteration 226/300, Log-likelihood per word: -7.2701
Iteration 227/300, Log-likelihood per word: -7.2695
Iteration 228/300, Log-likelihood per word: -7.2693
Iteration 229/300, Log-likelihood per word: -7.2687
Iteration 230/300, Log-likelihood per word: -7.2684
Iteration 231/300, Log-likelihood per word: -7.2682
Iteration 232/300, Log-likelihood per word: -7.2680
Iteration 233/300, Log-likelihood per word: -7.2676
Iteration 234/300, Log-likelihood per word: -7.2675
Iteration 235/300, Log-likelihood per word: -7.2672
Iteration 236/300, Log-likelihood per word: -7.2667
Iteration 237/300, Log-likelihood per word: -7.2663
Iteration 238/300, Log-likelihood per word: -7.2659
Iteration 239/300, Log-likelihood per word: -7.2657
Iteration 240/300, Log-likelihood per word: -7.2655
Iteration 241/300, Log-likelihood per word: -7.2654
Iteration 242/300, Log-likelihood per word: -7.2654
Iteration 243/300, Log-likelihood per word: -7.2651
Iteration 244/300, Log-likelihood per word: -7.2647
Iteration 245/300, Log-likelihood per word: -7.2638
Iteration 246/300, Log-likelihood per word: -7.2627
Iteration 247/300, Log-likelihood per word: -7.2620
Iteration 248/300, Log-likelihood per word: -7.2619
Iteration 249/300, Log-likelihood per word: -7.2615
Iteration 250/300, Log-likelihood per word: -7.2613
Iteration 251/300, Log-likelihood per word: -7.2610
Iteration 252/300, Log-likelihood per word: -7.2608
Iteration 253/300, Log-likelihood per word: -7.2606
Iteration 254/300, Log-likelihood per word: -7.2603
Iteration 255/300, Log-likelihood per word: -7.2600
Iteration 256/300, Log-likelihood per word: -7.2598
Iteration 257/300, Log-likelihood per word: -7.2598
Iteration 258/300, Log-likelihood per word: -7.2595
Iteration 259/300, Log-likelihood per word: -7.2594
Iteration 260/300, Log-likelihood per word: -7.2591
Iteration 261/300, Log-likelihood per word: -7.2589
Iteration 262/300, Log-likelihood per word: -7.2588
Iteration 263/300, Log-likelihood per word: -7.2586
Iteration 264/300, Log-likelihood per word: -7.2587
Iteration 265/300, Log-likelihood per word: -7.2586
Iteration 266/300, Log-likelihood per word: -7.2583
Iteration 267/300, Log-likelihood per word: -7.2581
Iteration 268/300, Log-likelihood per word: -7.2579
Iteration 269/300, Log-likelihood per word: -7.2579
Iteration 270/300, Log-likelihood per word: -7.2576
Iteration 271/300, Log-likelihood per word: -7.2576
Iteration 272/300, Log-likelihood per word: -7.2573
Iteration 273/300, Log-likelihood per word: -7.2570
Iteration 274/300, Log-likelihood per word: -7.2569
Iteration 275/300, Log-likelihood per word: -7.2571
Iteration 276/300, Log-likelihood per word: -7.2569
Iteration 277/300, Log-likelihood per word: -7.2568
Iteration 278/300, Log-likelihood per word: -7.2565
Iteration 279/300, Log-likelihood per word: -7.2566
Iteration 280/300, Log-likelihood per word: -7.2566
Iteration 281/300, Log-likelihood per word: -7.2566
Iteration 282/300, Log-likelihood per word: -7.2563
Iteration 283/300, Log-likelihood per word: -7.2560
Iteration 284/300, Log-likelihood per word: -7.2562
Iteration 285/300, Log-likelihood per word: -7.2560
Iteration 286/300, Log-likelihood per word: -7.2558
Iteration 287/300, Log-likelihood per word: -7.2557
Iteration 288/300, Log-likelihood per word: -7.2554
Iteration 289/300, Log-likelihood per word: -7.2555
Iteration 290/300, Log-likelihood per word: -7.2555
Iteration 291/300, Log-likelihood per word: -7.2552
Iteration 292/300, Log-likelihood per word: -7.2553
Iteration 293/300, Log-likelihood per word: -7.2551
Iteration 294/300, Log-likelihood per word: -7.2550
Iteration 295/300, Log-likelihood per word: -7.2548
Iteration 296/300, Log-likelihood per word: -7.2544
Iteration 297/300, Log-likelihood per word: -7.2541
Iteration 298/300, Log-likelihood per word: -7.2539
Iteration 299/300, Log-likelihood per word: -7.2538
Iteration 300/300, Log-likelihood per word: -7.2536

Number of topics discovered at each level:
Level 0: 1 topics
Level 1: 81 topics
Level 2: 447 topics
Generating taxonomy from hLDA model...
Taxonomy saved to hlda_taxonomy.csv
Topic words saved to hlda_topic_words.csv
